     1                                          BOOT_LOAD equ 0x7C00
     2                                          ORG BOOT_LOAD
     3                                  
     4                                  ;***********************************************************
     5                                  ;  マクロ
     6                                  ;***********************************************************
     7                                  %include "../include/macro.s"
     1                              <1> %macro cdecl 1-*.nolist
     2                              <1> 
     3                              <1>     %rep %0 - 1
     4                              <1>         push %{-1:-1}
     5                              <1>         %rotate - 1
     6                              <1>     %endrep
     7                              <1>     %rotate - 1
     8                              <1> 
     9                              <1>         call %1
    10                              <1> 
    11                              <1>     %if 1 < %0
    12                              <1>         add sp, (__BITS__ >> 3) * (%0 - 1)
    13                              <1>     %endif
    14                              <1> 
    15                              <1> %endmacro
     8                                  
     9                                  ;***********************************************************
    10                                  ;  エントリポイント
    11                                  ;***********************************************************
    12                                  entry:
    13                                          ;---------------------------------------
    14                                          ; BPB(BIOS Parameter Block)
    15                                          ;---------------------------------------
    16 00000000 EB58                            jmp ipl
    17 00000002 90<rept>                        times 90 - ($ - $$) db 0x90
    18                                  
    19                                          ;---------------------------------------
    20                                          ; IPL(Initial Program Loader)
    21                                          ;---------------------------------------
    22                                  ipl:
    23 0000005A FA                              cli
    24                                  
    25 0000005B B80000                          mov ax, 0x0000
    26 0000005E 8ED8                            mov ds, ax
    27 00000060 8EC0                            mov es, ax
    28 00000062 8ED0                            mov ss, ax
    29 00000064 BC007C                          mov sp, BOOT_LOAD
    30                                  
    31 00000067 FB                              sti
    32                                  
    33 00000068 8816[4801]                      mov [BOOT.DRIVE], dl
    34                                  
    35                                          ;---------------------------------------
    36                                          ; 文字列を表示
    37                                          ;---------------------------------------
    38 0000006C 68[3001]E8D80083C4-             cdecl puts, .s0
    38 00000074 02                 
    39                                  
    40                                          ;---------------------------------------
    41                                          ; 数値を表示
    42                                          ;---------------------------------------
    43 00000075 6A016A0A6A0868-                 cdecl itoa, 8086, .s1, 8, 10, 0b0001
    43 0000007C [3D01]68961FE8E500-
    43 00000084 83C40A             
    44 00000087 68[3D01]E8BD0083C4-             cdecl puts, .s1
    44 0000008F 02                 
    45                                  
    46 00000090 6A036A0A6A0868-                 cdecl itoa, 8086, .s1, 8, 10, 0b0011
    46 00000097 [3D01]68961FE8CA00-
    46 0000009F 83C40A             
    47 000000A2 68[3D01]E8A20083C4-             cdecl puts, .s1
    47 000000AA 02                 
    48                                  
    49 000000AB 6A016A0A6A0868-                 cdecl itoa, -8086, .s1, 8, 10, 0b0001
    49 000000B2 [3D01]686AE0E8AF00-
    49 000000BA 83C40A             
    50 000000BD 68[3D01]E8870083C4-             cdecl puts, .s1
    50 000000C5 02                 
    51                                  
    52 000000C6 6A016A0A6A0868-                 cdecl itoa, -1, .s1, 8, 10, 0b0001
    52 000000CD [3D01]6AFFE8950083-
    52 000000D5 C40A               
    53 000000D7 68[3D01]E86D0083C4-             cdecl puts, .s1
    53 000000DF 02                 
    54                                  
    55 000000E0 6A006A0A6A0868-                 cdecl itoa, -1, .s1, 8, 10, 0b0000
    55 000000E7 [3D01]6AFFE87B0083-
    55 000000EF C40A               
    56 000000F1 68[3D01]E8530083C4-             cdecl puts, .s1
    56 000000F9 02                 
    57                                  
    58 000000FA 6A006A106A0868-                 cdecl itoa, -1, .s1, 8, 16, 0b0000
    58 00000101 [3D01]6AFFE8610083-
    58 00000109 C40A               
    59 0000010B 68[3D01]E8390083C4-             cdecl puts, .s1
    59 00000113 02                 
    60                                  
    61 00000114 6A046A026A0868-                 cdecl itoa, 12, .s1, 8, 2, 0b0100
    61 0000011B [3D01]6A0CE8470083-
    61 00000123 C40A               
    62 00000125 68[3D01]E81F0083C4-             cdecl puts, .s1
    62 0000012D 02                 
    63                                  
    64                                          ;---------------------------------------
    65                                          ; 処理の終了
    66                                          ;---------------------------------------
    67 0000012E EBFE                            jmp $
    68                                  
    69                                          ;---------------------------------------
    70                                          ; データ
    71                                          ;---------------------------------------
    72 00000130 426F6F74696E672E2E-     .s0     db "Booting...", 0x0A, 0x0D, 0
    72 00000139 2E0A0D00           
    73 0000013D 2D2D2D2D2D2D2D2D0A-     .s1     db "--------", 0x0A, 0x0D, 0
    73 00000146 0D00               
    74                                  
    75                                  ALIGN 2, db 0
    76                                  BOOT:
    77 00000148 0000                    .DRIVE: dw 0
    78                                  
    79                                  ;***********************************************************
    80                                  ;  モジュール
    81                                  ;***********************************************************
    82                                  %include "../modules/real/puts.s"
     1                              <1> puts:
     2                              <1>     ; スタックフレームの構築
     3 0000014A 55                  <1>     push bp
     4 0000014B 89E5                <1>     mov bp, sp
     5                              <1>     
     6                              <1>     ; レジスタの保存
     7 0000014D 50                  <1>     push ax
     8 0000014E 53                  <1>     push bx
     9 0000014F 56                  <1>     push si
    10                              <1> 
    11                              <1>     ; 引数を取得
    12 00000150 8B7604              <1>     mov si, [bp + 4] ; SI = 文字列へのアドレス
    13                              <1> 
    14                              <1>     ; 処理の開始
    15 00000153 B40E                <1>     mov ah, 0x0E    ; テレタイプ式1文字出力
    16 00000155 BB0000              <1>     mov bx, 0x0000  ; ページ番号と文字色を0に設定
    17 00000158 FC                  <1>     cld             ; DF = 0; // アドレス加算
    18                              <1> .10L:               ; do
    19                              <1>                     ; {
    20 00000159 AC                  <1>     lodsb           ;   AL = *SI++;
    21                              <1>                     ;
    22 0000015A 3C00                <1>     cmp al, 0       ; if (0 == AL)
    23 0000015C 7404                <1>     je .10E         ;   break;
    24                              <1>                     ;
    25 0000015E CD10                <1>     int 0x10        ; int 10(0x0E, AL); // 文字出力
    26 00000160 EBF7                <1>     jmp .10L        ;
    27                              <1> .10E:               ; } while (1);
    28                              <1> 
    29                              <1>     ; レジスタの復帰
    30 00000162 5E                  <1>     pop si
    31 00000163 5B                  <1>     pop bx
    32 00000164 58                  <1>     pop ax
    33                              <1> 
    34                              <1>     ; スタックフレームの破棄
    35 00000165 89EC                <1>     mov sp, bp
    36 00000167 5D                  <1>     pop bp
    37                              <1> 
    38 00000168 C3                  <1>     ret
    83                                  %include "../modules/real/itoa.s"
     1                              <1> itoa:
     2                              <1>         ; スタックフレームの構築
     3 00000169 55                  <1>         push bp
     4 0000016A 89E5                <1>         mov bp, sp
     5                              <1> 
     6                              <1>         ; レジスタの保存
     7 0000016C 50                  <1>         push ax
     8 0000016D 53                  <1>         push bx
     9 0000016E 51                  <1>         push cx
    10 0000016F 52                  <1>         push dx
    11 00000170 56                  <1>         push si
    12 00000171 57                  <1>         push di
    13                              <1> 
    14                              <1>         ; 引数を取得
    15 00000172 8B4604              <1>         mov ax, [bp + 4]                        ; val = 数値
    16 00000175 8B7606              <1>         mov si, [bp + 6]                        ; dst = バッファアドレス
    17 00000178 8B4E08              <1>         mov cx, [bp + 8]                        ; size = 残りバッファサイズ
    18                              <1> 
    19 0000017B 89F7                <1>         mov di, si
    20 0000017D 01CF                <1>         add di, cx                              ; dst = &dst[size - 1]
    21 0000017F 4F                  <1>         dec di
    22                              <1> 
    23 00000180 8B5E0C              <1>         mov bx, word[bp + 12]                   ; flags = オプション
    24                              <1> 
    25                              <1>         ; 符号付き判定
    26 00000183 F7C30100            <1>         test bx, 0b0001
    27                              <1> .10Q:
    28 00000187 7408                <1>         je .10E
    29 00000189 83F800              <1>         cmp ax, 0
    30                              <1> .12Q:
    31 0000018C 7D03                <1>         jge .12E
    32 0000018E 83CB02              <1>         or bx, 0b0010
    33                              <1> .12E:
    34                              <1> .10E:
    35                              <1> 
    36                              <1>         ; 符号出力判定
    37 00000191 F7C30200            <1>         test bx, 0b0010
    38                              <1> .20Q:
    39 00000195 7410                <1>         je .20E
    40 00000197 83F800              <1>         cmp ax, 0
    41                              <1> .22Q:
    42 0000019A 7D07                <1>         jge .22F
    43 0000019C F7D8                <1>         neg ax
    44 0000019E C6042D              <1>         mov [si], byte '-'
    45 000001A1 EB03                <1>         jmp .22E
    46                              <1> .22F:
    47 000001A3 C6042B              <1>         mov [si], byte '+'
    48                              <1> .22E:
    49 000001A6 49                  <1>         dec cx
    50                              <1> .20E:
    51                              <1> 
    52                              <1>         ; ASCII変換
    53 000001A7 8B5E0A              <1>         mov bx, [bp + 10]
    54                              <1> .30L:
    55 000001AA BA0000              <1>         mov dx, 0
    56 000001AD F7F3                <1>         div bx
    57                              <1> 
    58 000001AF 89D6                <1>         mov si, dx
    59 000001B1 8A94[D901]          <1>         mov dl, byte[.ascii + si]
    60                              <1> 
    61 000001B5 8815                <1>         mov [di], dl
    62 000001B7 4F                  <1>         dec di
    63                              <1> 
    64 000001B8 83F800              <1>         cmp ax, 0
    65 000001BB E0ED                <1>         loopnz .30L
    66                              <1> .30E:
    67                              <1> 
    68                              <1>         ; 空欄を埋める
    69 000001BD 83F900              <1>         cmp cx, 0
    70                              <1> .40Q:
    71 000001C0 740D                <1>         je .40E
    72 000001C2 B020                <1>         mov al, ' '
    73 000001C4 837E0C04            <1>         cmp [bp + 12], word 0b0100
    74                              <1> .42Q:
    75 000001C8 7502                <1>         jne .42E
    76 000001CA B030                <1>         mov al, '0'
    77                              <1> .42E:
    78 000001CC FD                  <1>         std
    79 000001CD F3AA                <1>         rep stosb
    80                              <1> .40E:
    81                              <1> 
    82                              <1>         ; レジスタの復帰
    83 000001CF 5F                  <1>         pop di
    84 000001D0 5E                  <1>         pop si
    85 000001D1 5A                  <1>         pop dx
    86 000001D2 59                  <1>         pop cx
    87 000001D3 5B                  <1>         pop bx
    88 000001D4 58                  <1>         pop ax
    89                              <1> 
    90                              <1>         ; 【スタックフレームの破棄】
    91 000001D5 89EC                <1>         mov sp, bp
    92 000001D7 5D                  <1>         pop bp
    93                              <1> 
    94 000001D8 C3                  <1>         ret
    95                              <1> 
    96 000001D9 303132333435363738- <1> .ascii db "0123456789ABCDEF"
    96 000001E2 39414243444546      <1>
    84                                  
    85                                  ;***********************************************************
    86                                  ;  ブートフラグ(先頭512バイトの終了)
    87                                  ;***********************************************************
    88 000001E9 00<rept>                        times 510 - ($ - $$) db 0x00
    89 000001FE 55AA                            db 0x55, 0xAA
