     1                                  ;***********************************************************
     2                                  ;  マクロ
     3                                  ;***********************************************************
     4                                  %include "../include/define.s"
     1                              <1> BOOT_SIZE equ (1024 * 8)                    ; ブートコードサイズ
     2                              <1> KERNEL_SIZE equ (1024 * 8)                  ; カーネルサイズ
     3                              <1> 
     4                              <1> BOOT_LOAD equ 0x7C00                        ; ブートプログラムのロード位置
     5                              <1> BOOT_END equ (BOOT_LOAD + BOOT_SIZE)
     6                              <1> 
     7                              <1> SECT_SIZE equ (512)                         ; セクタサイズ
     8                              <1> 
     9                              <1> BOOT_SECT equ (BOOT_SIZE / SECT_SIZE)       ; ブートプログラムのセクタ数
    10                              <1> KERNEL_SECT equ (KERNEL_SIZE / SECT_SIZE)
    11                              <1> 
    12                              <1> E820_RECORD_SIZE equ 20
    13                              <1> 
    14                              <1> KERNEL_LOAD equ 0x0010_1000
    15                              <1> 
    16                              <1> VECT_BASE equ 0x0010_0000
     5                                  %include "../include/macro.s"
     1                              <1> %macro cdecl 1-*.nolist
     2                              <1> 
     3                              <1>     %rep %0 - 1
     4                              <1>         push %{-1:-1}
     5                              <1>         %rotate - 1
     6                              <1>     %endrep
     7                              <1>     %rotate - 1
     8                              <1> 
     9                              <1>         call %1
    10                              <1> 
    11                              <1>     %if 1 < %0
    12                              <1>         add sp, (__BITS__ >> 3) * (%0 - 1)
    13                              <1>     %endif
    14                              <1> 
    15                              <1> %endmacro
    16                              <1> 
    17                              <1> %macro set_vect 1-*.nolist
    18                              <1>         push eax
    19                              <1>         push edi
    20                              <1> 
    21                              <1>         mov edi, VECT_BASE + (%1 * 8)
    22                              <1>         mov eax, %2
    23                              <1> 
    24                              <1> 	%if 3 == %0
    25                              <1> 		mov [edi + 4], %3
    26                              <1> 	%endif
    27                              <1> 
    28                              <1>         mov [edi + 0], ax
    29                              <1>         shr eax, 16
    30                              <1>         mov [edi + 6], ax
    31                              <1> 
    32                              <1>         pop edi
    33                              <1>         pop eax
    34                              <1> %endmacro
    35                              <1> 
    36                              <1> %macro outp 2
    37                              <1>         mov al, %2
    38                              <1>         out %1, al
    39                              <1> %endmacro
    40                              <1> 
    41                              <1> struc drive
    42 00000000 <res 00000002>      <1>     .no resw 1      ; ドライブ番号
    43 00000002 <res 00000002>      <1>     .cyln resw 1    ; シリンダ
    44 00000004 <res 00000002>      <1>     .head resw 1    ; ヘッド
    45 00000006 <res 00000002>      <1>     .sect resw 1    ; セクタ
    46                              <1> endstruc
     6                                  
     7                                          ORG KERNEL_LOAD
     8                                  
     9                                  [BITS 32]
    10                                  ;***********************************************************
    11                                  ;  エントリポイント
    12                                  ;***********************************************************
    13                                  kernel:
    14                                          ;------------------------------------------
    15                                          ; フォントアドレスを取得
    16                                          ;------------------------------------------
    17 00000000 BE007E0000                      mov esi, BOOT_LOAD + SECT_SIZE
    18 00000005 0FB706                          movzx eax, word[esi + 0]
    19 00000008 0FB75E02                        movzx ebx, word[esi + 2]
    20 0000000C C1E004                          shl eax, 4
    21 0000000F 01D8                            add eax, ebx
    22 00000011 A3[C4000000]                    mov [FONT_ADR], eax
    23                                  
    24                                          ;------------------------------------------
    25                                          ; 初期化
    26                                          ;------------------------------------------
    27 00000016 E8A7060000                      cdecl init_int                                  ; // 割り込みベクタの初期化
    28 0000001B E827080000                      cdecl init_pic                                  ; // 割り込みコントローラの初期化
    29                                  
    30 00000020 5057BF00001000B8-               set_vect 0x00, int_zero_div                     ; // 割り込み処理の登録: 0徐算
    30 00000028 [29080000]668907C1-
    30 00000030 E810668947065F58   
    31 00000038 5057BF40011000B8-               set_vect 0x28, int_rtc                          ; // 割り込み処理の登録: RTC
    31 00000040 [72080000]668907C1-
    31 00000048 E810668947065F58   
    32                                  
    33                                          ;------------------------------------------
    34                                          ; デバイスの割り込み許可
    35                                          ;------------------------------------------
    36 00000050 6A10E8440800006683-             cdecl rtc_int_en, 0x10                         ; rtc_int_en(UIE); // 更新サイクル終了割り込み許可
    36 00000059 C404               
    37                                  
    38                                          ;------------------------------------------
    39                                          ; IMR(割り込みマスクレジスタ)の設定
    40                                          ;------------------------------------------
    41                                          outp 0x21, 0b1111_1011                          ; // 割り込み有効: スレーブPIC
    41 0000005B B0FB                <1>  mov al, %2
    41 0000005D E621                <1>  out %1, al
    42                                          outp 0xA1, 0b1111_1110                          ; // 割り込み有効: RTC
    42 0000005F B0FE                <1>  mov al, %2
    42 00000061 E6A1                <1>  out %1, al
    43                                  
    44                                          ;------------------------------------------
    45                                          ; CPUの割り込み許可
    46                                          ;------------------------------------------
    47 00000063 FB                              sti                                             ; // 割り込み許可
    48                                  
    49                                          ;------------------------------------------
    50                                          ; フォントの一覧表示
    51                                          ;------------------------------------------
    52 00000064 6A0D6A3FE8DB010000-             cdecl draw_font, 63, 13
    52 0000006D 6683C408           
    53 00000071 6A046A3FE85C020000-             cdecl draw_color_bar, 63, 4
    53 0000007A 6683C408           
    54                                  
    55                                          ;------------------------------------------
    56                                          ; 文字列を描画
    57                                          ;------------------------------------------
    58 0000007E 68[B1000000]680F01-             cdecl draw_str, 25, 14, 0x010F, .s0
    58 00000086 00006A0E6A19E8FC01-
    58 0000008F 00006683C410       
    59                                  
    60                                          ;------------------------------------------
    61                                          ; 時刻の表示
    62                                          ;------------------------------------------
    63                                  .10L:
    64 00000095 A1[C8000000]                    mov eax, [RTC_TIME]
    65 0000009A 5068000700006A006A-             cdecl draw_time, 72, 0, 0x0700, eax
    65 000000A3 48E89D0500006683C4-
    65 000000AC 10                 
    66 000000AD EBE6                            jmp .10L
    67                                  
    68                                          ;------------------------------------------
    69                                          ; 処理の終了
    70                                          ;------------------------------------------
    71 000000AF EBFE                            jmp $
    72                                  
    73 000000B1 2048656C6C6F2C206B-     .s0:    db " Hello, kernel! ", 0
    73 000000BA 65726E656C212000   
    74                                  
    75 000000C2 00<rept>                ALIGN 4, db 0
    76 000000C4 00000000                FONT_ADR: dd 0
    77 000000C8 00000000                RTC_TIME: dd 0
    78                                  
    79                                  ;***********************************************************
    80                                  ;  モジュール
    81                                  ;***********************************************************
    82                                  %include "../modules/protect/vga.s"
     1                              <1> vga_set_read_plane:
     2                              <1>         ;-----------------------------------------
     3                              <1>         ; 【スタックフレームの構築】
     4                              <1>         ;-----------------------------------------
     5 000000CC 55                  <1>         push ebp
     6 000000CD 89E5                <1>         mov ebp, esp
     7                              <1> 
     8                              <1>         ;-----------------------------------------
     9                              <1>         ; 【レジスタの保存】
    10                              <1>         ;-----------------------------------------
    11 000000CF 50                  <1>         push eax
    12 000000D0 52                  <1>         push edx
    13                              <1> 
    14                              <1>         ;-----------------------------------------
    15                              <1>         ; 読み込みプレーンの選択
    16                              <1>         ;-----------------------------------------
    17 000000D1 8A6508              <1>         mov ah, [ebp + 8]
    18 000000D4 80E403              <1>         and ah, 0x03
    19 000000D7 B004                <1>         mov al, 0x04
    20 000000D9 66BACE03            <1>         mov dx, 0x03CE
    21 000000DD 66EF                <1>         out dx, ax
    22                              <1> 
    23                              <1>         ;-----------------------------------------
    24                              <1>         ; 【レジスタの復帰】
    25                              <1>         ;-----------------------------------------
    26 000000DF 5A                  <1>         pop edx
    27 000000E0 58                  <1>         pop eax
    28                              <1> 
    29                              <1>         ;-----------------------------------------
    30                              <1>         ; 【スタックフレームの破棄】
    31                              <1>         ;-----------------------------------------
    32 000000E1 89EC                <1>         mov esp, ebp
    33 000000E3 5D                  <1>         pop ebp
    34                              <1> 
    35 000000E4 C3                  <1>         ret
    36                              <1> 
    37                              <1> vga_set_write_plane:
    38                              <1>         ;-----------------------------------------
    39                              <1>         ; 【スタックフレームの構築】
    40                              <1>         ;-----------------------------------------
    41 000000E5 55                  <1>         push ebp
    42 000000E6 89E5                <1>         mov ebp, esp
    43                              <1> 
    44                              <1>         ;-----------------------------------------
    45                              <1>         ; 【レジスタの保存】
    46                              <1>         ;-----------------------------------------
    47 000000E8 50                  <1>         push eax
    48 000000E9 52                  <1>         push edx
    49                              <1> 
    50                              <1>         ;-----------------------------------------
    51                              <1>         ; 書き込みプレーンの選択
    52                              <1>         ;-----------------------------------------
    53 000000EA 8A6508              <1>         mov ah, [ebp + 8]
    54 000000ED 80E40F              <1>         and ah, 0x0F
    55 000000F0 B002                <1>         mov al, 0x02
    56 000000F2 66BAC403            <1>         mov dx, 0x03C4
    57 000000F6 66EF                <1>         out dx, ax
    58                              <1> 
    59                              <1>         ;-----------------------------------------
    60                              <1>         ; 【レジスタの復帰】
    61                              <1>         ;-----------------------------------------
    62 000000F8 5A                  <1>         pop edx
    63 000000F9 58                  <1>         pop eax
    64                              <1> 
    65                              <1>         ;-----------------------------------------
    66                              <1>         ; 【スタックフレームの破棄】
    67                              <1>         ;-----------------------------------------
    68 000000FA 89EC                <1>         mov esp, ebp
    69 000000FC 5D                  <1>         pop ebp
    70                              <1> 
    71 000000FD C3                  <1>         ret
    72                              <1> 
    73                              <1> vram_font_copy:
    74                              <1>         ;-----------------------------------------
    75                              <1>         ; 【スタックフレームの構築】
    76                              <1>         ;-----------------------------------------
    77 000000FE 55                  <1>         push ebp
    78 000000FF 89E5                <1>         mov ebp, esp
    79                              <1> 
    80                              <1>         ;-----------------------------------------
    81                              <1>         ; 【レジスタの保存】
    82                              <1>         ;-----------------------------------------
    83 00000101 50                  <1>         push eax
    84 00000102 53                  <1>         push ebx
    85 00000103 51                  <1>         push ecx
    86 00000104 52                  <1>         push edx
    87 00000105 56                  <1>         push esi
    88 00000106 57                  <1>         push edi
    89                              <1> 
    90                              <1>         ;-----------------------------------------
    91                              <1>         ; マスクデータの作成
    92                              <1>         ;-----------------------------------------
    93 00000107 8B7508              <1>         mov esi, [ebp + 8]
    94 0000010A 8B7D0C              <1>         mov edi, [ebp + 12]
    95 0000010D 0FB64510            <1>         movzx eax, byte [ebp + 16]
    96 00000111 0FB75D14            <1>         movzx ebx, word [ebp + 20]
    97                              <1> 
    98 00000115 84C7                <1>         test bh, al
    99 00000117 0F94C6              <1>         setz dh
   100 0000011A FECE                <1>         dec dh
   101                              <1> 
   102 0000011C 84C3                <1>         test bl, al
   103 0000011E 0F94C2              <1>         setz dl
   104 00000121 FECA                <1>         dec dl
   105                              <1> 
   106                              <1>         ;-----------------------------------------
   107                              <1>         ; 16ドットフォントのコピー
   108                              <1>         ;-----------------------------------------
   109 00000123 FC                  <1>         cld
   110                              <1> 
   111 00000124 B910000000          <1>         mov ecx, 16
   112                              <1> .10L:
   113                              <1> 
   114                              <1>         ;-----------------------------------------
   115                              <1>         ; フォントマスクの作成
   116                              <1>         ;-----------------------------------------
   117 00000129 AC                  <1>         lodsb
   118 0000012A 88C4                <1>         mov ah, al
   119 0000012C F6D4                <1>         not ah
   120                              <1> 
   121                              <1>         ;-----------------------------------------
   122                              <1>         ; 前景色
   123                              <1>         ;-----------------------------------------
   124 0000012E 20D0                <1>         and al, dl
   125                              <1> 
   126                              <1>         ;-----------------------------------------
   127                              <1>         ; 背景色
   128                              <1>         ;-----------------------------------------
   129 00000130 F7C310000000        <1>         test ebx, 0x0010
   130 00000136 7404                <1>         jz .11F
   131 00000138 2227                <1>         and ah, [edi]
   132 0000013A EB02                <1>         jmp .11E
   133                              <1> .11F:
   134 0000013C 20F4                <1>         and ah, dh
   135                              <1> .11E:
   136                              <1> 
   137                              <1>         ;-----------------------------------------
   138                              <1>         ; 前景色と背景色をコピー
   139                              <1>         ;-----------------------------------------
   140 0000013E 08E0                <1>         or al, ah
   141                              <1> 
   142                              <1>         ;-----------------------------------------
   143                              <1>         ; 新しい値を出力
   144                              <1>         ;-----------------------------------------
   145 00000140 8807                <1>         mov [edi], al
   146                              <1> 
   147 00000142 83C750              <1>         add edi, 80
   148 00000145 E2E2                <1>         loop .10L
   149                              <1> .10E:
   150                              <1> 
   151                              <1>         ;-----------------------------------------
   152                              <1>         ; 【レジスタの復帰】
   153                              <1>         ;-----------------------------------------
   154 00000147 5F                  <1>         pop edi
   155 00000148 5E                  <1>         pop esi
   156 00000149 5A                  <1>         pop edx
   157 0000014A 59                  <1>         pop ecx
   158 0000014B 5B                  <1>         pop ebx
   159 0000014C 58                  <1>         pop eax
   160                              <1> 
   161                              <1>         ;-----------------------------------------
   162                              <1>         ; 【スタックフレームの破棄】
   163                              <1>         ;-----------------------------------------
   164 0000014D 89EC                <1>         mov esp, ebp
   165 0000014F 5D                  <1>         pop ebp
   166                              <1> 
   167 00000150 C3                  <1>         ret
   168                              <1> 
   169                              <1> vram_bit_copy:
   170                              <1>         ;-----------------------------------------
   171                              <1>         ; 【スタックフレームの構築】
   172                              <1>         ;-----------------------------------------
   173 00000151 55                  <1>         push ebp
   174 00000152 89E5                <1>         mov ebp, esp
   175                              <1> 
   176                              <1>         ;-----------------------------------------
   177                              <1>         ; 【レジスタの保存】
   178                              <1>         ;-----------------------------------------
   179 00000154 50                  <1>         push eax
   180 00000155 53                  <1>         push ebx
   181 00000156 57                  <1>         push edi
   182                              <1> 
   183                              <1>         ;-----------------------------------------
   184                              <1>         ; ビットのコピー
   185                              <1>         ;-----------------------------------------
   186 00000157 8B7D0C              <1>         mov edi, [ebp + 12]
   187 0000015A 0FB64510            <1>         movzx eax, byte [ebp + 16]
   188 0000015E 0FB75D14            <1>         movzx ebx, word [ebp + 20]
   189                              <1> 
   190 00000162 84C3                <1>         test bl, al
   191 00000164 0F94C3              <1>         setz bl
   192 00000167 FECB                <1>         dec bl
   193                              <1> 
   194                              <1>         ;-----------------------------------------
   195                              <1>         ; 反転処理
   196                              <1>         ;-----------------------------------------
   197 00000169 8A4508              <1>         mov al, [ebp + 8]
   198 0000016C 88C4                <1>         mov ah, al
   199 0000016E F6D4                <1>         not ah
   200                              <1> 
   201                              <1>         ;-----------------------------------------
   202                              <1>         ; 描画処理
   203                              <1>         ;-----------------------------------------
   204 00000170 2227                <1>         and ah, [edi]
   205 00000172 20D8                <1>         and al, bl
   206 00000174 08E0                <1>         or al, ah
   207 00000176 8807                <1>         mov [edi], al
   208                              <1> 
   209                              <1>         ;-----------------------------------------
   210                              <1>         ; 【レジスタの復帰】
   211                              <1>         ;-----------------------------------------
   212 00000178 5F                  <1>         pop edi
   213 00000179 5B                  <1>         pop ebx
   214 0000017A 58                  <1>         pop eax
   215                              <1> 
   216                              <1>         ;-----------------------------------------
   217                              <1>         ; 【スタックフレームの破棄】
   218                              <1>         ;-----------------------------------------
   219 0000017B 89EC                <1>         mov esp, ebp
   220 0000017D 5D                  <1>         pop ebp
   221                              <1> 
   222 0000017E C3                  <1>         ret
    83                                  %include "../modules/protect/draw_char.s"
     1                              <1> draw_char:
     2                              <1>         ;-----------------------------------------
     3                              <1>         ; 【スタックフレームの構築】
     4                              <1>         ;-----------------------------------------
     5 0000017F 55                  <1>         push ebp
     6 00000180 89E5                <1>         mov ebp, esp
     7                              <1> 
     8                              <1>         ;-----------------------------------------
     9                              <1>         ; 【レジスタの保存】
    10                              <1>         ;-----------------------------------------
    11 00000182 50                  <1>         push eax
    12 00000183 53                  <1>         push ebx
    13 00000184 51                  <1>         push ecx
    14 00000185 52                  <1>         push edx
    15 00000186 56                  <1>         push esi
    16 00000187 57                  <1>         push edi
    17                              <1> 
    18                              <1>         ;-----------------------------------------
    19                              <1>         ; テストアンドセット
    20                              <1>         ;-----------------------------------------
    21                              <1> %ifdef	USE_TEST_AND_SET
    22                              <1>         cdecl test_and_set, IN_USE
    23                              <1> %endif
    24                              <1> 
    25                              <1>         ;-----------------------------------------
    26                              <1>         ; コピー元フォントアドレスを設定
    27                              <1>         ;-----------------------------------------
    28 00000188 0FB67514            <1>         movzx esi, byte [ebp + 20]
    29 0000018C C1E604              <1>         shl esi, 4
    30 0000018F 0335[C4000000]      <1>         add esi, [FONT_ADR]
    31                              <1> 
    32                              <1>         ;-----------------------------------------
    33                              <1>         ; コピー先アドレスを取得
    34                              <1>         ; Adr = 0xA0000 + (640 / 8 * 16) * y + x
    35                              <1>         ;-----------------------------------------
    36 00000195 8B7D0C              <1>         mov edi, [ebp + 12]
    37 00000198 C1E708              <1>         shl edi, 8
    38 0000019B 8DBCBF00000A00      <1>         lea edi, [edi * 4 + edi + 0xA0000]
    39 000001A2 037D08              <1>         add edi, [ebp + 8]
    40                              <1> 
    41                              <1>         ;-----------------------------------------
    42                              <1>         ; 1文字分のフォントを出力
    43                              <1>         ;-----------------------------------------
    44 000001A5 0FB75D10            <1>         movzx ebx, word[ebp + 16]
    45                              <1> 
    46 000001A9 6A03E81CFFFFFF6683- <1>         cdecl vga_set_read_plane, 0x03
    46 000001B2 C404                <1>
    47 000001B4 6A08E82AFFFFFF6683- <1>         cdecl vga_set_write_plane, 0x08
    47 000001BD C404                <1>
    48 000001BF 536A085756E835FFFF- <1>         cdecl vram_font_copy, esi, edi, 0x08, ebx
    48 000001C8 FF6683C410          <1>
    49                              <1> 
    50 000001CD 6A02E8F8FEFFFF6683- <1>         cdecl vga_set_read_plane, 0x02
    50 000001D6 C404                <1>
    51 000001D8 6A04E806FFFFFF6683- <1>         cdecl vga_set_write_plane, 0x04
    51 000001E1 C404                <1>
    52 000001E3 536A045756E811FFFF- <1>         cdecl vram_font_copy, esi, edi, 0x04, ebx
    52 000001EC FF6683C410          <1>
    53                              <1> 
    54 000001F1 6A01E8D4FEFFFF6683- <1>         cdecl vga_set_read_plane, 0x01
    54 000001FA C404                <1>
    55 000001FC 6A02E8E2FEFFFF6683- <1>         cdecl vga_set_write_plane, 0x02
    55 00000205 C404                <1>
    56 00000207 536A025756E8EDFEFF- <1>         cdecl vram_font_copy, esi, edi, 0x02, ebx
    56 00000210 FF6683C410          <1>
    57                              <1> 
    58 00000215 6A00E8B0FEFFFF6683- <1>         cdecl vga_set_read_plane, 0x00
    58 0000021E C404                <1>
    59 00000220 6A01E8BEFEFFFF6683- <1>         cdecl vga_set_write_plane, 0x01
    59 00000229 C404                <1>
    60 0000022B 536A015756E8C9FEFF- <1>         cdecl vram_font_copy, esi, edi, 0x01, ebx
    60 00000234 FF6683C410          <1>
    61                              <1> 
    62                              <1>         ;-----------------------------------------
    63                              <1>         ; 変数のクリア
    64                              <1>         ;-----------------------------------------
    65                              <1> %ifdef	USE_TEST_AND_SET
    66                              <1>         mov [IN_USE], dword 0
    67                              <1> %endif
    68                              <1> 
    69                              <1>         ;-----------------------------------------
    70                              <1>         ; 【レジスタの復帰】
    71                              <1>         ;-----------------------------------------
    72 00000239 5F                  <1>         pop edi
    73 0000023A 5E                  <1>         pop esi
    74 0000023B 5A                  <1>         pop edx
    75 0000023C 59                  <1>         pop ecx
    76 0000023D 5B                  <1>         pop ebx
    77 0000023E 58                  <1>         pop eax
    78                              <1> 
    79                              <1>         ;-----------------------------------------
    80                              <1>         ; 【スタックフレームの破棄】
    81                              <1>         ;-----------------------------------------
    82 0000023F 89EC                <1>         mov esp, ebp
    83 00000241 5D                  <1>         pop ebp
    84                              <1> 
    85 00000242 C3                  <1>         ret
    86                              <1> 
    87 00000243 00                  <1> ALIGN 4, db 0
    88 00000244 00000000            <1> IN_USE:	dd 0
    84                                  %include "../modules/protect/draw_font.s"
     1                              <1> draw_font:
     2                              <1>         ;-----------------------------------------
     3                              <1>         ; 【スタックフレームの構築】
     4                              <1>         ;-----------------------------------------
     5 00000248 55                  <1>         push ebp
     6 00000249 89E5                <1>         mov ebp, esp
     7                              <1> 
     8                              <1>         ;-----------------------------------------
     9                              <1>         ; 【レジスタの保存】
    10                              <1>         ;-----------------------------------------
    11 0000024B 50                  <1>         push eax
    12 0000024C 53                  <1>         push ebx
    13 0000024D 51                  <1>         push ecx
    14 0000024E 52                  <1>         push edx
    15 0000024F 56                  <1>         push esi
    16 00000250 57                  <1>         push edi
    17                              <1> 
    18                              <1>         ;-----------------------------------------
    19                              <1>         ; 基準となる位置をレジスタに保存
    20                              <1>         ;-----------------------------------------
    21 00000251 8B7508              <1>         mov esi, [ebp + 8]
    22 00000254 8B7D0C              <1>         mov edi, [ebp + 12]
    23                              <1> 
    24                              <1>         ;-----------------------------------------
    25                              <1>         ; フォントを一覧表示する
    26                              <1>         ;-----------------------------------------
    27 00000257 B900000000          <1>         mov ecx, 0
    28                              <1> .10L:
    29 0000025C 81F900010000        <1>         cmp ecx, 256
    30 00000262 731F                <1>         jae .10E
    31                              <1> 
    32 00000264 89C8                <1>         mov eax, ecx
    33 00000266 83E00F              <1>         and eax, 0x0F
    34 00000269 01F0                <1>         add eax, esi
    35                              <1> 
    36 0000026B 89CB                <1>         mov ebx, ecx
    37 0000026D C1EB04              <1>         shr ebx, 4
    38 00000270 01FB                <1>         add ebx, edi
    39                              <1> 
    40 00000272 516A075350E803FFFF- <1>         cdecl draw_char, eax, ebx, 0x07, ecx
    40 0000027B FF6683C410          <1>
    41                              <1> 
    42 00000280 41                  <1>         inc ecx
    43 00000281 EBD9                <1>         jmp .10L
    44                              <1> .10E:
    45                              <1> 
    46                              <1>         ;-----------------------------------------
    47                              <1>         ; 【レジスタの復帰】
    48                              <1>         ;-----------------------------------------
    49 00000283 5F                  <1>         pop edi
    50 00000284 5E                  <1>         pop esi
    51 00000285 5A                  <1>         pop edx
    52 00000286 59                  <1>         pop ecx
    53 00000287 5B                  <1>         pop ebx
    54 00000288 58                  <1>         pop eax
    55                              <1> 
    56                              <1>         ;-----------------------------------------
    57                              <1>         ; 【スタックフレームの破棄】
    58                              <1>         ;-----------------------------------------
    59 00000289 89EC                <1>         mov esp, ebp
    60 0000028B 5D                  <1>         pop ebp
    61                              <1> 
    62 0000028C C3                  <1>         ret
    85                                  %include "../modules/protect/draw_str.s"
     1                              <1> draw_str:
     2                              <1>     ;---------------------------
     3                              <1>     ; スタックフレーム構築
     4                              <1>     ;---------------------------
     5 0000028D 55                  <1>     push ebp
     6 0000028E 89E5                <1>     mov ebp, esp
     7                              <1> 
     8                              <1>     ;---------------------------
     9                              <1>     ; レジスタの保存
    10                              <1>     ;---------------------------
    11 00000290 50                  <1>     push eax
    12 00000291 53                  <1>     push ebx
    13 00000292 51                  <1>     push ecx
    14 00000293 52                  <1>     push edx
    15 00000294 56                  <1>     push esi
    16                              <1> 
    17                              <1>     ;---------------------------
    18                              <1>     ; 文字列を描画する
    19                              <1>     ;---------------------------
    20 00000295 8B4D08              <1>     mov ecx, [ebp + 8]              ; ECX = 列;
    21 00000298 8B550C              <1>     mov edx, [ebp + 12]             ; EDX = 行;
    22 0000029B 0FB75D10            <1>     movzx ebx, word [ebp + 16]      ; EBX = 表示色;
    23 0000029F 8B7514              <1>     mov esi, [ebp + 20]             ; ESI = 文字列へのアドレス;
    24                              <1> 
    25 000002A2 FC                  <1>     cld                             ; DF = 0; // アドレス加算
    26                              <1> .10L:                               ; do
    27                              <1>                                     ; {
    28 000002A3 AC                  <1>     lodsb                           ;   AL = *ESI++; // 文字を取得
    29 000002A4 3C00                <1>     cmp al, 0                       ;   if (0 == AL)
    30 000002A6 7425                <1>     je .10E                         ;       break;
    31                              <1> 
    32 000002A8 50535251E8CEFEFFFF- <1>     cdecl draw_char, ecx, edx, ebx, eax ; draw_char();
    32 000002B1 6683C410            <1>
    33                              <1> 
    34 000002B5 41                  <1>     inc ecx                         ;   ECX = 0; // 列を加算
    35 000002B6 83F950              <1>     cmp ecx, 80                     ;   if (80 <= ECX) // 80文字以上?
    36 000002B9 7C10                <1>     jl .12E                         ;   {
    37 000002BB B900000000          <1>     mov ecx, 0                      ;       ECX = 0; // 列を初期化
    38 000002C0 42                  <1>     inc edx                         ;       EDX++; // 行を加算
    39 000002C1 83FA1E              <1>     cmp edx, 30                     ;       if (30 <= EDX) // 30行以上?
    40 000002C4 7C05                <1>     jl .12E                         ;       {
    41 000002C6 BA00000000          <1>     mov edx, 0                      ;           EDX = 0; // 行を初期化
    42                              <1>                                     ;       }
    43                              <1> .12E:                               ;   }
    44 000002CB EBD6                <1>     jmp .10L
    45                              <1> .10E:                               ; } while (1);
    46                              <1> 
    47                              <1>     ;-----------------------------------------
    48                              <1>     ; 【レジスタの復帰】
    49                              <1>     ;-----------------------------------------
    50 000002CD 5E                  <1>     pop esi
    51 000002CE 5A                  <1>     pop edx
    52 000002CF 59                  <1>     pop ecx
    53 000002D0 5B                  <1>     pop ebx
    54 000002D1 58                  <1>     pop eax
    55                              <1> 
    56                              <1>     ;-----------------------------------------
    57                              <1>     ; 【スタックフレームの破棄】
    58                              <1>     ;-----------------------------------------
    59 000002D2 89EC                <1>     mov esp, ebp
    60 000002D4 5D                  <1>     pop ebp
    61                              <1> 
    62 000002D5 C3                  <1>     ret
    86                                  %include "../modules/protect/draw_color_bar.s"
     1                              <1> draw_color_bar:
     2                              <1>     ;---------------------------
     3                              <1>     ; スタックフレーム構築
     4                              <1>     ;---------------------------
     5 000002D6 55                  <1>     push ebp
     6 000002D7 89E5                <1>     mov ebp, esp
     7                              <1> 
     8                              <1>     ;---------------------------
     9                              <1>     ; レジスタの保存
    10                              <1>     ;---------------------------
    11 000002D9 50                  <1>     push eax
    12 000002DA 53                  <1>     push ebx
    13 000002DB 51                  <1>     push ecx
    14 000002DC 52                  <1>     push edx
    15 000002DD 56                  <1>     push esi
    16                              <1> 
    17                              <1>     ;-----------------------------------------
    18                              <1>     ; 基準となる位置をレジスタに保存
    19                              <1>     ;-----------------------------------------
    20 000002DE 8B7508              <1>     mov esi, [ebp + 8]
    21 000002E1 8B7D0C              <1>     mov edi, [ebp + 12]
    22                              <1> 
    23                              <1>     ;---------------------------
    24                              <1>     ; カラーバーを表示
    25                              <1>     ;---------------------------
    26 000002E4 B900000000          <1>     mov ecx, 0                      ; for (ECX = 0;
    27                              <1> .10L:
    28 000002E9 83F910              <1>     cmp ecx, 16                     ;      ECX < 16;
    29 000002EC 732E                <1>     jae .10E                        ;
    30                              <1>                                     ;      ECX++)
    31                              <1>                                     ; {
    32 000002EE 89C8                <1>     mov eax, ecx                    ;   EAX = ECX;
    33 000002F0 83E001              <1>     and eax, 0x01                   ;   EAX &= 0x01;
    34 000002F3 C1E003              <1>     shl eax, 3                      ;   EAX *= 8; // 8文字分乗算
    35 000002F6 01F0                <1>     add eax, esi                    ;   EAX += X;
    36                              <1> 
    37 000002F8 89CB                <1>     mov ebx, ecx                    ;   EBX = ECX;
    38 000002FA D1EB                <1>     shr ebx, 1                      ;   EBX /= 2
    39 000002FC 01FB                <1>     add ebx, edi                    ;   EBX += Y;
    40                              <1> 
    41 000002FE 89CA                <1>     mov edx, ecx                    ;   EDX = ECX;
    42 00000300 D1E2                <1>     shl edx, 1                      ;   EDX /= 2;
    43 00000302 8B92[2F030000]      <1>     mov edx, [.t0 + edx]            ;   EDX += Y;
    44                              <1> 
    45 00000308 68[26030000]525350- <1>     cdecl draw_str, eax, ebx, edx, .s0 ; draw_str();
    45 00000310 E878FFFFFF6683C410  <1>
    46                              <1> 
    47 00000319 41                  <1>     inc ecx                         ; // for (...ECX++)
    48 0000031A EBCD                <1>     jmp .10L
    49                              <1> .10E:                               ; }
    50                              <1> 
    51                              <1>     ;-----------------------------------------
    52                              <1>     ; 【レジスタの復帰】
    53                              <1>     ;-----------------------------------------
    54 0000031C 5F                  <1>     pop edi
    55 0000031D 5E                  <1>     pop esi
    56 0000031E 5A                  <1>     pop edx
    57 0000031F 59                  <1>     pop ecx
    58 00000320 5B                  <1>     pop ebx
    59 00000321 58                  <1>     pop eax
    60                              <1> 
    61                              <1>     ;-----------------------------------------
    62                              <1>     ; 【スタックフレームの破棄】
    63                              <1>     ;-----------------------------------------
    64 00000322 89EC                <1>     mov esp, ebp
    65 00000324 5D                  <1>     pop ebp
    66                              <1> 
    67 00000325 C3                  <1>     ret
    68                              <1> 
    69 00000326 202020202020202000  <1> .s0:    db '        ', 0
    70 0000032F 00000008            <1> .t0:    dw 0x0000, 0x0800
    71 00000333 00010009            <1>         dw 0x0100, 0x0900
    72 00000337 0002000A            <1>         dw 0x0200, 0x0A00
    73 0000033B 0003000B            <1>         dw 0x0300, 0x0B00
    74 0000033F 0004000C            <1>         dw 0x0400, 0x0C00
    75 00000343 0005000D            <1>         dw 0x0500, 0x0D00
    76 00000347 0006000E            <1>         dw 0x0600, 0x0E00
    77 0000034B 0007000F            <1>         dw 0x0700, 0x0F00
    87                                  %include "../modules/protect/draw_pixel.s"
     1                              <1> draw_pixel:
     2                              <1>         ;-----------------------------------------
     3                              <1>         ; 【スタックフレームの構築】
     4                              <1>         ;-----------------------------------------
     5 0000034F 55                  <1>         push ebp
     6 00000350 89E5                <1>         mov ebp, esp
     7                              <1> 
     8                              <1>         ;-----------------------------------------
     9                              <1>         ; 【レジスタの保存】
    10                              <1>         ;-----------------------------------------
    11 00000352 50                  <1>         push eax
    12 00000353 53                  <1>         push ebx
    13 00000354 51                  <1>         push ecx
    14 00000355 57                  <1>         push edi
    15                              <1> 
    16                              <1>         ;-----------------------------------------
    17                              <1>         ; Y座標を80倍する(640/8)
    18                              <1>         ;-----------------------------------------
    19 00000356 8B7D0C              <1>         mov edi, [ebp + 12]
    20 00000359 C1E704              <1>         shl edi, 4
    21 0000035C 8DBCBF00000A00      <1>         lea edi, [edi * 4 + edi + 0xA_0000]
    22                              <1> 
    23                              <1>         ;-----------------------------------------
    24                              <1>         ; X座標を1/8して加算
    25                              <1>         ;-----------------------------------------
    26 00000363 8B5D08              <1>         mov ebx, [ebp + 8]
    27 00000366 89D9                <1>         mov ecx, ebx
    28 00000368 C1EB03              <1>         shr ebx, 3
    29 0000036B 01DF                <1>         add edi, ebx
    30                              <1> 
    31                              <1>         ;-----------------------------------------
    32                              <1>         ; X座標を8で割った余りからビット位置を計算
    33                              <1>         ; (0=0x80, 1=0x40, ..., 7=0x01)
    34                              <1>         ;-----------------------------------------
    35 0000036D 83E107              <1>         and ecx, 0x07
    36 00000370 BB80000000          <1>         mov ebx, 0x80
    37 00000375 D3EB                <1>         shr ebx, cl
    38                              <1> 
    39                              <1>         ;-----------------------------------------
    40                              <1>         ; 色指定
    41                              <1>         ;-----------------------------------------
    42 00000377 8B4D10              <1>         mov ecx, [ebp + 16]
    43                              <1> 
    44                              <1>         ;-----------------------------------------
    45                              <1>         ; プレーンごとに出力
    46                              <1>         ;-----------------------------------------
    47 0000037A 6A03E84BFDFFFF6683- <1>         cdecl vga_set_read_plane, 0x03
    47 00000383 C404                <1>
    48 00000385 6A08E859FDFFFF6683- <1>         cdecl vga_set_write_plane, 0x08
    48 0000038E C404                <1>
    49 00000390 516A085753E8B7FDFF- <1>         cdecl vram_bit_copy, ebx, edi, 0x08, ecx
    49 00000399 FF6683C410          <1>
    50                              <1> 
    51 0000039E 6A02E827FDFFFF6683- <1>         cdecl vga_set_read_plane, 0x02
    51 000003A7 C404                <1>
    52 000003A9 6A04E835FDFFFF6683- <1>         cdecl vga_set_write_plane, 0x04
    52 000003B2 C404                <1>
    53 000003B4 516A045753E893FDFF- <1>         cdecl vram_bit_copy, ebx, edi, 0x04, ecx
    53 000003BD FF6683C410          <1>
    54                              <1> 
    55 000003C2 6A01E803FDFFFF6683- <1>         cdecl vga_set_read_plane, 0x01
    55 000003CB C404                <1>
    56 000003CD 6A02E811FDFFFF6683- <1>         cdecl vga_set_write_plane, 0x02
    56 000003D6 C404                <1>
    57 000003D8 516A025753E86FFDFF- <1>         cdecl vram_bit_copy, ebx, edi, 0x02, ecx
    57 000003E1 FF6683C410          <1>
    58                              <1> 
    59 000003E6 6A00E8DFFCFFFF6683- <1>         cdecl vga_set_read_plane, 0x00
    59 000003EF C404                <1>
    60 000003F1 6A01E8EDFCFFFF6683- <1>         cdecl vga_set_write_plane, 0x01
    60 000003FA C404                <1>
    61 000003FC 516A015753E84BFDFF- <1>         cdecl vram_bit_copy, ebx, edi, 0x01, ecx
    61 00000405 FF6683C410          <1>
    62                              <1> 
    63                              <1>         ;-----------------------------------------
    64                              <1>         ; 【レジスタの復帰】
    65                              <1>         ;-----------------------------------------
    66 0000040A 5F                  <1>         pop edi
    67 0000040B 59                  <1>         pop ecx
    68 0000040C 5B                  <1>         pop ebx
    69 0000040D 58                  <1>         pop eax
    70                              <1> 
    71                              <1>         ;-----------------------------------------
    72                              <1>         ; 【スタックフレームの破棄】
    73                              <1>         ;-----------------------------------------
    74 0000040E 89EC                <1>         mov esp, ebp
    75 00000410 5D                  <1>         pop ebp
    76                              <1> 
    77 00000411 C3                  <1>         ret
    78                              <1> 
    79 00000412 202020202020202000  <1> .s0:    db '        ', 0
    80 0000041B 00000008            <1> .t0:    dw 0x0000, 0x0800
    81 0000041F 00010009            <1>         dw 0x0100, 0x0900
    82 00000423 0002000A            <1>         dw 0x0200, 0x0A00
    83 00000427 0003000B            <1>         dw 0x0300, 0x0B00
    84 0000042B 0004000C            <1>         dw 0x0400, 0x0C00
    85 0000042F 0005000D            <1>         dw 0x0500, 0x0D00
    86 00000433 0006000E            <1>         dw 0x0600, 0x0E00
    87 00000437 0007000F            <1>         dw 0x0700, 0x0F00
    88                                  %include "../modules/protect/draw_line.s"
     1                              <1> draw_line:
     2                              <1>         ;-----------------------------------------
     3                              <1>         ; 【スタックフレームの構築】
     4                              <1>         ;-----------------------------------------
     5 0000043B 55                  <1>         push ebp
     6 0000043C 89E5                <1>         mov ebp, esp
     7                              <1> 
     8 0000043E 6A00                <1>         push dword 0
     9 00000440 6A00                <1>         push dword 0
    10 00000442 6A00                <1>         push dword 0
    11 00000444 6A00                <1>         push dword 0
    12 00000446 6A00                <1>         push dword 0
    13 00000448 6A00                <1>         push dword 0
    14 0000044A 6A00                <1>         push dword 0
    15                              <1> 
    16                              <1>         ;-----------------------------------------
    17                              <1>         ; 【レジスタの保存】
    18                              <1>         ;-----------------------------------------
    19 0000044C 50                  <1>         push eax
    20 0000044D 53                  <1>         push ebx
    21 0000044E 51                  <1>         push ecx
    22 0000044F 52                  <1>         push edx
    23 00000450 56                  <1>         push esi
    24 00000451 57                  <1>         push edi
    25                              <1> 
    26                              <1>         ;-----------------------------------------
    27                              <1>         ; 幅を計算(X軸)
    28                              <1>         ;-----------------------------------------
    29 00000452 8B4508              <1>         mov eax, [ebp + 8]
    30 00000455 8B5D10              <1>         mov ebx, [ebp + 16]
    31 00000458 29C3                <1>         sub ebx, eax
    32 0000045A 7D09                <1>         jge .10F
    33                              <1> 
    34 0000045C F7DB                <1>         neg ebx
    35 0000045E BEFFFFFFFF          <1>         mov esi, -1
    36 00000463 EB05                <1>         jmp .10E
    37                              <1> .10F:
    38 00000465 BE01000000          <1>         mov esi, 1
    39                              <1> .10E:
    40                              <1> 
    41                              <1>         ;-----------------------------------------
    42                              <1>         ; 高さを計算(Y軸)
    43                              <1>         ;-----------------------------------------
    44 0000046A 8B4D0C              <1>         mov ecx, [ebp + 12]
    45 0000046D 8B5514              <1>         mov edx, [ebp + 20]
    46 00000470 29CA                <1>         sub edx, ecx
    47 00000472 7D09                <1>         jge .20F
    48                              <1> 
    49 00000474 F7DA                <1>         neg edx
    50 00000476 BFFFFFFFFF          <1>         mov edi, -1
    51 0000047B EB05                <1>         jmp .20E
    52                              <1> .20F:
    53 0000047D BF01000000          <1>         mov edi, 1
    54                              <1> .20E:
    55                              <1> 
    56                              <1>         ;-----------------------------------------
    57                              <1>         ; X軸
    58                              <1>         ;-----------------------------------------
    59 00000482 8945F8              <1>         mov [ebp - 8], eax
    60 00000485 895DF4              <1>         mov [ebp - 12], ebx
    61 00000488 8975F0              <1>         mov [ebp - 16], esi
    62                              <1> 
    63                              <1>         ;-----------------------------------------
    64                              <1>         ; Y軸
    65                              <1>         ;-----------------------------------------
    66 0000048B 894DEC              <1>         mov [ebp - 20], ecx
    67 0000048E 8955E8              <1>         mov [ebp - 24], edx
    68 00000491 897DE4              <1>         mov [ebp - 28], edi
    69                              <1> 
    70                              <1>         ;-----------------------------------------
    71                              <1>         ; 基準軸を決める
    72                              <1>         ;-----------------------------------------
    73 00000494 39D3                <1>         cmp ebx, edx
    74 00000496 7F08                <1>         jg .22F
    75                              <1> 
    76 00000498 8D75EC              <1>         lea esi, [ebp - 20]
    77 0000049B 8D7DF8              <1>         lea edi, [ebp - 8]
    78                              <1> 
    79 0000049E EB06                <1>         jmp .22E
    80                              <1> .22F:
    81 000004A0 8D75F8              <1>         lea esi, [ebp - 8]
    82 000004A3 8D7DEC              <1>         lea edi, [ebp - 20]
    83                              <1> .22E:
    84                              <1> 
    85                              <1>         ;-----------------------------------------
    86                              <1>         ; 繰り返し回数(基準軸のドット数)
    87                              <1>         ;-----------------------------------------
    88 000004A6 8B4EFC              <1>         mov ecx, [esi - 4]
    89 000004A9 83F900              <1>         cmp ecx, 0
    90 000004AC 7505                <1>         jnz .30E
    91 000004AE B901000000          <1>         mov ecx, 1
    92                              <1> .30E:
    93                              <1> 
    94                              <1>         ;-----------------------------------------
    95                              <1>         ; 線を描画
    96                              <1>         ;-----------------------------------------
    97                              <1> .50L:
    98                              <1> 
    99                              <1> %ifdef  USE_SYSTEM_CALL
   100                              <1>         mov eax, ecx
   101                              <1> 
   102                              <1>         mov ebx, [ebp + 24]
   103                              <1>         mov ecx, [ebp - 8]
   104                              <1>         mov edx, [ebp - 20]
   105                              <1>         int 0x82
   106                              <1> 
   107                              <1>         mov ecx, eax
   108                              <1> %else
   109 000004B3 FF7518FF75ECFF75F8- <1>         cdecl draw_pixel, dword [ebp - 8], dword [ebp - 20], dword [ebp + 24]
   109 000004BC E88EFEFFFF6683C40C  <1>
   110                              <1> %endif
   111                              <1> 
   112 000004C5 8B46F8              <1>         mov eax, [esi - 8]
   113 000004C8 0106                <1>         add [esi - 0], eax
   114                              <1> 
   115 000004CA 8B45FC              <1>         mov eax, [ebp - 4]
   116 000004CD 0347FC              <1>         add eax, [edi - 4]
   117 000004D0 8B5EFC              <1>         mov ebx, [esi - 4]
   118                              <1> 
   119 000004D3 39D8                <1>         cmp eax, ebx
   120 000004D5 7C07                <1>         jl .52E
   121 000004D7 29D8                <1>         sub eax, ebx
   122                              <1> 
   123 000004D9 8B5FF8              <1>         mov ebx, [edi - 8]
   124 000004DC 011F                <1>         add [edi - 0], ebx
   125                              <1> .52E:
   126 000004DE 8945FC              <1>         mov [ebp - 4], eax
   127                              <1> 
   128 000004E1 E2D0                <1>         loop .50L
   129                              <1> .50E:
   130                              <1> 
   131                              <1>         ;-----------------------------------------
   132                              <1>         ; 【レジスタの復帰】
   133                              <1>         ;-----------------------------------------
   134 000004E3 5F                  <1>         pop edi
   135 000004E4 5E                  <1>         pop esi
   136 000004E5 5A                  <1>         pop edx
   137 000004E6 59                  <1>         pop ecx
   138 000004E7 5B                  <1>         pop ebx
   139 000004E8 58                  <1>         pop eax
   140                              <1> 
   141                              <1>         ;-----------------------------------------
   142                              <1>         ; 【スタックフレームの破棄】
   143                              <1>         ;-----------------------------------------
   144 000004E9 89EC                <1>         mov esp, ebp
   145 000004EB 5D                  <1>         pop ebp
   146                              <1> 
   147 000004EC C3                  <1>         ret
   148                              <1> 
   149 000004ED 202020202020202000  <1> .s0:    db '        ', 0
   150 000004F6 00000008            <1> .t0:    dw 0x0000, 0x0800
   151 000004FA 00010009            <1>         dw 0x0100, 0x0900
   152 000004FE 0002000A            <1>         dw 0x0200, 0x0A00
   153 00000502 0003000B            <1>         dw 0x0300, 0x0B00
   154 00000506 0004000C            <1>         dw 0x0400, 0x0C00
   155 0000050A 0005000D            <1>         dw 0x0500, 0x0D00
   156 0000050E 0006000E            <1>         dw 0x0600, 0x0E00
   157 00000512 0007000F            <1>         dw 0x0700, 0x0F00
    89                                  %include "../modules/protect/draw_rect.s"
     1                              <1> draw_rect:
     2                              <1>         ;-----------------------------------------
     3                              <1>         ; 【スタックフレームの構築】
     4                              <1>         ;-----------------------------------------
     5 00000516 55                  <1>         push ebp
     6 00000517 89E5                <1>         mov ebp, esp
     7                              <1> 
     8                              <1>         ;-----------------------------------------
     9                              <1>         ; 【レジスタの保存】
    10                              <1>         ;-----------------------------------------
    11 00000519 50                  <1>         push eax
    12 0000051A 53                  <1>         push ebx
    13 0000051B 51                  <1>         push ecx
    14 0000051C 52                  <1>         push edx
    15 0000051D 56                  <1>         push esi
    16                              <1> 
    17                              <1>         ;-----------------------------------------
    18                              <1>         ; 引数の取得
    19                              <1>         ;-----------------------------------------
    20 0000051E 8B4508              <1>         mov eax, [ebp + 8]
    21 00000521 8B5D0C              <1>         mov ebx, [ebp + 12]
    22 00000524 8B4D10              <1>         mov ecx, [ebp + 16]
    23 00000527 8B5514              <1>         mov edx, [ebp + 20]
    24 0000052A 8B7518              <1>         mov esi, [ebp + 24]
    25                              <1> 
    26                              <1>         ;-----------------------------------------
    27                              <1>         ; 座標軸の大小を確定
    28                              <1>         ;-----------------------------------------
    29 0000052D 39C8                <1>         cmp eax, ecx
    30 0000052F 7C01                <1>         jl .10E
    31 00000531 91                  <1>         xchg eax, ecx
    32                              <1> .10E:
    33 00000532 39D3                <1>         cmp ebx, edx
    34 00000534 7C02                <1>         jl .20E
    35 00000536 87DA                <1>         xchg ebx, edx
    36                              <1> .20E:
    37                              <1> 
    38                              <1>         ;-----------------------------------------
    39                              <1>         ; 矩形を描画
    40                              <1>         ;-----------------------------------------
    41 00000538 5653515350E8F9FEFF- <1>         cdecl draw_line, eax, ebx, ecx, ebx, esi
    41 00000541 FF6683C414          <1>
    42 00000546 5652505350E8EBFEFF- <1>         cdecl draw_line, eax, ebx, eax, edx, esi
    42 0000054F FF6683C414          <1>
    43                              <1> 
    44 00000554 4A                  <1>         dec edx
    45 00000555 5652515250E8DCFEFF- <1>         cdecl draw_line, eax, edx, ecx, edx, esi
    45 0000055E FF6683C414          <1>
    46 00000563 42                  <1>         inc edx
    47                              <1> 
    48 00000564 49                  <1>         dec ecx
    49 00000565 5652515351E8CCFEFF- <1>         cdecl draw_line, ecx, ebx, ecx, edx, esi
    49 0000056E FF6683C414          <1>
    50                              <1> 
    51                              <1>         ;-----------------------------------------
    52                              <1>         ; 【レジスタの復帰】
    53                              <1>         ;-----------------------------------------
    54 00000573 5E                  <1>         pop esi
    55 00000574 5A                  <1>         pop edx
    56 00000575 59                  <1>         pop ecx
    57 00000576 5B                  <1>         pop ebx
    58 00000577 58                  <1>         pop eax
    59                              <1> 
    60                              <1>         ;-----------------------------------------
    61                              <1>         ; 【スタックフレームの破棄】
    62                              <1>         ;-----------------------------------------
    63 00000578 89EC                <1>         mov esp, ebp
    64 0000057A 5D                  <1>         pop ebp
    65                              <1> 
    66 0000057B C3                  <1>         ret
    90                                  %include "../modules/protect/itoa.s"
     1                              <1> itoa:
     2                              <1>         ;---------------------------------------
     3                              <1>         ; 【スタックフレームの構築】
     4                              <1>         ;---------------------------------------
     5 0000057C 55                  <1>         push ebp
     6 0000057D 89E5                <1>         mov ebp, esp
     7                              <1> 
     8                              <1>         ;---------------------------------------
     9                              <1>         ; 【レジスタの保存】
    10                              <1>         ;---------------------------------------
    11 0000057F 50                  <1>         push eax
    12 00000580 53                  <1>         push ebx
    13 00000581 51                  <1>         push ecx
    14 00000582 52                  <1>         push edx
    15 00000583 56                  <1>         push esi
    16 00000584 57                  <1>         push edi
    17                              <1> 
    18                              <1>         ;---------------------------------------
    19                              <1>         ; 引数を取得
    20                              <1>         ;---------------------------------------
    21 00000585 8B4508              <1>         mov eax, [ebp + 8]
    22 00000588 8B750C              <1>         mov esi, [ebp + 12]
    23 0000058B 8B4D10              <1>         mov ecx, [ebp + 16]
    24                              <1> 
    25 0000058E 89F7                <1>         mov edi, esi
    26 00000590 01CF                <1>         add edi, ecx
    27 00000592 4F                  <1>         dec edi
    28                              <1> 
    29 00000593 8B5D18              <1>         mov ebx, [ebp + 24]
    30                              <1> 
    31                              <1>         ;---------------------------------------
    32                              <1>         ; 符号付き判定
    33                              <1>         ;---------------------------------------
    34 00000596 F7C301000000        <1>         test ebx, 0b0001
    35                              <1> .10Q:
    36 0000059C 7408                <1>         je .10E
    37 0000059E 83F800              <1>         cmp eax, 0
    38                              <1> .12Q:
    39 000005A1 7D03                <1>         jge .12E
    40 000005A3 83CB02              <1>         or ebx, 0b0010
    41                              <1> .12E:
    42                              <1> .10E:
    43                              <1> 
    44                              <1>         ;---------------------------------------
    45                              <1>         ; 符号出力判定
    46                              <1>         ;---------------------------------------
    47 000005A6 F7C302000000        <1>         test ebx, 0b0010
    48                              <1> .20Q:
    49 000005AC 7410                <1>         je .20E
    50 000005AE 83F800              <1>         cmp eax, 0
    51                              <1> .22Q:
    52 000005B1 7D07                <1>         jge .22F
    53 000005B3 F7D8                <1>         neg eax
    54 000005B5 C6062D              <1>         mov [esi], byte '-'
    55 000005B8 EB03                <1>         jmp .22E
    56                              <1> .22F:
    57 000005BA C6062B              <1>         mov [esi], byte '+'
    58                              <1> .22E:
    59 000005BD 49                  <1>         dec ecx
    60                              <1> .20E:
    61                              <1> 
    62                              <1>         ;---------------------------------------
    63                              <1>         ; ASCII 変換
    64                              <1>         ;---------------------------------------
    65 000005BE 8B5D14              <1>         mov ebx, [ebp + 20]
    66                              <1> .30L:
    67 000005C1 BA00000000          <1>         mov edx, 0
    68 000005C6 F7F3                <1>         div ebx
    69                              <1> 
    70 000005C8 89D6                <1>         mov esi, edx
    71 000005CA 8A96[F5050000]      <1>         mov dl, byte [.ascii + esi]
    72                              <1> 
    73 000005D0 8817                <1>         mov [edi], dl
    74 000005D2 4F                  <1>         dec edi
    75                              <1> 
    76 000005D3 83F800              <1>         cmp eax, 0
    77 000005D6 E0E9                <1>         loopnz .30L
    78                              <1> .30E:
    79                              <1> 
    80                              <1>         ;---------------------------------------
    81                              <1>         ; 空欄を埋める
    82                              <1>         ;---------------------------------------
    83 000005D8 83F900              <1>         cmp ecx, 0
    84                              <1> .40Q:
    85 000005DB 740E                <1>         je .40E
    86 000005DD B020                <1>         mov al, ' '
    87 000005DF 66837D1804          <1>         cmp [ebp + 24], word 0b0100
    88                              <1> .42Q:
    89 000005E4 7502                <1>         jne .42E
    90 000005E6 B030                <1>         mov al, '0'
    91                              <1> .42E:
    92 000005E8 FD                  <1>         std
    93 000005E9 F3AA                <1>         rep stosb
    94                              <1> .40E:
    95                              <1> 
    96                              <1>         ;---------------------------------------
    97                              <1>         ; 【レジスタの復帰】
    98                              <1>         ;---------------------------------------
    99 000005EB 5F                  <1>         pop edi
   100 000005EC 5E                  <1>         pop esi
   101 000005ED 5A                  <1>         pop edx
   102 000005EE 59                  <1>         pop ecx
   103 000005EF 5B                  <1>         pop ebx
   104 000005F0 58                  <1>         pop eax
   105                              <1> 
   106                              <1>         ;---------------------------------------
   107                              <1>         ; 【スタックフレームの破棄】
   108                              <1>         ;---------------------------------------
   109 000005F1 89EC                <1>         mov esp, ebp
   110 000005F3 5D                  <1>         pop ebp
   111                              <1> 
   112 000005F4 C3                  <1>         ret
   113                              <1> 
   114 000005F5 303132333435363738- <1> .ascii db "0123456789ABCDEF"
   114 000005FE 39414243444546      <1>
    91                                  %include "../modules/protect/rtc.s"
     1                              <1> rtc_get_time:
     2                              <1>         ;-----------------------------------------
     3                              <1>         ; 【スタックフレームの構築】
     4                              <1>         ;-----------------------------------------
     5 00000605 55                  <1>         push ebp
     6 00000606 89E5                <1>         mov ebp, esp
     7                              <1> 
     8                              <1>         ;-----------------------------------------
     9                              <1>         ; 【レジスタの保存】
    10                              <1>         ;-----------------------------------------
    11 00000608 53                  <1>         push ebx
    12                              <1> 
    13                              <1>         ;-----------------------------------------
    14                              <1>         ; RTCの読み込み
    15                              <1>         ;-----------------------------------------
    16 00000609 B00A                <1>         mov al, 0x0A
    17 0000060B E670                <1>         out 0x70, al
    18 0000060D E471                <1>         in al, 0x71
    19 0000060F A880                <1>         test al, 0x80
    20 00000611 7407                <1>         je .10F
    21 00000613 B801000000          <1>         mov eax, 1
    22 00000618 EB27                <1>         jmp .10E
    23                              <1> .10F:
    24 0000061A B004                <1>         mov al, 0x04
    25 0000061C E670                <1>         out 0x70, al
    26 0000061E E471                <1>         in al, 0x71
    27                              <1> 
    28 00000620 C1E008              <1>         shl eax, 8
    29                              <1> 
    30 00000623 B002                <1>         mov al, 0x02
    31 00000625 E670                <1>         out 0x70, al
    32 00000627 E471                <1>         in al, 0x71
    33                              <1> 
    34 00000629 C1E008              <1>         shl eax, 8
    35                              <1> 
    36 0000062C B000                <1>         mov al, 0x00
    37 0000062E E670                <1>         out 0x70, al
    38 00000630 E471                <1>         in al, 0x71
    39                              <1> 
    40 00000632 25FFFFFF00          <1>         and eax, 0x00_FF_FF_FF
    41                              <1> 
    42 00000637 8B5D08              <1>         mov ebx, [ebp + 8]
    43 0000063A 8903                <1>         mov [ebx], eax
    44                              <1> 
    45 0000063C B800000000          <1>         mov eax, 0
    46                              <1> .10E:
    47                              <1> 
    48                              <1>         ;-----------------------------------------
    49                              <1>         ; 【レジスタの復帰】
    50                              <1>         ;-----------------------------------------
    51 00000641 5B                  <1>         pop ebx
    52                              <1> 
    53                              <1>         ;-----------------------------------------
    54                              <1>         ; 【スタックフレームの破棄】
    55                              <1>         ;-----------------------------------------
    56 00000642 89EC                <1>         mov esp, ebp
    57 00000644 5D                  <1>         pop ebp
    58                              <1> 
    59 00000645 C3                  <1>         ret
    92                                  %include "../modules/protect/draw_time.s"
     1                              <1> draw_time:
     2                              <1>         ;-----------------------------------------
     3                              <1>         ; 【スタックフレームの構築】
     4                              <1>         ;-----------------------------------------
     5 00000646 55                  <1>         push ebp
     6 00000647 89E5                <1>         mov ebp, esp
     7                              <1> 
     8                              <1>         ;-----------------------------------------
     9                              <1>         ; 【レジスタの保存】
    10                              <1>         ;-----------------------------------------
    11 00000649 50                  <1>         push eax
    12 0000064A 53                  <1>         push ebx
    13                              <1> 
    14                              <1>         ;-----------------------------------------
    15                              <1>         ; 時刻の表示
    16                              <1>         ;-----------------------------------------
    17 0000064B 8B4514              <1>         mov eax, [ebp + 20]
    18                              <1> 
    19 0000064E 0FB6D8              <1>         movzx ebx, al
    20 00000651 6A046A106A0268-     <1>         cdecl itoa, ebx, .sec, 2, 16, 0b0100
    20 00000658 [B8060000]53E81AFF- <1>
    20 00000660 FFFF6683C414        <1>
    21                              <1> 
    22 00000666 88E3                <1>         mov bl, ah
    23 00000668 6A046A106A0268-     <1>         cdecl itoa, ebx, .min, 2, 16, 0b0100
    23 0000066F [B5060000]53E803FF- <1>
    23 00000677 FFFF6683C414        <1>
    24                              <1> 
    25 0000067D C1E810              <1>         shr eax, 16
    26 00000680 6A046A106A0268-     <1>         cdecl itoa, eax, .hour, 2, 16, 0b0100
    26 00000687 [B2060000]50E8EBFE- <1>
    26 0000068F FFFF6683C414        <1>
    27                              <1> 
    28 00000695 68[B2060000]FF7510- <1>         cdecl draw_str, dword[ebp + 8], dword[ebp + 12], dword[ebp + 16], .hour
    28 0000069D FF750CFF7508E8E5FB- <1>
    28 000006A6 FFFF6683C410        <1>
    29                              <1> 
    30                              <1>         ;-----------------------------------------
    31                              <1>         ; 【レジスタの復帰】
    32                              <1>         ;-----------------------------------------
    33 000006AC 5B                  <1>         pop ebx
    34 000006AD 58                  <1>         pop eax
    35                              <1> 
    36                              <1>         ;-----------------------------------------
    37                              <1>         ; 【スタックフレームの破棄】
    38                              <1>         ;-----------------------------------------
    39 000006AE 89EC                <1>         mov esp, ebp
    40 000006B0 5D                  <1>         pop ebp
    41                              <1> 
    42 000006B1 C3                  <1>         ret
    43                              <1> 
    44 000006B2 5A5A3A              <1> .hour:  db "ZZ:"
    45 000006B5 5A5A3A              <1> .min:   db "ZZ:"
    46 000006B8 5A5A00              <1> .sec:   db "ZZ", 0
    93                                  %include "../modules/protect/interrupt.s"
     1                              <1> ;***********************************************************
     2                              <1> ;  割り込みベクタの初期化
     3                              <1> ;***********************************************************
     4 000006BB 90                  <1> ALIGN 4
     5 000006BC FF07                <1> IDTR:   dw 8 * 256 - 1
     6 000006BE 00001000            <1>         dd VECT_BASE
     7                              <1> 
     8                              <1> ;***********************************************************
     9                              <1> ;  割り込みテーブルを初期化
    10                              <1> ;***********************************************************
    11                              <1> init_int:
    12                              <1>         ;-----------------------------------------
    13                              <1>         ; 【レジスタの保存】
    14                              <1>         ;-----------------------------------------
    15 000006C2 50                  <1>         push eax
    16 000006C3 53                  <1>         push ebx
    17 000006C4 51                  <1>         push ecx
    18 000006C5 57                  <1>         push edi
    19                              <1> 
    20                              <1>         ;-----------------------------------------
    21                              <1>         ; すべての割り込みにデフォルト処理を設定
    22                              <1>         ;-----------------------------------------
    23 000006C6 8D05[F3060000]      <1>         lea eax, [int_default]
    24 000006CC BB008E0800          <1>         mov ebx, 0x0008_8E00
    25 000006D1 6693                <1>         xchg ax, bx
    26                              <1> 
    27 000006D3 B900010000          <1>         mov ecx, 256
    28 000006D8 BF00001000          <1>         mov edi, VECT_BASE
    29                              <1> 
    30                              <1> .10L:
    31 000006DD 891F                <1>         mov [edi + 0], ebx
    32 000006DF 894704              <1>         mov [edi + 4], eax
    33 000006E2 83C708              <1>         add edi, 8
    34 000006E5 E2F6                <1>         loop .10L
    35                              <1> 
    36                              <1>         ;-----------------------------------------
    37                              <1>         ; 割り込みディスクリプタの設定
    38                              <1>         ;-----------------------------------------
    39 000006E7 0F011D[BC060000]    <1>         lidt [IDTR]
    40                              <1> 
    41                              <1>         ;-----------------------------------------
    42                              <1>         ; 【レジスタの復帰】
    43                              <1>         ;-----------------------------------------
    44 000006EE 5F                  <1>         pop edi
    45 000006EF 59                  <1>         pop ecx
    46 000006F0 5B                  <1>         pop ebx
    47 000006F1 58                  <1>         pop eax
    48                              <1> 
    49 000006F2 C3                  <1>         ret
    50                              <1> 
    51                              <1> int_default:
    52 000006F3 9C                  <1>         pushf
    53 000006F4 0E                  <1>         push cs
    54 000006F5 68[11070000]        <1>         push int_stop
    55                              <1> 
    56 000006FA B8[00070000]        <1>         mov eax, .s0
    57 000006FF CF                  <1>         iret
    58                              <1> 
    59 00000700 203C2020202053544F- <1> .s0:    db " <    STOP    > ", 0
    59 00000709 50202020203E2000    <1>
    60                              <1> 
    61                              <1> int_stop:
    62                              <1>         ;-----------------------------------------
    63                              <1>         ; EAXで示される文字列を表示
    64                              <1>         ;-----------------------------------------
    65 00000711 50680F0600006A0F6A- <1>         cdecl draw_str, 25, 15, 0x060F, eax
    65 0000071A 19E86DFBFFFF6683C4- <1>
    65 00000723 10                  <1>
    66                              <1> 
    67                              <1>         ;-----------------------------------------
    68                              <1>         ; スタックのデータを文字列に変換
    69                              <1>         ;-----------------------------------------
    70 00000724 8B0424              <1>         mov eax, [esp + 0]
    71 00000727 6A046A106A0868-     <1>         cdecl itoa, eax, .p1, 8, 16, 0b0100
    71 0000072E [EC070000]50E844FE- <1>
    71 00000736 FFFF6683C414        <1>
    72                              <1> 
    73 0000073C 8B442404            <1>         mov eax, [esp + 4]
    74 00000740 6A046A106A0868-     <1>         cdecl itoa, eax, .p2, 8, 16, 0b0100
    74 00000747 [FD070000]50E82BFE- <1>
    74 0000074F FFFF6683C414        <1>
    75                              <1> 
    76 00000755 8B442408            <1>         mov eax, [esp + 8]
    77 00000759 6A046A106A0868-     <1>         cdecl itoa, eax, .p3, 8, 16, 0b0100
    77 00000760 [0E080000]50E812FE- <1>
    77 00000768 FFFF6683C414        <1>
    78                              <1> 
    79 0000076E 8B44240C            <1>         mov eax, [esp +12]
    80 00000772 6A046A106A0868-     <1>         cdecl itoa, eax, .p4, 8, 16, 0b0100
    80 00000779 [1F080000]50E8F9FD- <1>
    80 00000781 FFFF6683C414        <1>
    81                              <1> 
    82                              <1>         ;-----------------------------------------
    83                              <1>         ; 文字列の表示
    84                              <1>         ;-----------------------------------------
    85 00000787 68[E5070000]68040F- <1>         cdecl draw_str, 25, 16, 0x0F04, .s1
    85 0000078F 00006A106A19E8F3FA- <1>
    85 00000798 FFFF6683C410        <1>
    86 0000079E 68[F6070000]68040F- <1>         cdecl draw_str, 25, 17, 0x0F04, .s2
    86 000007A6 00006A116A19E8DCFA- <1>
    86 000007AF FFFF6683C410        <1>
    87 000007B5 68[07080000]68040F- <1>         cdecl draw_str, 25, 18, 0x0F04, .s3
    87 000007BD 00006A126A19E8C5FA- <1>
    87 000007C6 FFFF6683C410        <1>
    88 000007CC 68[18080000]68040F- <1>         cdecl draw_str, 25, 19, 0x0F04, .s4
    88 000007D4 00006A136A19E8AEFA- <1>
    88 000007DD FFFF6683C410        <1>
    89                              <1> 
    90                              <1>         ;-----------------------------------------
    91                              <1>         ; 無限ループ
    92                              <1>         ;-----------------------------------------
    93 000007E3 EBFE                <1>         jmp $
    94                              <1> 
    95 000007E5 4553502B20303A      <1> .s1:    db "ESP+ 0:"
    96 000007EC 5F5F5F5F5F5F5F5F20- <1> .p1:    db "________ ", 0
    96 000007F5 00                  <1>
    97 000007F6 2020202B20343A      <1> .s2:    db "   + 4:"
    98 000007FD 5F5F5F5F5F5F5F5F20- <1> .p2:    db "________ ", 0
    98 00000806 00                  <1>
    99 00000807 2020202B20383A      <1> .s3:    db "   + 8:"
   100 0000080E 5F5F5F5F5F5F5F5F20- <1> .p3:    db "________ ", 0
   100 00000817 00                  <1>
   101 00000818 2020202B31323A      <1> .s4:    db "   +12:"
   102 0000081F 5F5F5F5F5F5F5F5F20- <1> .p4:    db "________ ", 0
   102 00000828 00                  <1>
   103                              <1> 
   104                              <1> int_zero_div:
   105 00000829 9C                  <1>         pushf
   106 0000082A 0E                  <1>         push cs
   107 0000082B 68[11070000]        <1>         push int_stop
   108                              <1> 
   109 00000830 B8[36080000]        <1>         mov eax, .s0
   110 00000835 CF                  <1>         iret
   111                              <1> 
   112 00000836 203C20205A45524F20- <1> .s0:    db " <  ZERO DIV  > ", 0
   112 0000083F 44495620203E2000    <1>
    94                                  %include "../modules/protect/pic.s"
     1                              <1> init_pic:
     2                              <1>         ;------------------------------
     3                              <1>         ; レジスタの保存
     4                              <1>         ;------------------------------
     5 00000847 50                  <1>         push eax
     6                              <1> 
     7                              <1>         ;------------------------------
     8                              <1>         ; マスタの設定
     9                              <1>         ;------------------------------
    10                              <1>         outp 0x20, 0x11                     ; // MASTER.ICW1 = 0x11;
    10 00000848 B011                <2>  mov al, %2
    10 0000084A E620                <2>  out %1, al
    11                              <1>         outp 0x21, 0x20                     ; // MASTER.ICW2 = 0x20;
    11 0000084C B020                <2>  mov al, %2
    11 0000084E E621                <2>  out %1, al
    12                              <1>         outp 0x21, 0x04                     ; // MASTER.ICW3 = 0x04;
    12 00000850 B004                <2>  mov al, %2
    12 00000852 E621                <2>  out %1, al
    13                              <1>         outp 0x21, 0x05                     ; // MASTER.ICW4 = 0x05;
    13 00000854 B005                <2>  mov al, %2
    13 00000856 E621                <2>  out %1, al
    14                              <1>         outp 0x21, 0xFF                     ; // マスタ割り込みマスク
    14 00000858 B0FF                <2>  mov al, %2
    14 0000085A E621                <2>  out %1, al
    15                              <1> 
    16                              <1>         ;------------------------------
    17                              <1>         ; スレーブの設定
    18                              <1>         ;------------------------------
    19                              <1>         outp 0xA0, 0x11                     ; // SLAVE.ICW1 = 0x11;
    19 0000085C B011                <2>  mov al, %2
    19 0000085E E6A0                <2>  out %1, al
    20                              <1>         outp 0xA1, 0x28                     ; // SLAVE.ICW1 = 0x28;
    20 00000860 B028                <2>  mov al, %2
    20 00000862 E6A1                <2>  out %1, al
    21                              <1>         outp 0xA1, 0x02                     ; // SLAVE.ICW1 = 0x02;
    21 00000864 B002                <2>  mov al, %2
    21 00000866 E6A1                <2>  out %1, al
    22                              <1>         outp 0xA1, 0x01                     ; // SLAVE.ICW1 = 0x01;
    22 00000868 B001                <2>  mov al, %2
    22 0000086A E6A1                <2>  out %1, al
    23                              <1>         outp 0xA1, 0xFF                     ; // スレーブ割り込みマスク
    23 0000086C B0FF                <2>  mov al, %2
    23 0000086E E6A1                <2>  out %1, al
    24                              <1> 
    25                              <1>         ;------------------------------
    26                              <1>         ; レジスタの復帰
    27                              <1>         ;------------------------------
    28 00000870 58                  <1>         pop eax
    29                              <1> 
    30 00000871 C3                  <1>         ret
    95                                  %include "../modules/protect/int_rtc.s"
     1                              <1> int_rtc:
     2                              <1>         ;-----------------------------
     3                              <1>         ; レジスタの保存
     4                              <1>         ;-----------------------------
     5 00000872 60                  <1>         pusha
     6 00000873 1E                  <1>         push ds
     7 00000874 06                  <1>         push es
     8                              <1> 
     9                              <1>         ;-----------------------------
    10                              <1>         ; データ用セグメントセレクタの設定
    11                              <1>         ;-----------------------------
    12 00000875 66B81000            <1>         mov ax, 0x0010
    13 00000879 8ED8                <1>         mov ds, ax
    14 0000087B 8EC0                <1>         mov es, ax
    15                              <1> 
    16                              <1>         ;-----------------------------
    17                              <1>         ; RTCから時刻を取得
    18                              <1>         ;-----------------------------
    19 0000087D 68[C8000000]E87EFD- <1>         cdecl rtc_get_time, RTC_TIME        ; EAX = get_time(&RTC_TIME);
    19 00000885 FFFF6683C404        <1>
    20                              <1> 
    21                              <1>         ;-----------------------------
    22                              <1>         ; RTCの割り込み要因を取得
    23                              <1>         ;-----------------------------
    24                              <1>         outp 0x70, 0x0C                     ; outp(0x70, 0x0C); // レジスタCを選択
    24 0000088B B00C                <2>  mov al, %2
    24 0000088D E670                <2>  out %1, al
    25 0000088F E471                <1>         in al, 0x71                         ; AL = port(0x71);
    26                              <1> 
    27                              <1>         ;-----------------------------
    28                              <1>         ; 割り込みフラグをクリア(EOI)
    29                              <1>         ;-----------------------------
    30 00000891 B020                <1>         mov al, 0x20                        ; AL = EOIコマンド;
    31 00000893 E6A0                <1>         out 0xA0, al                        ; outp(0xA0, AL); // スレーブPIC
    32 00000895 E620                <1>         out 0x20, al                        ; outp(0x20, AL); // マスタPIC
    33                              <1> 
    34                              <1>         ;-----------------------------
    35                              <1>         ; レジスタの復帰
    36                              <1>         ;-----------------------------
    37 00000897 07                  <1>         pop es
    38 00000898 1F                  <1>         pop ds
    39 00000899 61                  <1>         popa
    40                              <1> 
    41 0000089A CF                  <1>         iret                                ; 割り込み処理の終了
    42                              <1> 
    43                              <1> rtc_int_en:
    44                              <1>         ;-----------------------------
    45                              <1>         ; スタックフレームの構築
    46                              <1>         ;-----------------------------
    47 0000089B 55                  <1>         push ebp
    48 0000089C 89E5                <1>         mov ebp, esp
    49                              <1> 
    50                              <1>         ;-----------------------------
    51                              <1>         ; レジスタの保存
    52                              <1>         ;-----------------------------
    53 0000089E 50                  <1>         push eax
    54                              <1> 
    55                              <1>         ;-----------------------------
    56                              <1>         ; 割り込み許可設定
    57                              <1>         ;-----------------------------
    58                              <1>         outp 0x70, 0x0B                     ; outp(0x70, AL); // レジスタBを選択
    58 0000089F B00B                <2>  mov al, %2
    58 000008A1 E670                <2>  out %1, al
    59                              <1> 
    60 000008A3 E471                <1>         in al, 0x71                         ; AL = port(0x71); // レジスタBの
    61 000008A5 0A4508              <1>         or al, [ebp + 8]                    ; AL |= ビット; // 指定されたビットをセット
    62                              <1> 
    63 000008A8 E671                <1>         out 0x71, al                        ; outp(0x71, AL); // レジスタBに書き込み
    64                              <1> 
    65                              <1>         ;-----------------------------
    66                              <1>         ; レジスタの復帰
    67                              <1>         ;-----------------------------
    68 000008AA 58                  <1>         pop eax
    69                              <1> 
    70                              <1>         ;-----------------------------
    71                              <1>         ; スタックフレームの破棄
    72                              <1>         ;-----------------------------
    73 000008AB 89EC                <1>         mov esp, ebp
    74 000008AD 5D                  <1>         pop ebp
    75                              <1> 
    76 000008AE C3                  <1>         ret
    96                                  
    97                                  ;***********************************************************
    98                                  ;  パディング
    99                                  ;***********************************************************
   100 000008AF 00<rept>                        times KERNEL_SIZE - ($ - $$) db 0
