     1                                          BOOT_LOAD equ 0x7C00
     2                                  
     3                                          ORG BOOT_LOAD
     4                                  
     5                                  ;  マクロ
     6                                  %include "../include/macro.s"
     1                              <1> %macro cdecl 1-*.nolist
     2                              <1> 
     3                              <1>     %rep %0 - 1
     4                              <1>         push %{-1:-1}
     5                              <1>         %rotate - 1
     6                              <1>     %endrep
     7                              <1>     %rotate - 1
     8                              <1> 
     9                              <1>         call %1
    10                              <1> 
    11                              <1>     %if 1 < %0
    12                              <1>         add sp, (__BITS__ >> 3) * (%0 - 1)
    13                              <1>     %endif
    14                              <1> 
    15                              <1> %endmacro
     7                                  
     8                                  ;  エントリポイント
     9                                  entry:
    10                                          ; BPB(BIOS Parameter Block)
    11 00000000 EB58                            jmp ipl
    12 00000002 90<rept>                        times 90 - ($ - $$) db 0x90
    13                                  
    14                                          ; IPL(Initial Program Loader)
    15                                  ipl:
    16 0000005A FA                              cli
    17                                  
    18 0000005B B80000                          mov ax, 0x0000
    19 0000005E 8ED8                            mov ds, ax
    20 00000060 8EC0                            mov es, ax
    21 00000062 8ED0                            mov ss, ax
    22 00000064 BC007C                          mov sp, BOOT_LOAD
    23                                  
    24 00000067 FB                              sti
    25                                  
    26 00000068 8816[8800]                      mov [BOOT.DRIVE], dl
    27                                  
    28                                          ; 文字列を表示
    29 0000006C 68[7A00]E8180083C4-             cdecl puts, .s0
    29 00000074 02                 
    30 00000075 E83100                          cdecl reboot ; //戻ってこない
    31                                  
    32                                          ; 処理の終了
    33 00000078 EBFE                            jmp $
    34                                  
    35                                          ; データ
    36 0000007A 426F6F74696E672E2E-     .s0     db "Booting...", 0x0A, 0x0D, 0
    36 00000083 2E0A0D00           
    37                                  
    38 00000087 00                      ALIGN 2, db 0
    39                                  BOOT:
    40 00000088 0000                    .DRIVE: dw 0
    41                                  
    42                                  ;  モジュール
    43                                  %include "../modules/real/puts.s"
     1                              <1> puts:
     2                              <1>     ; スタックフレームの構築
     3 0000008A 55                  <1>     push bp
     4 0000008B 89E5                <1>     mov bp, sp
     5                              <1>     
     6                              <1>     ; レジスタの保存
     7 0000008D 50                  <1>     push ax
     8 0000008E 53                  <1>     push bx
     9 0000008F 56                  <1>     push si
    10                              <1> 
    11                              <1>     ; 引数を取得
    12 00000090 8B7604              <1>     mov si, [bp + 4] ; SI = 文字列へのアドレス
    13                              <1> 
    14                              <1>     ; 処理の開始
    15 00000093 B40E                <1>     mov ah, 0x0E    ; テレタイプ式1文字出力
    16 00000095 BB0000              <1>     mov bx, 0x0000  ; ページ番号と文字色を0に設定
    17 00000098 FC                  <1>     cld             ; DF = 0; // アドレス加算
    18                              <1> .10L:               ; do
    19                              <1>                     ; {
    20 00000099 AC                  <1>     lodsb           ;   AL = *SI++;
    21                              <1>                     ;
    22 0000009A 3C00                <1>     cmp al, 0       ; if (0 == AL)
    23 0000009C 7404                <1>     je .10E         ;   break;
    24                              <1>                     ;
    25 0000009E CD10                <1>     int 0x10        ; int 10(0x0E, AL); // 文字出力
    26 000000A0 EBF7                <1>     jmp .10L        ;
    27                              <1> .10E:               ; } while (1);
    28                              <1> 
    29                              <1>     ; レジスタの復帰
    30 000000A2 5E                  <1>     pop si
    31 000000A3 5B                  <1>     pop bx
    32 000000A4 58                  <1>     pop ax
    33                              <1> 
    34                              <1>     ; スタックフレームの破棄
    35 000000A5 89EC                <1>     mov sp, bp
    36 000000A7 5D                  <1>     pop bp
    37                              <1> 
    38 000000A8 C3                  <1>     ret
    44                                  %include "../modules/real/reboot.s"
     1                              <1> reboot:
     2                              <1>         ; メッセージを表示
     3 000000A9 68[C500]E8DBFF83C4- <1>         cdecl puts, .s0 ; // 再起動メッセージを表示
     3 000000B1 02                  <1>
     4                              <1> 
     5                              <1>         ; キー入力待ち
     6                              <1> .10L:                   ; do
     7                              <1>                         ; {
     8 000000B2 B410                <1>         mov ah, 0x10    ;   // キー入力待ち
     9 000000B4 CD16                <1>         int 0x16        ;   AL = BIOS(0x16, 0x10);
    10                              <1>                         ;
    11 000000B6 3C20                <1>         cmp al, ' '     ;   ZF = AL === ' ';
    12 000000B8 75F8                <1>         jne .10L        ; }
    13                              <1> 
    14                              <1>         ; 改行を出力
    15 000000BA 68[E300]E8CAFF83C4- <1>         cdecl puts, .s1 ; 改行
    15 000000C2 02                  <1>
    16                              <1> 
    17                              <1>         ; 再起動
    18 000000C3 CD19                <1>         int 0x19        ; BIOS(0x19); reboot();
    19                              <1> 
    20                              <1>         ; 文字列データ
    21 000000C5 0A0D50757368205350- <1> .s0 db 0x0A, 0x0D, "Push SPACE key to reboot...", 0
    21 000000CE 414345206B65792074- <1>
    21 000000D7 6F207265626F6F742E- <1>
    21 000000E0 2E2E00              <1>
    22 000000E3 0A0D0A0D00          <1> .s1 db 0x0A, 0x0D, 0x0A, 0x0D, 0
    45                                  
    46                                  ;  ブートフラグ(先頭512バイトの終了)
    47 000000E8 00<rept>                        times 510 - ($ - $$) db 0x00
    48 000001FE 55AA                            db 0x55, 0xAA
