     1                                  ;***********************************************************
     2                                  ;  マクロ
     3                                  ;***********************************************************
     4                                  %include "../include/define.s"
     1                              <1> BOOT_SIZE equ (1024 * 8)                    ; ブートコードサイズ
     2                              <1> KERNEL_SIZE equ (1024 * 8)                  ; カーネルサイズ
     3                              <1> 
     4                              <1> BOOT_LOAD equ 0x7C00                        ; ブートプログラムのロード位置
     5                              <1> BOOT_END equ (BOOT_LOAD + BOOT_SIZE)
     6                              <1> 
     7                              <1> SECT_SIZE equ (512)                         ; セクタサイズ
     8                              <1> 
     9                              <1> BOOT_SECT equ (BOOT_SIZE / SECT_SIZE)       ; ブートプログラムのセクタ数
    10                              <1> KERNEL_SECT equ (KERNEL_SIZE / SECT_SIZE)
    11                              <1> 
    12                              <1> E820_RECORD_SIZE equ 20
    13                              <1> 
    14                              <1> KERNEL_LOAD equ 0x0010_1000
    15                              <1> 
     5                                  %include "../include/macro.s"
     1                              <1> %macro cdecl 1-*.nolist
     2                              <1> 
     3                              <1>     %rep %0 - 1
     4                              <1>         push %{-1:-1}
     5                              <1>         %rotate - 1
     6                              <1>     %endrep
     7                              <1>     %rotate - 1
     8                              <1> 
     9                              <1>         call %1
    10                              <1> 
    11                              <1>     %if 1 < %0
    12                              <1>         add sp, (__BITS__ >> 3) * (%0 - 1)
    13                              <1>     %endif
    14                              <1> 
    15                              <1> %endmacro
    16                              <1> 
    17                              <1> struc drive
    18 00000000 <res 00000002>      <1>     .no resw 1      ; ドライブ番号
    19 00000002 <res 00000002>      <1>     .cyln resw 1    ; シリンダ
    20 00000004 <res 00000002>      <1>     .head resw 1    ; ヘッド
    21 00000006 <res 00000002>      <1>     .sect resw 1    ; セクタ
    22                              <1> endstruc
     6                                  
     7                                          ORG KERNEL_LOAD
     8                                  
     9                                  [BITS 32]
    10                                  ;***********************************************************
    11                                  ;  エントリポイント
    12                                  ;***********************************************************
    13                                  kernel:
    14                                          ;------------------------------------------
    15                                          ; フォントアドレスを取得
    16                                          ;------------------------------------------
    17 00000000 BE007E0000                      mov esi, BOOT_LOAD + SECT_SIZE
    18 00000005 0FB706                          movzx eax, word[esi + 0]
    19 00000008 0FB75E02                        movzx ebx, word[esi + 2]
    20 0000000C C1E004                          shl eax, 4
    21 0000000F 01D8                            add eax, ebx
    22 00000011 A3[80000000]                    mov [FONT_ADR], eax
    23                                  
    24                                          ;------------------------------------------
    25                                          ; フォントの一覧表示
    26                                          ;------------------------------------------
    27 00000016 6A0D6A3FE8E5010000-             cdecl draw_font, 63, 13
    27 0000001F 6683C408           
    28 00000023 6A046A3FE866020000-             cdecl draw_color_bar, 63, 4
    28 0000002C 6683C408           
    29                                  
    30                                          ;------------------------------------------
    31                                          ; 文字列を描画
    32                                          ;------------------------------------------
    33 00000030 68[71000000]680F01-             cdecl draw_str, 25, 14, 0x010F, .s0             ; draw_str();
    33 00000038 00006A0E6A19E80602-
    33 00000041 00006683C410       
    34                                  
    35                                          ;------------------------------------------
    36                                          ; 時刻の表示
    37                                          ;------------------------------------------
    38                                  .10L:
    39 00000047 68[84000000]E87005-             cdecl rtc_get_time, RTC_TIME
    39 0000004F 00006683C404       
    40 00000055 FF35[84000000]6800-             cdecl draw_time, 72, 0, 0x0700, dword[RTC_TIME]
    40 0000005D 0700006A006A48E899-
    40 00000066 0500006683C410     
    41 0000006D EBD8                            jmp .10L
    42                                  
    43                                          ;------------------------------------------
    44                                          ; 処理の終了
    45                                          ;------------------------------------------
    46 0000006F EBFE                            jmp $
    47                                  
    48 00000071 48656C6C6F2C206B65-     .s0 db "Hello, kernel!", 0
    48 0000007A 726E656C2100       
    49                                  
    50                                  ALIGN 4, db 0
    51 00000080 00000000                FONT_ADR: dd 0
    52 00000084 00000000                RTC_TIME: dd 0
    53                                  
    54                                  ;***********************************************************
    55                                  ;  モジュール
    56                                  ;***********************************************************
    57                                  %include "../modules/protect/vga.s"
     1                              <1> vga_set_read_plane:
     2                              <1>         ;-----------------------------------------
     3                              <1>         ; 【スタックフレームの構築】
     4                              <1>         ;-----------------------------------------
     5 00000088 55                  <1>         push ebp
     6 00000089 89E5                <1>         mov ebp, esp
     7                              <1> 
     8                              <1>         ;-----------------------------------------
     9                              <1>         ; 【レジスタの保存】
    10                              <1>         ;-----------------------------------------
    11 0000008B 50                  <1>         push eax
    12 0000008C 52                  <1>         push edx
    13                              <1> 
    14                              <1>         ;-----------------------------------------
    15                              <1>         ; 読み込みプレーンの選択
    16                              <1>         ;-----------------------------------------
    17 0000008D 8A6508              <1>         mov ah, [ebp + 8]
    18 00000090 80E403              <1>         and ah, 0x03
    19 00000093 B004                <1>         mov al, 0x04
    20 00000095 66BACE03            <1>         mov dx, 0x03CE
    21 00000099 66EF                <1>         out dx, ax
    22                              <1> 
    23                              <1>         ;-----------------------------------------
    24                              <1>         ; 【レジスタの復帰】
    25                              <1>         ;-----------------------------------------
    26 0000009B 5A                  <1>         pop edx
    27 0000009C 58                  <1>         pop eax
    28                              <1> 
    29                              <1>         ;-----------------------------------------
    30                              <1>         ; 【スタックフレームの破棄】
    31                              <1>         ;-----------------------------------------
    32 0000009D 89EC                <1>         mov esp, ebp
    33 0000009F 5D                  <1>         pop ebp
    34                              <1> 
    35 000000A0 C3                  <1>         ret
    36                              <1> 
    37                              <1> vga_set_write_plane:
    38                              <1>         ;-----------------------------------------
    39                              <1>         ; 【スタックフレームの構築】
    40                              <1>         ;-----------------------------------------
    41 000000A1 55                  <1>         push ebp
    42 000000A2 89E5                <1>         mov ebp, esp
    43                              <1> 
    44                              <1>         ;-----------------------------------------
    45                              <1>         ; 【レジスタの保存】
    46                              <1>         ;-----------------------------------------
    47 000000A4 50                  <1>         push eax
    48 000000A5 52                  <1>         push edx
    49                              <1> 
    50                              <1>         ;-----------------------------------------
    51                              <1>         ; 書き込みプレーンの選択
    52                              <1>         ;-----------------------------------------
    53 000000A6 8A6508              <1>         mov ah, [ebp + 8]
    54 000000A9 80E40F              <1>         and ah, 0x0F
    55 000000AC B002                <1>         mov al, 0x02
    56 000000AE 66BAC403            <1>         mov dx, 0x03C4
    57 000000B2 66EF                <1>         out dx, ax
    58                              <1> 
    59                              <1>         ;-----------------------------------------
    60                              <1>         ; 【レジスタの復帰】
    61                              <1>         ;-----------------------------------------
    62 000000B4 5A                  <1>         pop edx
    63 000000B5 58                  <1>         pop eax
    64                              <1> 
    65                              <1>         ;-----------------------------------------
    66                              <1>         ; 【スタックフレームの破棄】
    67                              <1>         ;-----------------------------------------
    68 000000B6 89EC                <1>         mov esp, ebp
    69 000000B8 5D                  <1>         pop ebp
    70                              <1> 
    71 000000B9 C3                  <1>         ret
    72                              <1> 
    73                              <1> vram_font_copy:
    74                              <1>         ;-----------------------------------------
    75                              <1>         ; 【スタックフレームの構築】
    76                              <1>         ;-----------------------------------------
    77 000000BA 55                  <1>         push ebp
    78 000000BB 89E5                <1>         mov ebp, esp
    79                              <1> 
    80                              <1>         ;-----------------------------------------
    81                              <1>         ; 【レジスタの保存】
    82                              <1>         ;-----------------------------------------
    83 000000BD 50                  <1>         push eax
    84 000000BE 53                  <1>         push ebx
    85 000000BF 51                  <1>         push ecx
    86 000000C0 52                  <1>         push edx
    87 000000C1 56                  <1>         push esi
    88 000000C2 57                  <1>         push edi
    89                              <1> 
    90                              <1>         ;-----------------------------------------
    91                              <1>         ; マスクデータの作成
    92                              <1>         ;-----------------------------------------
    93 000000C3 8B7508              <1>         mov esi, [ebp + 8]
    94 000000C6 8B7D0C              <1>         mov edi, [ebp + 12]
    95 000000C9 0FB64510            <1>         movzx eax, byte [ebp + 16]
    96 000000CD 0FB75D14            <1>         movzx ebx, word [ebp + 20]
    97                              <1> 
    98 000000D1 84C7                <1>         test bh, al
    99 000000D3 0F94C6              <1>         setz dh
   100 000000D6 FECE                <1>         dec dh
   101                              <1> 
   102 000000D8 84C3                <1>         test bl, al
   103 000000DA 0F94C2              <1>         setz dl
   104 000000DD FECA                <1>         dec dl
   105                              <1> 
   106                              <1>         ;-----------------------------------------
   107                              <1>         ; 16ドットフォントのコピー
   108                              <1>         ;-----------------------------------------
   109 000000DF FC                  <1>         cld
   110                              <1> 
   111 000000E0 B910000000          <1>         mov ecx, 16
   112                              <1> .10L:
   113                              <1> 
   114                              <1>         ;-----------------------------------------
   115                              <1>         ; フォントマスクの作成
   116                              <1>         ;-----------------------------------------
   117 000000E5 AC                  <1>         lodsb
   118 000000E6 88C4                <1>         mov ah, al
   119 000000E8 F6D4                <1>         not ah
   120                              <1> 
   121                              <1>         ;-----------------------------------------
   122                              <1>         ; 前景色
   123                              <1>         ;-----------------------------------------
   124 000000EA 20D0                <1>         and al, dl
   125                              <1> 
   126                              <1>         ;-----------------------------------------
   127                              <1>         ; 背景色
   128                              <1>         ;-----------------------------------------
   129 000000EC F7C310000000        <1>         test ebx, 0x0010
   130 000000F2 7404                <1>         jz .11F
   131 000000F4 2227                <1>         and ah, [edi]
   132 000000F6 EB02                <1>         jmp .11E
   133                              <1> .11F:
   134 000000F8 20F4                <1>         and ah, dh
   135                              <1> .11E:
   136                              <1> 
   137                              <1>         ;-----------------------------------------
   138                              <1>         ; 前景色と背景色をコピー
   139                              <1>         ;-----------------------------------------
   140 000000FA 08E0                <1>         or al, ah
   141                              <1> 
   142                              <1>         ;-----------------------------------------
   143                              <1>         ; 新しい値を出力
   144                              <1>         ;-----------------------------------------
   145 000000FC 8807                <1>         mov [edi], al
   146                              <1> 
   147 000000FE 83C750              <1>         add edi, 80
   148 00000101 E2E2                <1>         loop .10L
   149                              <1> .10E:
   150                              <1> 
   151                              <1>         ;-----------------------------------------
   152                              <1>         ; 【レジスタの復帰】
   153                              <1>         ;-----------------------------------------
   154 00000103 5F                  <1>         pop edi
   155 00000104 5E                  <1>         pop esi
   156 00000105 5A                  <1>         pop edx
   157 00000106 59                  <1>         pop ecx
   158 00000107 5B                  <1>         pop ebx
   159 00000108 58                  <1>         pop eax
   160                              <1> 
   161                              <1>         ;-----------------------------------------
   162                              <1>         ; 【スタックフレームの破棄】
   163                              <1>         ;-----------------------------------------
   164 00000109 89EC                <1>         mov esp, ebp
   165 0000010B 5D                  <1>         pop ebp
   166                              <1> 
   167 0000010C C3                  <1>         ret
   168                              <1> 
   169                              <1> vram_bit_copy:
   170                              <1>         ;-----------------------------------------
   171                              <1>         ; 【スタックフレームの構築】
   172                              <1>         ;-----------------------------------------
   173 0000010D 55                  <1>         push ebp
   174 0000010E 89E5                <1>         mov ebp, esp
   175                              <1> 
   176                              <1>         ;-----------------------------------------
   177                              <1>         ; 【レジスタの保存】
   178                              <1>         ;-----------------------------------------
   179 00000110 50                  <1>         push eax
   180 00000111 53                  <1>         push ebx
   181 00000112 57                  <1>         push edi
   182                              <1> 
   183                              <1>         ;-----------------------------------------
   184                              <1>         ; ビットのコピー
   185                              <1>         ;-----------------------------------------
   186 00000113 8B7D0C              <1>         mov edi, [ebp + 12]
   187 00000116 0FB64510            <1>         movzx eax, byte [ebp + 16]
   188 0000011A 0FB75D14            <1>         movzx ebx, word [ebp + 20]
   189                              <1> 
   190 0000011E 84C3                <1>         test bl, al
   191 00000120 0F94C3              <1>         setz bl
   192 00000123 FECB                <1>         dec bl
   193                              <1> 
   194                              <1>         ;-----------------------------------------
   195                              <1>         ; 反転処理
   196                              <1>         ;-----------------------------------------
   197 00000125 8A4508              <1>         mov al, [ebp + 8]
   198 00000128 88C4                <1>         mov ah, al
   199 0000012A F6D4                <1>         not ah
   200                              <1> 
   201                              <1>         ;-----------------------------------------
   202                              <1>         ; 描画処理
   203                              <1>         ;-----------------------------------------
   204 0000012C 2227                <1>         and ah, [edi]
   205 0000012E 20D8                <1>         and al, bl
   206 00000130 08E0                <1>         or al, ah
   207 00000132 8807                <1>         mov [edi], al
   208                              <1> 
   209                              <1>         ;-----------------------------------------
   210                              <1>         ; 【レジスタの復帰】
   211                              <1>         ;-----------------------------------------
   212 00000134 5F                  <1>         pop edi
   213 00000135 5B                  <1>         pop ebx
   214 00000136 58                  <1>         pop eax
   215                              <1> 
   216                              <1>         ;-----------------------------------------
   217                              <1>         ; 【スタックフレームの破棄】
   218                              <1>         ;-----------------------------------------
   219 00000137 89EC                <1>         mov esp, ebp
   220 00000139 5D                  <1>         pop ebp
   221                              <1> 
   222 0000013A C3                  <1>         ret
    58                                  %include "../modules/protect/draw_char.s"
     1                              <1> draw_char:
     2                              <1>         ;-----------------------------------------
     3                              <1>         ; 【スタックフレームの構築】
     4                              <1>         ;-----------------------------------------
     5 0000013B 55                  <1>         push ebp
     6 0000013C 89E5                <1>         mov ebp, esp
     7                              <1> 
     8                              <1>         ;-----------------------------------------
     9                              <1>         ; 【レジスタの保存】
    10                              <1>         ;-----------------------------------------
    11 0000013E 50                  <1>         push eax
    12 0000013F 53                  <1>         push ebx
    13 00000140 51                  <1>         push ecx
    14 00000141 52                  <1>         push edx
    15 00000142 56                  <1>         push esi
    16 00000143 57                  <1>         push edi
    17                              <1> 
    18                              <1>         ;-----------------------------------------
    19                              <1>         ; テストアンドセット
    20                              <1>         ;-----------------------------------------
    21                              <1> %ifdef	USE_TEST_AND_SET
    22                              <1>         cdecl test_and_set, IN_USE
    23                              <1> %endif
    24                              <1> 
    25                              <1>         ;-----------------------------------------
    26                              <1>         ; コピー元フォントアドレスを設定
    27                              <1>         ;-----------------------------------------
    28 00000144 0FB67514            <1>         movzx esi, byte [ebp + 20]
    29 00000148 C1E604              <1>         shl esi, 4
    30 0000014B 0335[80000000]      <1>         add esi, [FONT_ADR]
    31                              <1> 
    32                              <1>         ;-----------------------------------------
    33                              <1>         ; コピー先アドレスを取得
    34                              <1>         ; Adr = 0xA0000 + (640 / 8 * 16) * y + x
    35                              <1>         ;-----------------------------------------
    36 00000151 8B7D0C              <1>         mov edi, [ebp + 12]
    37 00000154 C1E708              <1>         shl edi, 8
    38 00000157 8DBCBF00000A00      <1>         lea edi, [edi * 4 + edi + 0xA0000]
    39 0000015E 037D08              <1>         add edi, [ebp + 8]
    40                              <1> 
    41                              <1>         ;-----------------------------------------
    42                              <1>         ; 1文字分のフォントを出力
    43                              <1>         ;-----------------------------------------
    44 00000161 0FB75D10            <1>         movzx ebx, word[ebp + 16]
    45                              <1> 
    46 00000165 6A03E81CFFFFFF6683- <1>         cdecl vga_set_read_plane, 0x03
    46 0000016E C404                <1>
    47 00000170 6A08E82AFFFFFF6683- <1>         cdecl vga_set_write_plane, 0x08
    47 00000179 C404                <1>
    48 0000017B 536A085756E835FFFF- <1>         cdecl vram_font_copy, esi, edi, 0x08, ebx
    48 00000184 FF6683C410          <1>
    49                              <1> 
    50 00000189 6A02E8F8FEFFFF6683- <1>         cdecl vga_set_read_plane, 0x02
    50 00000192 C404                <1>
    51 00000194 6A04E806FFFFFF6683- <1>         cdecl vga_set_write_plane, 0x04
    51 0000019D C404                <1>
    52 0000019F 536A045756E811FFFF- <1>         cdecl vram_font_copy, esi, edi, 0x04, ebx
    52 000001A8 FF6683C410          <1>
    53                              <1> 
    54 000001AD 6A01E8D4FEFFFF6683- <1>         cdecl vga_set_read_plane, 0x01
    54 000001B6 C404                <1>
    55 000001B8 6A02E8E2FEFFFF6683- <1>         cdecl vga_set_write_plane, 0x02
    55 000001C1 C404                <1>
    56 000001C3 536A025756E8EDFEFF- <1>         cdecl vram_font_copy, esi, edi, 0x02, ebx
    56 000001CC FF6683C410          <1>
    57                              <1> 
    58 000001D1 6A00E8B0FEFFFF6683- <1>         cdecl vga_set_read_plane, 0x00
    58 000001DA C404                <1>
    59 000001DC 6A01E8BEFEFFFF6683- <1>         cdecl vga_set_write_plane, 0x01
    59 000001E5 C404                <1>
    60 000001E7 536A015756E8C9FEFF- <1>         cdecl vram_font_copy, esi, edi, 0x01, ebx
    60 000001F0 FF6683C410          <1>
    61                              <1> 
    62                              <1>         ;-----------------------------------------
    63                              <1>         ; 変数のクリア
    64                              <1>         ;-----------------------------------------
    65                              <1> %ifdef	USE_TEST_AND_SET
    66                              <1>         mov [IN_USE], dword 0
    67                              <1> %endif
    68                              <1> 
    69                              <1>         ;-----------------------------------------
    70                              <1>         ; 【レジスタの復帰】
    71                              <1>         ;-----------------------------------------
    72 000001F5 5F                  <1>         pop edi
    73 000001F6 5E                  <1>         pop esi
    74 000001F7 5A                  <1>         pop edx
    75 000001F8 59                  <1>         pop ecx
    76 000001F9 5B                  <1>         pop ebx
    77 000001FA 58                  <1>         pop eax
    78                              <1> 
    79                              <1>         ;-----------------------------------------
    80                              <1>         ; 【スタックフレームの破棄】
    81                              <1>         ;-----------------------------------------
    82 000001FB 89EC                <1>         mov esp, ebp
    83 000001FD 5D                  <1>         pop ebp
    84                              <1> 
    85 000001FE C3                  <1>         ret
    86                              <1> 
    87 000001FF 00                  <1> ALIGN 4, db 0
    88 00000200 00000000            <1> IN_USE:	dd 0
    59                                  %include "../modules/protect/draw_font.s"
     1                              <1> draw_font:
     2                              <1>         ;-----------------------------------------
     3                              <1>         ; 【スタックフレームの構築】
     4                              <1>         ;-----------------------------------------
     5 00000204 55                  <1>         push ebp
     6 00000205 89E5                <1>         mov ebp, esp
     7                              <1> 
     8                              <1>         ;-----------------------------------------
     9                              <1>         ; 【レジスタの保存】
    10                              <1>         ;-----------------------------------------
    11 00000207 50                  <1>         push eax
    12 00000208 53                  <1>         push ebx
    13 00000209 51                  <1>         push ecx
    14 0000020A 52                  <1>         push edx
    15 0000020B 56                  <1>         push esi
    16 0000020C 57                  <1>         push edi
    17                              <1> 
    18                              <1>         ;-----------------------------------------
    19                              <1>         ; 基準となる位置をレジスタに保存
    20                              <1>         ;-----------------------------------------
    21 0000020D 8B7508              <1>         mov esi, [ebp + 8]
    22 00000210 8B7D0C              <1>         mov edi, [ebp + 12]
    23                              <1> 
    24                              <1>         ;-----------------------------------------
    25                              <1>         ; フォントを一覧表示する
    26                              <1>         ;-----------------------------------------
    27 00000213 B900000000          <1>         mov ecx, 0
    28                              <1> .10L:
    29 00000218 81F900010000        <1>         cmp ecx, 256
    30 0000021E 731F                <1>         jae .10E
    31                              <1> 
    32 00000220 89C8                <1>         mov eax, ecx
    33 00000222 83E00F              <1>         and eax, 0x0F
    34 00000225 01F0                <1>         add eax, esi
    35                              <1> 
    36 00000227 89CB                <1>         mov ebx, ecx
    37 00000229 C1EB04              <1>         shr ebx, 4
    38 0000022C 01FB                <1>         add ebx, edi
    39                              <1> 
    40 0000022E 516A075350E803FFFF- <1>         cdecl draw_char, eax, ebx, 0x07, ecx
    40 00000237 FF6683C410          <1>
    41                              <1> 
    42 0000023C 41                  <1>         inc ecx
    43 0000023D EBD9                <1>         jmp .10L
    44                              <1> .10E:
    45                              <1> 
    46                              <1>         ;-----------------------------------------
    47                              <1>         ; 【レジスタの復帰】
    48                              <1>         ;-----------------------------------------
    49 0000023F 5F                  <1>         pop edi
    50 00000240 5E                  <1>         pop esi
    51 00000241 5A                  <1>         pop edx
    52 00000242 59                  <1>         pop ecx
    53 00000243 5B                  <1>         pop ebx
    54 00000244 58                  <1>         pop eax
    55                              <1> 
    56                              <1>         ;-----------------------------------------
    57                              <1>         ; 【スタックフレームの破棄】
    58                              <1>         ;-----------------------------------------
    59 00000245 89EC                <1>         mov esp, ebp
    60 00000247 5D                  <1>         pop ebp
    61                              <1> 
    62 00000248 C3                  <1>         ret
    60                                  %include "../modules/protect/draw_str.s"
     1                              <1> draw_str:
     2                              <1>     ;---------------------------
     3                              <1>     ; スタックフレーム構築
     4                              <1>     ;---------------------------
     5 00000249 55                  <1>     push ebp
     6 0000024A 89E5                <1>     mov ebp, esp
     7                              <1> 
     8                              <1>     ;---------------------------
     9                              <1>     ; レジスタの保存
    10                              <1>     ;---------------------------
    11 0000024C 50                  <1>     push eax
    12 0000024D 53                  <1>     push ebx
    13 0000024E 51                  <1>     push ecx
    14 0000024F 52                  <1>     push edx
    15 00000250 56                  <1>     push esi
    16                              <1> 
    17                              <1>     ;---------------------------
    18                              <1>     ; 文字列を描画する
    19                              <1>     ;---------------------------
    20 00000251 8B4D08              <1>     mov ecx, [ebp + 8]              ; ECX = 列;
    21 00000254 8B550C              <1>     mov edx, [ebp + 12]             ; EDX = 行;
    22 00000257 0FB75D10            <1>     movzx ebx, word [ebp + 16]      ; EBX = 表示色;
    23 0000025B 8B7514              <1>     mov esi, [ebp + 20]             ; ESI = 文字列へのアドレス;
    24                              <1> 
    25 0000025E FC                  <1>     cld                             ; DF = 0; // アドレス加算
    26                              <1> .10L:                               ; do
    27                              <1>                                     ; {
    28 0000025F AC                  <1>     lodsb                           ;   AL = *ESI++; // 文字を取得
    29 00000260 3C00                <1>     cmp al, 0                       ;   if (0 == AL)
    30 00000262 7425                <1>     je .10E                         ;       break;
    31                              <1> 
    32 00000264 50535251E8CEFEFFFF- <1>     cdecl draw_char, ecx, edx, ebx, eax ; draw_char();
    32 0000026D 6683C410            <1>
    33                              <1> 
    34 00000271 41                  <1>     inc ecx                         ;   ECX = 0; // 列を加算
    35 00000272 83F950              <1>     cmp ecx, 80                     ;   if (80 <= ECX) // 80文字以上?
    36 00000275 7C10                <1>     jl .12E                         ;   {
    37 00000277 B900000000          <1>     mov ecx, 0                      ;       ECX = 0; // 列を初期化
    38 0000027C 42                  <1>     inc edx                         ;       EDX++; // 行を加算
    39 0000027D 83FA1E              <1>     cmp edx, 30                     ;       if (30 <= EDX) // 30行以上?
    40 00000280 7C05                <1>     jl .12E                         ;       {
    41 00000282 BA00000000          <1>     mov edx, 0                      ;           EDX = 0; // 行を初期化
    42                              <1>                                     ;       }
    43                              <1> .12E:                               ;   }
    44 00000287 EBD6                <1>     jmp .10L
    45                              <1> .10E:                               ; } while (1);
    46                              <1> 
    47                              <1>     ;-----------------------------------------
    48                              <1>     ; 【レジスタの復帰】
    49                              <1>     ;-----------------------------------------
    50 00000289 5E                  <1>     pop esi
    51 0000028A 5A                  <1>     pop edx
    52 0000028B 59                  <1>     pop ecx
    53 0000028C 5B                  <1>     pop ebx
    54 0000028D 58                  <1>     pop eax
    55                              <1> 
    56                              <1>     ;-----------------------------------------
    57                              <1>     ; 【スタックフレームの破棄】
    58                              <1>     ;-----------------------------------------
    59 0000028E 89EC                <1>     mov esp, ebp
    60 00000290 5D                  <1>     pop ebp
    61                              <1> 
    62 00000291 C3                  <1>     ret
    61                                  %include "../modules/protect/draw_color_bar.s"
     1                              <1> draw_color_bar:
     2                              <1>     ;---------------------------
     3                              <1>     ; スタックフレーム構築
     4                              <1>     ;---------------------------
     5 00000292 55                  <1>     push ebp
     6 00000293 89E5                <1>     mov ebp, esp
     7                              <1> 
     8                              <1>     ;---------------------------
     9                              <1>     ; レジスタの保存
    10                              <1>     ;---------------------------
    11 00000295 50                  <1>     push eax
    12 00000296 53                  <1>     push ebx
    13 00000297 51                  <1>     push ecx
    14 00000298 52                  <1>     push edx
    15 00000299 56                  <1>     push esi
    16                              <1> 
    17                              <1>     ;-----------------------------------------
    18                              <1>     ; 基準となる位置をレジスタに保存
    19                              <1>     ;-----------------------------------------
    20 0000029A 8B7508              <1>     mov esi, [ebp + 8]
    21 0000029D 8B7D0C              <1>     mov edi, [ebp + 12]
    22                              <1> 
    23                              <1>     ;---------------------------
    24                              <1>     ; カラーバーを表示
    25                              <1>     ;---------------------------
    26 000002A0 B900000000          <1>     mov ecx, 0                      ; for (ECX = 0;
    27                              <1> .10L:
    28 000002A5 83F910              <1>     cmp ecx, 16                     ;      ECX < 16;
    29 000002A8 732E                <1>     jae .10E                        ;
    30                              <1>                                     ;      ECX++)
    31                              <1>                                     ; {
    32 000002AA 89C8                <1>     mov eax, ecx                    ;   EAX = ECX;
    33 000002AC 83E001              <1>     and eax, 0x01                   ;   EAX &= 0x01;
    34 000002AF C1E003              <1>     shl eax, 3                      ;   EAX *= 8; // 8文字分乗算
    35 000002B2 01F0                <1>     add eax, esi                    ;   EAX += X;
    36                              <1> 
    37 000002B4 89CB                <1>     mov ebx, ecx                    ;   EBX = ECX;
    38 000002B6 D1EB                <1>     shr ebx, 1                      ;   EBX /= 2
    39 000002B8 01FB                <1>     add ebx, edi                    ;   EBX += Y;
    40                              <1> 
    41 000002BA 89CA                <1>     mov edx, ecx                    ;   EDX = ECX;
    42 000002BC D1E2                <1>     shl edx, 1                      ;   EDX /= 2;
    43 000002BE 8B92[EB020000]      <1>     mov edx, [.t0 + edx]            ;   EDX += Y;
    44                              <1> 
    45 000002C4 68[E2020000]525350- <1>     cdecl draw_str, eax, ebx, edx, .s0 ; draw_str();
    45 000002CC E878FFFFFF6683C410  <1>
    46                              <1> 
    47 000002D5 41                  <1>     inc ecx                         ; // for (...ECX++)
    48 000002D6 EBCD                <1>     jmp .10L
    49                              <1> .10E:                               ; }
    50                              <1> 
    51                              <1>     ;-----------------------------------------
    52                              <1>     ; 【レジスタの復帰】
    53                              <1>     ;-----------------------------------------
    54 000002D8 5F                  <1>     pop edi
    55 000002D9 5E                  <1>     pop esi
    56 000002DA 5A                  <1>     pop edx
    57 000002DB 59                  <1>     pop ecx
    58 000002DC 5B                  <1>     pop ebx
    59 000002DD 58                  <1>     pop eax
    60                              <1> 
    61                              <1>     ;-----------------------------------------
    62                              <1>     ; 【スタックフレームの破棄】
    63                              <1>     ;-----------------------------------------
    64 000002DE 89EC                <1>     mov esp, ebp
    65 000002E0 5D                  <1>     pop ebp
    66                              <1> 
    67 000002E1 C3                  <1>     ret
    68                              <1> 
    69 000002E2 202020202020202000  <1> .s0:    db '        ', 0
    70 000002EB 00000008            <1> .t0:    dw 0x0000, 0x0800
    71 000002EF 00010009            <1>         dw 0x0100, 0x0900
    72 000002F3 0002000A            <1>         dw 0x0200, 0x0A00
    73 000002F7 0003000B            <1>         dw 0x0300, 0x0B00
    74 000002FB 0004000C            <1>         dw 0x0400, 0x0C00
    75 000002FF 0005000D            <1>         dw 0x0500, 0x0D00
    76 00000303 0006000E            <1>         dw 0x0600, 0x0E00
    77 00000307 0007000F            <1>         dw 0x0700, 0x0F00
    62                                  %include "../modules/protect/draw_pixel.s"
     1                              <1> draw_pixel:
     2                              <1>         ;-----------------------------------------
     3                              <1>         ; 【スタックフレームの構築】
     4                              <1>         ;-----------------------------------------
     5 0000030B 55                  <1>         push ebp
     6 0000030C 89E5                <1>         mov ebp, esp
     7                              <1> 
     8                              <1>         ;-----------------------------------------
     9                              <1>         ; 【レジスタの保存】
    10                              <1>         ;-----------------------------------------
    11 0000030E 50                  <1>         push eax
    12 0000030F 53                  <1>         push ebx
    13 00000310 51                  <1>         push ecx
    14 00000311 57                  <1>         push edi
    15                              <1> 
    16                              <1>         ;-----------------------------------------
    17                              <1>         ; Y座標を80倍する(640/8)
    18                              <1>         ;-----------------------------------------
    19 00000312 8B7D0C              <1>         mov edi, [ebp + 12]
    20 00000315 C1E704              <1>         shl edi, 4
    21 00000318 8DBCBF00000A00      <1>         lea edi, [edi * 4 + edi + 0xA_0000]
    22                              <1> 
    23                              <1>         ;-----------------------------------------
    24                              <1>         ; X座標を1/8して加算
    25                              <1>         ;-----------------------------------------
    26 0000031F 8B5D08              <1>         mov ebx, [ebp + 8]
    27 00000322 89D9                <1>         mov ecx, ebx
    28 00000324 C1EB03              <1>         shr ebx, 3
    29 00000327 01DF                <1>         add edi, ebx
    30                              <1> 
    31                              <1>         ;-----------------------------------------
    32                              <1>         ; X座標を8で割った余りからビット位置を計算
    33                              <1>         ; (0=0x80, 1=0x40, ..., 7=0x01)
    34                              <1>         ;-----------------------------------------
    35 00000329 83E107              <1>         and ecx, 0x07
    36 0000032C BB80000000          <1>         mov ebx, 0x80
    37 00000331 D3EB                <1>         shr ebx, cl
    38                              <1> 
    39                              <1>         ;-----------------------------------------
    40                              <1>         ; 色指定
    41                              <1>         ;-----------------------------------------
    42 00000333 8B4D10              <1>         mov ecx, [ebp + 16]
    43                              <1> 
    44                              <1>         ;-----------------------------------------
    45                              <1>         ; プレーンごとに出力
    46                              <1>         ;-----------------------------------------
    47 00000336 6A03E84BFDFFFF6683- <1>         cdecl vga_set_read_plane, 0x03
    47 0000033F C404                <1>
    48 00000341 6A08E859FDFFFF6683- <1>         cdecl vga_set_write_plane, 0x08
    48 0000034A C404                <1>
    49 0000034C 516A085753E8B7FDFF- <1>         cdecl vram_bit_copy, ebx, edi, 0x08, ecx
    49 00000355 FF6683C410          <1>
    50                              <1> 
    51 0000035A 6A02E827FDFFFF6683- <1>         cdecl vga_set_read_plane, 0x02
    51 00000363 C404                <1>
    52 00000365 6A04E835FDFFFF6683- <1>         cdecl vga_set_write_plane, 0x04
    52 0000036E C404                <1>
    53 00000370 516A045753E893FDFF- <1>         cdecl vram_bit_copy, ebx, edi, 0x04, ecx
    53 00000379 FF6683C410          <1>
    54                              <1> 
    55 0000037E 6A01E803FDFFFF6683- <1>         cdecl vga_set_read_plane, 0x01
    55 00000387 C404                <1>
    56 00000389 6A02E811FDFFFF6683- <1>         cdecl vga_set_write_plane, 0x02
    56 00000392 C404                <1>
    57 00000394 516A025753E86FFDFF- <1>         cdecl vram_bit_copy, ebx, edi, 0x02, ecx
    57 0000039D FF6683C410          <1>
    58                              <1> 
    59 000003A2 6A00E8DFFCFFFF6683- <1>         cdecl vga_set_read_plane, 0x00
    59 000003AB C404                <1>
    60 000003AD 6A01E8EDFCFFFF6683- <1>         cdecl vga_set_write_plane, 0x01
    60 000003B6 C404                <1>
    61 000003B8 516A015753E84BFDFF- <1>         cdecl vram_bit_copy, ebx, edi, 0x01, ecx
    61 000003C1 FF6683C410          <1>
    62                              <1> 
    63                              <1>         ;-----------------------------------------
    64                              <1>         ; 【レジスタの復帰】
    65                              <1>         ;-----------------------------------------
    66 000003C6 5F                  <1>         pop edi
    67 000003C7 59                  <1>         pop ecx
    68 000003C8 5B                  <1>         pop ebx
    69 000003C9 58                  <1>         pop eax
    70                              <1> 
    71                              <1>         ;-----------------------------------------
    72                              <1>         ; 【スタックフレームの破棄】
    73                              <1>         ;-----------------------------------------
    74 000003CA 89EC                <1>         mov esp, ebp
    75 000003CC 5D                  <1>         pop ebp
    76                              <1> 
    77 000003CD C3                  <1>         ret
    78                              <1> 
    79 000003CE 202020202020202000  <1> .s0:    db '        ', 0
    80 000003D7 00000008            <1> .t0:    dw 0x0000, 0x0800
    81 000003DB 00010009            <1>         dw 0x0100, 0x0900
    82 000003DF 0002000A            <1>         dw 0x0200, 0x0A00
    83 000003E3 0003000B            <1>         dw 0x0300, 0x0B00
    84 000003E7 0004000C            <1>         dw 0x0400, 0x0C00
    85 000003EB 0005000D            <1>         dw 0x0500, 0x0D00
    86 000003EF 0006000E            <1>         dw 0x0600, 0x0E00
    87 000003F3 0007000F            <1>         dw 0x0700, 0x0F00
    63                                  %include "../modules/protect/draw_line.s"
     1                              <1> draw_line:
     2                              <1>         ;-----------------------------------------
     3                              <1>         ; 【スタックフレームの構築】
     4                              <1>         ;-----------------------------------------
     5 000003F7 55                  <1>         push ebp
     6 000003F8 89E5                <1>         mov ebp, esp
     7                              <1> 
     8 000003FA 6A00                <1>         push dword 0
     9 000003FC 6A00                <1>         push dword 0
    10 000003FE 6A00                <1>         push dword 0
    11 00000400 6A00                <1>         push dword 0
    12 00000402 6A00                <1>         push dword 0
    13 00000404 6A00                <1>         push dword 0
    14 00000406 6A00                <1>         push dword 0
    15                              <1> 
    16                              <1>         ;-----------------------------------------
    17                              <1>         ; 【レジスタの保存】
    18                              <1>         ;-----------------------------------------
    19 00000408 50                  <1>         push eax
    20 00000409 53                  <1>         push ebx
    21 0000040A 51                  <1>         push ecx
    22 0000040B 52                  <1>         push edx
    23 0000040C 56                  <1>         push esi
    24 0000040D 57                  <1>         push edi
    25                              <1> 
    26                              <1>         ;-----------------------------------------
    27                              <1>         ; 幅を計算(X軸)
    28                              <1>         ;-----------------------------------------
    29 0000040E 8B4508              <1>         mov eax, [ebp + 8]
    30 00000411 8B5D10              <1>         mov ebx, [ebp + 16]
    31 00000414 29C3                <1>         sub ebx, eax
    32 00000416 7D09                <1>         jge .10F
    33                              <1> 
    34 00000418 F7DB                <1>         neg ebx
    35 0000041A BEFFFFFFFF          <1>         mov esi, -1
    36 0000041F EB05                <1>         jmp .10E
    37                              <1> .10F:
    38 00000421 BE01000000          <1>         mov esi, 1
    39                              <1> .10E:
    40                              <1> 
    41                              <1>         ;-----------------------------------------
    42                              <1>         ; 高さを計算(Y軸)
    43                              <1>         ;-----------------------------------------
    44 00000426 8B4D0C              <1>         mov ecx, [ebp + 12]
    45 00000429 8B5514              <1>         mov edx, [ebp + 20]
    46 0000042C 29CA                <1>         sub edx, ecx
    47 0000042E 7D09                <1>         jge .20F
    48                              <1> 
    49 00000430 F7DA                <1>         neg edx
    50 00000432 BFFFFFFFFF          <1>         mov edi, -1
    51 00000437 EB05                <1>         jmp .20E
    52                              <1> .20F:
    53 00000439 BF01000000          <1>         mov edi, 1
    54                              <1> .20E:
    55                              <1> 
    56                              <1>         ;-----------------------------------------
    57                              <1>         ; X軸
    58                              <1>         ;-----------------------------------------
    59 0000043E 8945F8              <1>         mov [ebp - 8], eax
    60 00000441 895DF4              <1>         mov [ebp - 12], ebx
    61 00000444 8975F0              <1>         mov [ebp - 16], esi
    62                              <1> 
    63                              <1>         ;-----------------------------------------
    64                              <1>         ; Y軸
    65                              <1>         ;-----------------------------------------
    66 00000447 894DEC              <1>         mov [ebp - 20], ecx
    67 0000044A 8955E8              <1>         mov [ebp - 24], edx
    68 0000044D 897DE4              <1>         mov [ebp - 28], edi
    69                              <1> 
    70                              <1>         ;-----------------------------------------
    71                              <1>         ; 基準軸を決める
    72                              <1>         ;-----------------------------------------
    73 00000450 39D3                <1>         cmp ebx, edx
    74 00000452 7F08                <1>         jg .22F
    75                              <1> 
    76 00000454 8D75EC              <1>         lea esi, [ebp - 20]
    77 00000457 8D7DF8              <1>         lea edi, [ebp - 8]
    78                              <1> 
    79 0000045A EB06                <1>         jmp .22E
    80                              <1> .22F:
    81 0000045C 8D75F8              <1>         lea esi, [ebp - 8]
    82 0000045F 8D7DEC              <1>         lea edi, [ebp - 20]
    83                              <1> .22E:
    84                              <1> 
    85                              <1>         ;-----------------------------------------
    86                              <1>         ; 繰り返し回数(基準軸のドット数)
    87                              <1>         ;-----------------------------------------
    88 00000462 8B4EFC              <1>         mov ecx, [esi - 4]
    89 00000465 83F900              <1>         cmp ecx, 0
    90 00000468 7505                <1>         jnz .30E
    91 0000046A B901000000          <1>         mov ecx, 1
    92                              <1> .30E:
    93                              <1> 
    94                              <1>         ;-----------------------------------------
    95                              <1>         ; 線を描画
    96                              <1>         ;-----------------------------------------
    97                              <1> .50L:
    98                              <1> 
    99                              <1> %ifdef  USE_SYSTEM_CALL
   100                              <1>         mov eax, ecx
   101                              <1> 
   102                              <1>         mov ebx, [ebp + 24]
   103                              <1>         mov ecx, [ebp - 8]
   104                              <1>         mov edx, [ebp - 20]
   105                              <1>         int 0x82
   106                              <1> 
   107                              <1>         mov ecx, eax
   108                              <1> %else
   109 0000046F FF7518FF75ECFF75F8- <1>         cdecl draw_pixel, dword [ebp - 8], dword [ebp - 20], dword [ebp + 24]
   109 00000478 E88EFEFFFF6683C40C  <1>
   110                              <1> %endif
   111                              <1> 
   112 00000481 8B46F8              <1>         mov eax, [esi - 8]
   113 00000484 0106                <1>         add [esi - 0], eax
   114                              <1> 
   115 00000486 8B45FC              <1>         mov eax, [ebp - 4]
   116 00000489 0347FC              <1>         add eax, [edi - 4]
   117 0000048C 8B5EFC              <1>         mov ebx, [esi - 4]
   118                              <1> 
   119 0000048F 39D8                <1>         cmp eax, ebx
   120 00000491 7C07                <1>         jl .52E
   121 00000493 29D8                <1>         sub eax, ebx
   122                              <1> 
   123 00000495 8B5FF8              <1>         mov ebx, [edi - 8]
   124 00000498 011F                <1>         add [edi - 0], ebx
   125                              <1> .52E:
   126 0000049A 8945FC              <1>         mov [ebp - 4], eax
   127                              <1> 
   128 0000049D E2D0                <1>         loop .50L
   129                              <1> .50E:
   130                              <1> 
   131                              <1>         ;-----------------------------------------
   132                              <1>         ; 【レジスタの復帰】
   133                              <1>         ;-----------------------------------------
   134 0000049F 5F                  <1>         pop edi
   135 000004A0 5E                  <1>         pop esi
   136 000004A1 5A                  <1>         pop edx
   137 000004A2 59                  <1>         pop ecx
   138 000004A3 5B                  <1>         pop ebx
   139 000004A4 58                  <1>         pop eax
   140                              <1> 
   141                              <1>         ;-----------------------------------------
   142                              <1>         ; 【スタックフレームの破棄】
   143                              <1>         ;-----------------------------------------
   144 000004A5 89EC                <1>         mov esp, ebp
   145 000004A7 5D                  <1>         pop ebp
   146                              <1> 
   147 000004A8 C3                  <1>         ret
   148                              <1> 
   149 000004A9 202020202020202000  <1> .s0:    db '        ', 0
   150 000004B2 00000008            <1> .t0:    dw 0x0000, 0x0800
   151 000004B6 00010009            <1>         dw 0x0100, 0x0900
   152 000004BA 0002000A            <1>         dw 0x0200, 0x0A00
   153 000004BE 0003000B            <1>         dw 0x0300, 0x0B00
   154 000004C2 0004000C            <1>         dw 0x0400, 0x0C00
   155 000004C6 0005000D            <1>         dw 0x0500, 0x0D00
   156 000004CA 0006000E            <1>         dw 0x0600, 0x0E00
   157 000004CE 0007000F            <1>         dw 0x0700, 0x0F00
    64                                  %include "../modules/protect/draw_rect.s"
     1                              <1> draw_rect:
     2                              <1>         ;-----------------------------------------
     3                              <1>         ; 【スタックフレームの構築】
     4                              <1>         ;-----------------------------------------
     5 000004D2 55                  <1>         push ebp
     6 000004D3 89E5                <1>         mov ebp, esp
     7                              <1> 
     8                              <1>         ;-----------------------------------------
     9                              <1>         ; 【レジスタの保存】
    10                              <1>         ;-----------------------------------------
    11 000004D5 50                  <1>         push eax
    12 000004D6 53                  <1>         push ebx
    13 000004D7 51                  <1>         push ecx
    14 000004D8 52                  <1>         push edx
    15 000004D9 56                  <1>         push esi
    16                              <1> 
    17                              <1>         ;-----------------------------------------
    18                              <1>         ; 引数の取得
    19                              <1>         ;-----------------------------------------
    20 000004DA 8B4508              <1>         mov eax, [ebp + 8]
    21 000004DD 8B5D0C              <1>         mov ebx, [ebp + 12]
    22 000004E0 8B4D10              <1>         mov ecx, [ebp + 16]
    23 000004E3 8B5514              <1>         mov edx, [ebp + 20]
    24 000004E6 8B7518              <1>         mov esi, [ebp + 24]
    25                              <1> 
    26                              <1>         ;-----------------------------------------
    27                              <1>         ; 座標軸の大小を確定
    28                              <1>         ;-----------------------------------------
    29 000004E9 39C8                <1>         cmp eax, ecx
    30 000004EB 7C01                <1>         jl .10E
    31 000004ED 91                  <1>         xchg eax, ecx
    32                              <1> .10E:
    33 000004EE 39D3                <1>         cmp ebx, edx
    34 000004F0 7C02                <1>         jl .20E
    35 000004F2 87DA                <1>         xchg ebx, edx
    36                              <1> .20E:
    37                              <1> 
    38                              <1>         ;-----------------------------------------
    39                              <1>         ; 矩形を描画
    40                              <1>         ;-----------------------------------------
    41 000004F4 5653515350E8F9FEFF- <1>         cdecl draw_line, eax, ebx, ecx, ebx, esi
    41 000004FD FF6683C414          <1>
    42 00000502 5652505350E8EBFEFF- <1>         cdecl draw_line, eax, ebx, eax, edx, esi
    42 0000050B FF6683C414          <1>
    43                              <1> 
    44 00000510 4A                  <1>         dec edx
    45 00000511 5652515250E8DCFEFF- <1>         cdecl draw_line, eax, edx, ecx, edx, esi
    45 0000051A FF6683C414          <1>
    46 0000051F 42                  <1>         inc edx
    47                              <1> 
    48 00000520 49                  <1>         dec ecx
    49 00000521 5652515351E8CCFEFF- <1>         cdecl draw_line, ecx, ebx, ecx, edx, esi
    49 0000052A FF6683C414          <1>
    50                              <1> 
    51                              <1>         ;-----------------------------------------
    52                              <1>         ; 【レジスタの復帰】
    53                              <1>         ;-----------------------------------------
    54 0000052F 5E                  <1>         pop esi
    55 00000530 5A                  <1>         pop edx
    56 00000531 59                  <1>         pop ecx
    57 00000532 5B                  <1>         pop ebx
    58 00000533 58                  <1>         pop eax
    59                              <1> 
    60                              <1>         ;-----------------------------------------
    61                              <1>         ; 【スタックフレームの破棄】
    62                              <1>         ;-----------------------------------------
    63 00000534 89EC                <1>         mov esp, ebp
    64 00000536 5D                  <1>         pop ebp
    65                              <1> 
    66 00000537 C3                  <1>         ret
    65                                  %include "../modules/protect/itoa.s"
     1                              <1> itoa:
     2                              <1>         ;---------------------------------------
     3                              <1>         ; 【スタックフレームの構築】
     4                              <1>         ;---------------------------------------
     5 00000538 55                  <1>         push ebp
     6 00000539 89E5                <1>         mov ebp, esp
     7                              <1> 
     8                              <1>         ;---------------------------------------
     9                              <1>         ; 【レジスタの保存】
    10                              <1>         ;---------------------------------------
    11 0000053B 50                  <1>         push eax
    12 0000053C 53                  <1>         push ebx
    13 0000053D 51                  <1>         push ecx
    14 0000053E 52                  <1>         push edx
    15 0000053F 56                  <1>         push esi
    16 00000540 57                  <1>         push edi
    17                              <1> 
    18                              <1>         ;---------------------------------------
    19                              <1>         ; 引数を取得
    20                              <1>         ;---------------------------------------
    21 00000541 8B4508              <1>         mov eax, [ebp + 8]
    22 00000544 8B750C              <1>         mov esi, [ebp + 12]
    23 00000547 8B4D10              <1>         mov ecx, [ebp + 16]
    24                              <1> 
    25 0000054A 89F7                <1>         mov edi, esi
    26 0000054C 01CF                <1>         add edi, ecx
    27 0000054E 4F                  <1>         dec edi
    28                              <1> 
    29 0000054F 8B5D18              <1>         mov ebx, [ebp + 24]
    30                              <1> 
    31                              <1>         ;---------------------------------------
    32                              <1>         ; 符号付き判定
    33                              <1>         ;---------------------------------------
    34 00000552 F7C301000000        <1>         test ebx, 0b0001
    35                              <1> .10Q:
    36 00000558 7408                <1>         je .10E
    37 0000055A 83F800              <1>         cmp eax, 0
    38                              <1> .12Q:
    39 0000055D 7D03                <1>         jge .12E
    40 0000055F 83CB02              <1>         or ebx, 0b0010
    41                              <1> .12E:
    42                              <1> .10E:
    43                              <1> 
    44                              <1>         ;---------------------------------------
    45                              <1>         ; 符号出力判定
    46                              <1>         ;---------------------------------------
    47 00000562 F7C302000000        <1>         test ebx, 0b0010
    48                              <1> .20Q:
    49 00000568 7410                <1>         je .20E
    50 0000056A 83F800              <1>         cmp eax, 0
    51                              <1> .22Q:
    52 0000056D 7D07                <1>         jge .22F
    53 0000056F F7D8                <1>         neg eax
    54 00000571 C6062D              <1>         mov [esi], byte '-'
    55 00000574 EB03                <1>         jmp .22E
    56                              <1> .22F:
    57 00000576 C6062B              <1>         mov [esi], byte '+'
    58                              <1> .22E:
    59 00000579 49                  <1>         dec ecx
    60                              <1> .20E:
    61                              <1> 
    62                              <1>         ;---------------------------------------
    63                              <1>         ; ASCII 変換
    64                              <1>         ;---------------------------------------
    65 0000057A 8B5D14              <1>         mov ebx, [ebp + 20]
    66                              <1> .30L:
    67 0000057D BA00000000          <1>         mov edx, 0
    68 00000582 F7F3                <1>         div ebx
    69                              <1> 
    70 00000584 89D6                <1>         mov esi, edx
    71 00000586 8A96[B1050000]      <1>         mov dl, byte [.ascii + esi]
    72                              <1> 
    73 0000058C 8817                <1>         mov [edi], dl
    74 0000058E 4F                  <1>         dec edi
    75                              <1> 
    76 0000058F 83F800              <1>         cmp eax, 0
    77 00000592 E0E9                <1>         loopnz .30L
    78                              <1> .30E:
    79                              <1> 
    80                              <1>         ;---------------------------------------
    81                              <1>         ; 空欄を埋める
    82                              <1>         ;---------------------------------------
    83 00000594 83F900              <1>         cmp ecx, 0
    84                              <1> .40Q:
    85 00000597 740E                <1>         je .40E
    86 00000599 B020                <1>         mov al, ' '
    87 0000059B 66837D1804          <1>         cmp [ebp + 24], word 0b0100
    88                              <1> .42Q:
    89 000005A0 7502                <1>         jne .42E
    90 000005A2 B030                <1>         mov al, '0'
    91                              <1> .42E:
    92 000005A4 FD                  <1>         std
    93 000005A5 F3AA                <1>         rep stosb
    94                              <1> .40E:
    95                              <1> 
    96                              <1>         ;---------------------------------------
    97                              <1>         ; 【レジスタの復帰】
    98                              <1>         ;---------------------------------------
    99 000005A7 5F                  <1>         pop edi
   100 000005A8 5E                  <1>         pop esi
   101 000005A9 5A                  <1>         pop edx
   102 000005AA 59                  <1>         pop ecx
   103 000005AB 5B                  <1>         pop ebx
   104 000005AC 58                  <1>         pop eax
   105                              <1> 
   106                              <1>         ;---------------------------------------
   107                              <1>         ; 【スタックフレームの破棄】
   108                              <1>         ;---------------------------------------
   109 000005AD 89EC                <1>         mov esp, ebp
   110 000005AF 5D                  <1>         pop ebp
   111                              <1> 
   112 000005B0 C3                  <1>         ret
   113                              <1> 
   114 000005B1 303132333435363738- <1> .ascii db "0123456789ABCDEF"
   114 000005BA 39414243444546      <1>
    66                                  %include "../modules/protect/rtc.s"
     1                              <1> rtc_get_time:
     2                              <1>         ;-----------------------------------------
     3                              <1>         ; 【スタックフレームの構築】
     4                              <1>         ;-----------------------------------------
     5 000005C1 55                  <1>         push ebp
     6 000005C2 89E5                <1>         mov ebp, esp
     7                              <1> 
     8                              <1>         ;-----------------------------------------
     9                              <1>         ; 【レジスタの保存】
    10                              <1>         ;-----------------------------------------
    11 000005C4 53                  <1>         push ebx
    12                              <1> 
    13                              <1>         ;-----------------------------------------
    14                              <1>         ; RTCの読み込み
    15                              <1>         ;-----------------------------------------
    16 000005C5 B00A                <1>         mov al, 0x0A
    17 000005C7 E670                <1>         out 0x70, al
    18 000005C9 E471                <1>         in al, 0x71
    19 000005CB A880                <1>         test al, 0x80
    20 000005CD 7407                <1>         je .10F
    21 000005CF B801000000          <1>         mov eax, 1
    22 000005D4 EB27                <1>         jmp .10E
    23                              <1> .10F:
    24 000005D6 B004                <1>         mov al, 0x04
    25 000005D8 E670                <1>         out 0x70, al
    26 000005DA E471                <1>         in al, 0x71
    27                              <1> 
    28 000005DC C1E008              <1>         shl eax, 8
    29                              <1> 
    30 000005DF B002                <1>         mov al, 0x02
    31 000005E1 E670                <1>         out 0x70, al
    32 000005E3 E471                <1>         in al, 0x71
    33                              <1> 
    34 000005E5 C1E008              <1>         shl eax, 8
    35                              <1> 
    36 000005E8 B000                <1>         mov al, 0x00
    37 000005EA E670                <1>         out 0x70, al
    38 000005EC E471                <1>         in al, 0x71
    39                              <1> 
    40 000005EE 25FFFFFF00          <1>         and eax, 0x00_FF_FF_FF
    41                              <1> 
    42 000005F3 8B5D08              <1>         mov ebx, [ebp + 8]
    43 000005F6 8903                <1>         mov [ebx], eax
    44                              <1> 
    45 000005F8 B800000000          <1>         mov eax, 0
    46                              <1> .10E:
    47                              <1> 
    48                              <1>         ;-----------------------------------------
    49                              <1>         ; 【レジスタの復帰】
    50                              <1>         ;-----------------------------------------
    51 000005FD 5B                  <1>         pop ebx
    52                              <1> 
    53                              <1>         ;-----------------------------------------
    54                              <1>         ; 【スタックフレームの破棄】
    55                              <1>         ;-----------------------------------------
    56 000005FE 89EC                <1>         mov esp, ebp
    57 00000600 5D                  <1>         pop ebp
    58                              <1> 
    59 00000601 C3                  <1>         ret
    67                                  %include "../modules/protect/draw_time.s"
     1                              <1> draw_time:
     2                              <1>         ;-----------------------------------------
     3                              <1>         ; 【スタックフレームの構築】
     4                              <1>         ;-----------------------------------------
     5 00000602 55                  <1>         push ebp
     6 00000603 89E5                <1>         mov ebp, esp
     7                              <1> 
     8                              <1>         ;-----------------------------------------
     9                              <1>         ; 【レジスタの保存】
    10                              <1>         ;-----------------------------------------
    11 00000605 50                  <1>         push eax
    12 00000606 53                  <1>         push ebx
    13                              <1> 
    14                              <1>         ;-----------------------------------------
    15                              <1>         ; 時刻の表示
    16                              <1>         ;-----------------------------------------
    17 00000607 8B4514              <1>         mov eax, [ebp + 20]
    18                              <1> 
    19 0000060A 0FB6D8              <1>         movzx ebx, al
    20 0000060D 6A046A106A0268-     <1>         cdecl itoa, ebx, .sec, 2, 16, 0b0100
    20 00000614 [74060000]53E81AFF- <1>
    20 0000061C FFFF6683C414        <1>
    21                              <1> 
    22 00000622 88E3                <1>         mov bl, ah
    23 00000624 6A046A106A0268-     <1>         cdecl itoa, ebx, .min, 2, 16, 0b0100
    23 0000062B [71060000]53E803FF- <1>
    23 00000633 FFFF6683C414        <1>
    24                              <1> 
    25 00000639 C1E810              <1>         shr eax, 16
    26 0000063C 6A046A106A0268-     <1>         cdecl itoa, eax, .hour, 2, 16, 0b0100
    26 00000643 [6E060000]50E8EBFE- <1>
    26 0000064B FFFF6683C414        <1>
    27                              <1> 
    28 00000651 68[6E060000]FF7510- <1>         cdecl draw_str, dword[ebp + 8], dword[ebp + 12], dword[ebp + 16], .hour
    28 00000659 FF750CFF7508E8E5FB- <1>
    28 00000662 FFFF6683C410        <1>
    29                              <1> 
    30                              <1>         ;-----------------------------------------
    31                              <1>         ; 【レジスタの復帰】
    32                              <1>         ;-----------------------------------------
    33 00000668 5B                  <1>         pop ebx
    34 00000669 58                  <1>         pop eax
    35                              <1> 
    36                              <1>         ;-----------------------------------------
    37                              <1>         ; 【スタックフレームの破棄】
    38                              <1>         ;-----------------------------------------
    39 0000066A 89EC                <1>         mov esp, ebp
    40 0000066C 5D                  <1>         pop ebp
    41                              <1> 
    42 0000066D C3                  <1>         ret
    43                              <1> 
    44 0000066E 5A5A3A              <1> .hour:  db "ZZ:"
    45 00000671 5A5A3A              <1> .min:   db "ZZ:"
    46 00000674 5A5A00              <1> .sec:   db "ZZ", 0
    68                                  
    69                                  ;***********************************************************
    70                                  ;  パディング
    71                                  ;***********************************************************
    72 00000677 00<rept>                        times KERNEL_SIZE - ($ - $$) db 0
