     1                                      BOOT_LOAD equ 0x7C00 ; ブートプログラムのロード位置
     2                                  
     3                                      ORG BOOT_LOAD ; ロードアドレスをアセンブラに指示
     4                                  
     5                                  entry:
     6                                      ; BPB(BIOS Parameter Block)
     7 00000000 EB58                        jmp ipl
     8 00000002 90<rept>                    times 90 - ($ - $$) db 0x90
     9                                  
    10                                  
    11                                      ; IPL(Initial Program Loader)
    12                                  ipl:
    13 0000005A FA                          cli ; 割り込み禁止
    14                                  
    15 0000005B B80000                      mov ax, 0x0000 
    16 0000005E 8ED8                        mov ds, ax
    17 00000060 8EC0                        mov es, ax
    18 00000062 8ED0                        mov ss, ax
    19 00000064 BC007C                      mov sp, BOOT_LOAD
    20                                  
    21 00000067 FB                          sti ; 割り込み許可
    22                                  
    23 00000068 8816[7800]                  mov [BOOT.DRIVE], dl ; ブートドライブを保存
    24                                  
    25 0000006C B041                        mov al, 'A'
    26 0000006E B40E                        mov ah, 0x0E ; テレタイプ式1文字出力
    27 00000070 BB0000                      mov bx, 0x0000 ; ページ番号と文字色を0に設定
    28 00000073 CD10                        int 0x10 ; ビデオBIOSコール
    29                                  
    30 00000075 EBFE                        jmp $ ; 無限ループ
    31                                  
    32 00000077 00                      ALIGN 2, db 0
    33                                  BOOT:        ; ブートドライブに関する情報
    34 00000078 0000                    .DRIVE: dw 0 ; ドライブ番号
    35                                  
    36                                  ; ブートフラグ（先頭512バイトの終了）
    37 0000007A 00<rept>                    times 510 - ($ - $$) db 0x00
    38 000001FE 55AA                        db 0x55, 0xAA
