     1                                  ;***********************************************************
     2                                  ;  マクロ
     3                                  ;***********************************************************
     4                                  %include "../include/define.s"
     1                              <1> BOOT_SIZE equ (1024 * 8)                    ; ブートコードサイズ
     2                              <1> KERNEL_SIZE equ (1024 * 8)                  ; カーネルサイズ
     3                              <1> 
     4                              <1> BOOT_LOAD equ 0x7C00                        ; ブートプログラムのロード位置
     5                              <1> BOOT_END equ (BOOT_LOAD + BOOT_SIZE)
     6                              <1> 
     7                              <1> SECT_SIZE equ (512)                         ; セクタサイズ
     8                              <1> 
     9                              <1> BOOT_SECT equ (BOOT_SIZE / SECT_SIZE)       ; ブートプログラムのセクタ数
    10                              <1> KERNEL_SECT equ (KERNEL_SIZE / SECT_SIZE)
    11                              <1> 
    12                              <1> E820_RECORD_SIZE equ 20
    13                              <1> 
    14                              <1> KERNEL_LOAD equ 0x0010_1000
    15                              <1> 
     5                                  %include "../include/macro.s"
     1                              <1> %macro cdecl 1-*.nolist
     2                              <1> 
     3                              <1>     %rep %0 - 1
     4                              <1>         push %{-1:-1}
     5                              <1>         %rotate - 1
     6                              <1>     %endrep
     7                              <1>     %rotate - 1
     8                              <1> 
     9                              <1>         call %1
    10                              <1> 
    11                              <1>     %if 1 < %0
    12                              <1>         add sp, (__BITS__ >> 3) * (%0 - 1)
    13                              <1>     %endif
    14                              <1> 
    15                              <1> %endmacro
    16                              <1> 
    17                              <1> struc drive
    18 00000000 <res 00000002>      <1>     .no resw 1      ; ドライブ番号
    19 00000002 <res 00000002>      <1>     .cyln resw 1    ; シリンダ
    20 00000004 <res 00000002>      <1>     .head resw 1    ; ヘッド
    21 00000006 <res 00000002>      <1>     .sect resw 1    ; セクタ
    22                              <1> endstruc
     6                                  
     7                                          ORG KERNEL_LOAD
     8                                  
     9                                  [BITS 32]
    10                                  ;***********************************************************
    11                                  ;  エントリポイント
    12                                  ;***********************************************************
    13                                  kernel:
    14                                          ;------------------------------------------
    15                                          ; フォントアドレスを取得
    16                                          ;------------------------------------------
    17 00000000 BE007E0000                      mov esi, BOOT_LOAD + SECT_SIZE
    18 00000005 0FB706                          movzx eax, word[esi + 0]
    19 00000008 0FB75E02                        movzx ebx, word[esi + 2]
    20 0000000C C1E004                          shl eax, 4
    21 0000000F 01D8                            add eax, ebx
    22 00000011 A3[B4010000]                    mov [FONT_ADR], eax
    23                                  
    24                                          ;------------------------------------------
    25                                          ; フォントの一覧表示
    26                                          ;------------------------------------------
    27 00000016 6A0D6A3FE815030000-             cdecl draw_font, 63, 13
    27 0000001F 6683C408           
    28 00000023 6A046A3FE896030000-             cdecl draw_color_bar, 63, 4
    28 0000002C 6683C408           
    29                                  
    30                                          ;------------------------------------------
    31                                          ; 文字列を描画
    32                                          ;------------------------------------------
    33 00000030 68[A3010000]680F01-             cdecl draw_str, 25, 14, 0x010F, .s0             ; draw_str();
    33 00000038 00006A0E6A19E83603-
    33 00000041 00006683C410       
    34                                  
    35                                          ;------------------------------------------
    36                                          ; 線を描画
    37                                          ;------------------------------------------
    38 00000047 6A0F6A006A006A646A-             cdecl draw_line, 100, 100, 0, 0, 0x0F
    38 00000050 64E8D10400006683C4-
    38 00000059 14                 
    39 0000005A 6A0F6A0068C8000000-             cdecl draw_line, 100, 100, 200, 0, 0x0F
    39 00000063 6A646A64E8BB040000-
    39 0000006C 6683C414           
    40 00000070 6A0F68C800000068C8-             cdecl draw_line, 100, 100, 200, 200, 0x0F
    40 00000079 0000006A646A64E8A2-
    40 00000082 0400006683C414     
    41 00000089 6A0F68C80000006A00-             cdecl draw_line, 100, 100, 0, 200, 0x0F
    41 00000092 6A646A64E88C040000-
    41 0000009B 6683C414           
    42                                  
    43 0000009F 6A026A006A326A646A-             cdecl draw_line, 100, 100, 50, 0, 0x02
    43 000000A8 64E8790400006683C4-
    43 000000B1 14                 
    44 000000B2 6A036A006896000000-             cdecl draw_line, 100, 100, 150, 0, 0x03
    44 000000BB 6A646A64E863040000-
    44 000000C4 6683C414           
    45 000000C8 6A0468C80000006896-             cdecl draw_line, 100, 100, 150, 200, 0x04
    45 000000D1 0000006A646A64E84A-
    45 000000DA 0400006683C414     
    46 000000E1 6A0568C80000006A32-             cdecl draw_line, 100, 100, 50, 200, 0x05
    46 000000EA 6A646A64E834040000-
    46 000000F3 6683C414           
    47                                  
    48 000000F7 6A026A326A006A646A-             cdecl draw_line, 100, 100, 0, 50, 0x02
    48 00000100 64E8210400006683C4-
    48 00000109 14                 
    49 0000010A 6A036A3268C8000000-             cdecl draw_line, 100, 100, 200, 50, 0x03
    49 00000113 6A646A64E80B040000-
    49 0000011C 6683C414           
    50 00000120 6A04689600000068C8-             cdecl draw_line, 100, 100, 200, 150, 0x04
    50 00000129 0000006A646A64E8F2-
    50 00000132 0300006683C414     
    51 00000139 6A0568960000006A00-             cdecl draw_line, 100, 100, 0, 150, 0x05
    51 00000142 6A646A64E8DC030000-
    51 0000014B 6683C414           
    52                                  
    53 0000014F 6A0F6A006A646A646A-             cdecl draw_line, 100, 100, 100, 0, 0x0F
    53 00000158 64E8C90300006683C4-
    53 00000161 14                 
    54 00000162 6A0F6A6468C8000000-             cdecl draw_line, 100, 100, 200, 100, 0x0F
    54 0000016B 6A646A64E8B3030000-
    54 00000174 6683C414           
    55 00000178 6A0F68C80000006A64-             cdecl draw_line, 100, 100, 100, 200, 0x0F
    55 00000181 6A646A64E89D030000-
    55 0000018A 6683C414           
    56 0000018E 6A0F6A646A006A646A-             cdecl draw_line, 100, 100, 0, 100, 0x0F
    56 00000197 64E88A0300006683C4-
    56 000001A0 14                 
    57                                  
    58                                          ;------------------------------------------
    59                                          ; 処理の終了
    60                                          ;------------------------------------------
    61 000001A1 EBFE                            jmp $
    62                                  
    63 000001A3 48656C6C6F2C206B65-     .s0 db "Hello, kernel!", 0
    63 000001AC 726E656C2100       
    64                                  
    65 000001B2 00<rept>                ALIGN 4, db 0
    66 000001B4 00000000                FONT_ADR: dd 0
    67                                  
    68                                  ;***********************************************************
    69                                  ;  モジュール
    70                                  ;***********************************************************
    71                                  %include "../modules/protect/vga.s"
     1                              <1> vga_set_read_plane:
     2                              <1>         ;-----------------------------------------
     3                              <1>         ; 【スタックフレームの構築】
     4                              <1>         ;-----------------------------------------
     5 000001B8 55                  <1>         push ebp
     6 000001B9 89E5                <1>         mov ebp, esp
     7                              <1> 
     8                              <1>         ;-----------------------------------------
     9                              <1>         ; 【レジスタの保存】
    10                              <1>         ;-----------------------------------------
    11 000001BB 50                  <1>         push eax
    12 000001BC 52                  <1>         push edx
    13                              <1> 
    14                              <1>         ;-----------------------------------------
    15                              <1>         ; 読み込みプレーンの選択
    16                              <1>         ;-----------------------------------------
    17 000001BD 8A6508              <1>         mov ah, [ebp + 8]
    18 000001C0 80E403              <1>         and ah, 0x03
    19 000001C3 B004                <1>         mov al, 0x04
    20 000001C5 66BACE03            <1>         mov dx, 0x03CE
    21 000001C9 66EF                <1>         out dx, ax
    22                              <1> 
    23                              <1>         ;-----------------------------------------
    24                              <1>         ; 【レジスタの復帰】
    25                              <1>         ;-----------------------------------------
    26 000001CB 5A                  <1>         pop edx
    27 000001CC 58                  <1>         pop eax
    28                              <1> 
    29                              <1>         ;-----------------------------------------
    30                              <1>         ; 【スタックフレームの破棄】
    31                              <1>         ;-----------------------------------------
    32 000001CD 89EC                <1>         mov esp, ebp
    33 000001CF 5D                  <1>         pop ebp
    34                              <1> 
    35 000001D0 C3                  <1>         ret
    36                              <1> 
    37                              <1> vga_set_write_plane:
    38                              <1>         ;-----------------------------------------
    39                              <1>         ; 【スタックフレームの構築】
    40                              <1>         ;-----------------------------------------
    41 000001D1 55                  <1>         push ebp
    42 000001D2 89E5                <1>         mov ebp, esp
    43                              <1> 
    44                              <1>         ;-----------------------------------------
    45                              <1>         ; 【レジスタの保存】
    46                              <1>         ;-----------------------------------------
    47 000001D4 50                  <1>         push eax
    48 000001D5 52                  <1>         push edx
    49                              <1> 
    50                              <1>         ;-----------------------------------------
    51                              <1>         ; 書き込みプレーンの選択
    52                              <1>         ;-----------------------------------------
    53 000001D6 8A6508              <1>         mov ah, [ebp + 8]
    54 000001D9 80E40F              <1>         and ah, 0x0F
    55 000001DC B002                <1>         mov al, 0x02
    56 000001DE 66BAC403            <1>         mov dx, 0x03C4
    57 000001E2 66EF                <1>         out dx, ax
    58                              <1> 
    59                              <1>         ;-----------------------------------------
    60                              <1>         ; 【レジスタの復帰】
    61                              <1>         ;-----------------------------------------
    62 000001E4 5A                  <1>         pop edx
    63 000001E5 58                  <1>         pop eax
    64                              <1> 
    65                              <1>         ;-----------------------------------------
    66                              <1>         ; 【スタックフレームの破棄】
    67                              <1>         ;-----------------------------------------
    68 000001E6 89EC                <1>         mov esp, ebp
    69 000001E8 5D                  <1>         pop ebp
    70                              <1> 
    71 000001E9 C3                  <1>         ret
    72                              <1> 
    73                              <1> vram_font_copy:
    74                              <1>         ;-----------------------------------------
    75                              <1>         ; 【スタックフレームの構築】
    76                              <1>         ;-----------------------------------------
    77 000001EA 55                  <1>         push ebp
    78 000001EB 89E5                <1>         mov ebp, esp
    79                              <1> 
    80                              <1>         ;-----------------------------------------
    81                              <1>         ; 【レジスタの保存】
    82                              <1>         ;-----------------------------------------
    83 000001ED 50                  <1>         push eax
    84 000001EE 53                  <1>         push ebx
    85 000001EF 51                  <1>         push ecx
    86 000001F0 52                  <1>         push edx
    87 000001F1 56                  <1>         push esi
    88 000001F2 57                  <1>         push edi
    89                              <1> 
    90                              <1>         ;-----------------------------------------
    91                              <1>         ; マスクデータの作成
    92                              <1>         ;-----------------------------------------
    93 000001F3 8B7508              <1>         mov esi, [ebp + 8]
    94 000001F6 8B7D0C              <1>         mov edi, [ebp + 12]
    95 000001F9 0FB64510            <1>         movzx eax, byte [ebp + 16]
    96 000001FD 0FB75D14            <1>         movzx ebx, word [ebp + 20]
    97                              <1> 
    98 00000201 84C7                <1>         test bh, al
    99 00000203 0F94C6              <1>         setz dh
   100 00000206 FECE                <1>         dec dh
   101                              <1> 
   102 00000208 84C3                <1>         test bl, al
   103 0000020A 0F94C2              <1>         setz dl
   104 0000020D FECA                <1>         dec dl
   105                              <1> 
   106                              <1>         ;-----------------------------------------
   107                              <1>         ; 16ドットフォントのコピー
   108                              <1>         ;-----------------------------------------
   109 0000020F FC                  <1>         cld
   110                              <1> 
   111 00000210 B910000000          <1>         mov ecx, 16
   112                              <1> .10L:
   113                              <1> 
   114                              <1>         ;-----------------------------------------
   115                              <1>         ; フォントマスクの作成
   116                              <1>         ;-----------------------------------------
   117 00000215 AC                  <1>         lodsb
   118 00000216 88C4                <1>         mov ah, al
   119 00000218 F6D4                <1>         not ah
   120                              <1> 
   121                              <1>         ;-----------------------------------------
   122                              <1>         ; 前景色
   123                              <1>         ;-----------------------------------------
   124 0000021A 20D0                <1>         and al, dl
   125                              <1> 
   126                              <1>         ;-----------------------------------------
   127                              <1>         ; 背景色
   128                              <1>         ;-----------------------------------------
   129 0000021C F7C310000000        <1>         test ebx, 0x0010
   130 00000222 7404                <1>         jz .11F
   131 00000224 2227                <1>         and ah, [edi]
   132 00000226 EB02                <1>         jmp .11E
   133                              <1> .11F:
   134 00000228 20F4                <1>         and ah, dh
   135                              <1> .11E:
   136                              <1> 
   137                              <1>         ;-----------------------------------------
   138                              <1>         ; 前景色と背景色をコピー
   139                              <1>         ;-----------------------------------------
   140 0000022A 08E0                <1>         or al, ah
   141                              <1> 
   142                              <1>         ;-----------------------------------------
   143                              <1>         ; 新しい値を出力
   144                              <1>         ;-----------------------------------------
   145 0000022C 8807                <1>         mov [edi], al
   146                              <1> 
   147 0000022E 83C750              <1>         add edi, 80
   148 00000231 E2E2                <1>         loop .10L
   149                              <1> .10E:
   150                              <1> 
   151                              <1>         ;-----------------------------------------
   152                              <1>         ; 【レジスタの復帰】
   153                              <1>         ;-----------------------------------------
   154 00000233 5F                  <1>         pop edi
   155 00000234 5E                  <1>         pop esi
   156 00000235 5A                  <1>         pop edx
   157 00000236 59                  <1>         pop ecx
   158 00000237 5B                  <1>         pop ebx
   159 00000238 58                  <1>         pop eax
   160                              <1> 
   161                              <1>         ;-----------------------------------------
   162                              <1>         ; 【スタックフレームの破棄】
   163                              <1>         ;-----------------------------------------
   164 00000239 89EC                <1>         mov esp, ebp
   165 0000023B 5D                  <1>         pop ebp
   166                              <1> 
   167 0000023C C3                  <1>         ret
   168                              <1> 
   169                              <1> vram_bit_copy:
   170                              <1>         ;-----------------------------------------
   171                              <1>         ; 【スタックフレームの構築】
   172                              <1>         ;-----------------------------------------
   173 0000023D 55                  <1>         push ebp
   174 0000023E 89E5                <1>         mov ebp, esp
   175                              <1> 
   176                              <1>         ;-----------------------------------------
   177                              <1>         ; 【レジスタの保存】
   178                              <1>         ;-----------------------------------------
   179 00000240 50                  <1>         push eax
   180 00000241 53                  <1>         push ebx
   181 00000242 57                  <1>         push edi
   182                              <1> 
   183                              <1>         ;-----------------------------------------
   184                              <1>         ; ビットのコピー
   185                              <1>         ;-----------------------------------------
   186 00000243 8B7D0C              <1>         mov edi, [ebp + 12]
   187 00000246 0FB64510            <1>         movzx eax, byte [ebp + 16]
   188 0000024A 0FB75D14            <1>         movzx ebx, word [ebp + 20]
   189                              <1> 
   190 0000024E 84C3                <1>         test bl, al
   191 00000250 0F94C3              <1>         setz bl
   192 00000253 FECB                <1>         dec bl
   193                              <1> 
   194                              <1>         ;-----------------------------------------
   195                              <1>         ; 反転処理
   196                              <1>         ;-----------------------------------------
   197 00000255 8A4508              <1>         mov al, [ebp + 8]
   198 00000258 88C4                <1>         mov ah, al
   199 0000025A F6D4                <1>         not ah
   200                              <1> 
   201                              <1>         ;-----------------------------------------
   202                              <1>         ; 描画処理
   203                              <1>         ;-----------------------------------------
   204 0000025C 2227                <1>         and ah, [edi]
   205 0000025E 20D8                <1>         and al, bl
   206 00000260 08E0                <1>         or al, ah
   207 00000262 8807                <1>         mov [edi], al
   208                              <1> 
   209                              <1>         ;-----------------------------------------
   210                              <1>         ; 【レジスタの復帰】
   211                              <1>         ;-----------------------------------------
   212 00000264 5F                  <1>         pop edi
   213 00000265 5B                  <1>         pop ebx
   214 00000266 58                  <1>         pop eax
   215                              <1> 
   216                              <1>         ;-----------------------------------------
   217                              <1>         ; 【スタックフレームの破棄】
   218                              <1>         ;-----------------------------------------
   219 00000267 89EC                <1>         mov esp, ebp
   220 00000269 5D                  <1>         pop ebp
   221                              <1> 
   222 0000026A C3                  <1>         ret
    72                                  %include "../modules/protect/draw_char.s"
     1                              <1> draw_char:
     2                              <1>         ;-----------------------------------------
     3                              <1>         ; 【スタックフレームの構築】
     4                              <1>         ;-----------------------------------------
     5 0000026B 55                  <1>         push ebp
     6 0000026C 89E5                <1>         mov ebp, esp
     7                              <1> 
     8                              <1>         ;-----------------------------------------
     9                              <1>         ; 【レジスタの保存】
    10                              <1>         ;-----------------------------------------
    11 0000026E 50                  <1>         push eax
    12 0000026F 53                  <1>         push ebx
    13 00000270 51                  <1>         push ecx
    14 00000271 52                  <1>         push edx
    15 00000272 56                  <1>         push esi
    16 00000273 57                  <1>         push edi
    17                              <1> 
    18                              <1>         ;-----------------------------------------
    19                              <1>         ; テストアンドセット
    20                              <1>         ;-----------------------------------------
    21                              <1> %ifdef	USE_TEST_AND_SET
    22                              <1>         cdecl test_and_set, IN_USE
    23                              <1> %endif
    24                              <1> 
    25                              <1>         ;-----------------------------------------
    26                              <1>         ; コピー元フォントアドレスを設定
    27                              <1>         ;-----------------------------------------
    28 00000274 0FB67514            <1>         movzx esi, byte [ebp + 20]
    29 00000278 C1E604              <1>         shl esi, 4
    30 0000027B 0335[B4010000]      <1>         add esi, [FONT_ADR]
    31                              <1> 
    32                              <1>         ;-----------------------------------------
    33                              <1>         ; コピー先アドレスを取得
    34                              <1>         ; Adr = 0xA0000 + (640 / 8 * 16) * y + x
    35                              <1>         ;-----------------------------------------
    36 00000281 8B7D0C              <1>         mov edi, [ebp + 12]
    37 00000284 C1E708              <1>         shl edi, 8
    38 00000287 8DBCBF00000A00      <1>         lea edi, [edi * 4 + edi + 0xA0000]
    39 0000028E 037D08              <1>         add edi, [ebp + 8]
    40                              <1> 
    41                              <1>         ;-----------------------------------------
    42                              <1>         ; 1文字分のフォントを出力
    43                              <1>         ;-----------------------------------------
    44 00000291 0FB75D10            <1>         movzx ebx, word[ebp + 16]
    45                              <1> 
    46 00000295 6A03E81CFFFFFF6683- <1>         cdecl vga_set_read_plane, 0x03
    46 0000029E C404                <1>
    47 000002A0 6A08E82AFFFFFF6683- <1>         cdecl vga_set_write_plane, 0x08
    47 000002A9 C404                <1>
    48 000002AB 536A085756E835FFFF- <1>         cdecl vram_font_copy, esi, edi, 0x08, ebx
    48 000002B4 FF6683C410          <1>
    49                              <1> 
    50 000002B9 6A02E8F8FEFFFF6683- <1>         cdecl vga_set_read_plane, 0x02
    50 000002C2 C404                <1>
    51 000002C4 6A04E806FFFFFF6683- <1>         cdecl vga_set_write_plane, 0x04
    51 000002CD C404                <1>
    52 000002CF 536A045756E811FFFF- <1>         cdecl vram_font_copy, esi, edi, 0x04, ebx
    52 000002D8 FF6683C410          <1>
    53                              <1> 
    54 000002DD 6A01E8D4FEFFFF6683- <1>         cdecl vga_set_read_plane, 0x01
    54 000002E6 C404                <1>
    55 000002E8 6A02E8E2FEFFFF6683- <1>         cdecl vga_set_write_plane, 0x02
    55 000002F1 C404                <1>
    56 000002F3 536A025756E8EDFEFF- <1>         cdecl vram_font_copy, esi, edi, 0x02, ebx
    56 000002FC FF6683C410          <1>
    57                              <1> 
    58 00000301 6A00E8B0FEFFFF6683- <1>         cdecl vga_set_read_plane, 0x00
    58 0000030A C404                <1>
    59 0000030C 6A01E8BEFEFFFF6683- <1>         cdecl vga_set_write_plane, 0x01
    59 00000315 C404                <1>
    60 00000317 536A015756E8C9FEFF- <1>         cdecl vram_font_copy, esi, edi, 0x01, ebx
    60 00000320 FF6683C410          <1>
    61                              <1> 
    62                              <1>         ;-----------------------------------------
    63                              <1>         ; 変数のクリア
    64                              <1>         ;-----------------------------------------
    65                              <1> %ifdef	USE_TEST_AND_SET
    66                              <1>         mov [IN_USE], dword 0
    67                              <1> %endif
    68                              <1> 
    69                              <1>         ;-----------------------------------------
    70                              <1>         ; 【レジスタの復帰】
    71                              <1>         ;-----------------------------------------
    72 00000325 5F                  <1>         pop edi
    73 00000326 5E                  <1>         pop esi
    74 00000327 5A                  <1>         pop edx
    75 00000328 59                  <1>         pop ecx
    76 00000329 5B                  <1>         pop ebx
    77 0000032A 58                  <1>         pop eax
    78                              <1> 
    79                              <1>         ;-----------------------------------------
    80                              <1>         ; 【スタックフレームの破棄】
    81                              <1>         ;-----------------------------------------
    82 0000032B 89EC                <1>         mov esp, ebp
    83 0000032D 5D                  <1>         pop ebp
    84                              <1> 
    85 0000032E C3                  <1>         ret
    86                              <1> 
    87 0000032F 00                  <1> ALIGN 4, db 0
    88 00000330 00000000            <1> IN_USE:	dd 0
    73                                  %include "../modules/protect/draw_font.s"
     1                              <1> draw_font:
     2                              <1>         ;-----------------------------------------
     3                              <1>         ; 【スタックフレームの構築】
     4                              <1>         ;-----------------------------------------
     5 00000334 55                  <1>         push ebp
     6 00000335 89E5                <1>         mov ebp, esp
     7                              <1> 
     8                              <1>         ;-----------------------------------------
     9                              <1>         ; 【レジスタの保存】
    10                              <1>         ;-----------------------------------------
    11 00000337 50                  <1>         push eax
    12 00000338 53                  <1>         push ebx
    13 00000339 51                  <1>         push ecx
    14 0000033A 52                  <1>         push edx
    15 0000033B 56                  <1>         push esi
    16 0000033C 57                  <1>         push edi
    17                              <1> 
    18                              <1>         ;-----------------------------------------
    19                              <1>         ; 基準となる位置をレジスタに保存
    20                              <1>         ;-----------------------------------------
    21 0000033D 8B7508              <1>         mov esi, [ebp + 8]
    22 00000340 8B7D0C              <1>         mov edi, [ebp + 12]
    23                              <1> 
    24                              <1>         ;-----------------------------------------
    25                              <1>         ; フォントを一覧表示する
    26                              <1>         ;-----------------------------------------
    27 00000343 B900000000          <1>         mov ecx, 0
    28                              <1> .10L:
    29 00000348 81F900010000        <1>         cmp ecx, 256
    30 0000034E 731F                <1>         jae .10E
    31                              <1> 
    32 00000350 89C8                <1>         mov eax, ecx
    33 00000352 83E00F              <1>         and eax, 0x0F
    34 00000355 01F0                <1>         add eax, esi
    35                              <1> 
    36 00000357 89CB                <1>         mov ebx, ecx
    37 00000359 C1EB04              <1>         shr ebx, 4
    38 0000035C 01FB                <1>         add ebx, edi
    39                              <1> 
    40 0000035E 516A075350E803FFFF- <1>         cdecl draw_char, eax, ebx, 0x07, ecx
    40 00000367 FF6683C410          <1>
    41                              <1> 
    42 0000036C 41                  <1>         inc ecx
    43 0000036D EBD9                <1>         jmp .10L
    44                              <1> .10E:
    45                              <1> 
    46                              <1>         ;-----------------------------------------
    47                              <1>         ; 【レジスタの復帰】
    48                              <1>         ;-----------------------------------------
    49 0000036F 5F                  <1>         pop edi
    50 00000370 5E                  <1>         pop esi
    51 00000371 5A                  <1>         pop edx
    52 00000372 59                  <1>         pop ecx
    53 00000373 5B                  <1>         pop ebx
    54 00000374 58                  <1>         pop eax
    55                              <1> 
    56                              <1>         ;-----------------------------------------
    57                              <1>         ; 【スタックフレームの破棄】
    58                              <1>         ;-----------------------------------------
    59 00000375 89EC                <1>         mov esp, ebp
    60 00000377 5D                  <1>         pop ebp
    61                              <1> 
    62 00000378 C3                  <1>         ret
    74                                  %include "../modules/protect/draw_str.s"
     1                              <1> draw_str:
     2                              <1>     ;---------------------------
     3                              <1>     ; スタックフレーム構築
     4                              <1>     ;---------------------------
     5 00000379 55                  <1>     push ebp
     6 0000037A 89E5                <1>     mov ebp, esp
     7                              <1> 
     8                              <1>     ;---------------------------
     9                              <1>     ; レジスタの保存
    10                              <1>     ;---------------------------
    11 0000037C 50                  <1>     push eax
    12 0000037D 53                  <1>     push ebx
    13 0000037E 51                  <1>     push ecx
    14 0000037F 52                  <1>     push edx
    15 00000380 56                  <1>     push esi
    16                              <1> 
    17                              <1>     ;---------------------------
    18                              <1>     ; 文字列を描画する
    19                              <1>     ;---------------------------
    20 00000381 8B4D08              <1>     mov ecx, [ebp + 8]              ; ECX = 列;
    21 00000384 8B550C              <1>     mov edx, [ebp + 12]             ; EDX = 行;
    22 00000387 0FB75D10            <1>     movzx ebx, word [ebp + 16]      ; EBX = 表示色;
    23 0000038B 8B7514              <1>     mov esi, [ebp + 20]             ; ESI = 文字列へのアドレス;
    24                              <1> 
    25 0000038E FC                  <1>     cld                             ; DF = 0; // アドレス加算
    26                              <1> .10L:                               ; do
    27                              <1>                                     ; {
    28 0000038F AC                  <1>     lodsb                           ;   AL = *ESI++; // 文字を取得
    29 00000390 3C00                <1>     cmp al, 0                       ;   if (0 == AL)
    30 00000392 7425                <1>     je .10E                         ;       break;
    31                              <1> 
    32 00000394 50535251E8CEFEFFFF- <1>     cdecl draw_char, ecx, edx, ebx, eax ; draw_char();
    32 0000039D 6683C410            <1>
    33                              <1> 
    34 000003A1 41                  <1>     inc ecx                         ;   ECX = 0; // 列を加算
    35 000003A2 83F950              <1>     cmp ecx, 80                     ;   if (80 <= ECX) // 80文字以上?
    36 000003A5 7C10                <1>     jl .12E                         ;   {
    37 000003A7 B900000000          <1>     mov ecx, 0                      ;       ECX = 0; // 列を初期化
    38 000003AC 42                  <1>     inc edx                         ;       EDX++; // 行を加算
    39 000003AD 83FA1E              <1>     cmp edx, 30                     ;       if (30 <= EDX) // 30行以上?
    40 000003B0 7C05                <1>     jl .12E                         ;       {
    41 000003B2 BA00000000          <1>     mov edx, 0                      ;           EDX = 0; // 行を初期化
    42                              <1>                                     ;       }
    43                              <1> .12E:                               ;   }
    44 000003B7 EBD6                <1>     jmp .10L
    45                              <1> .10E:                               ; } while (1);
    46                              <1> 
    47                              <1>     ;-----------------------------------------
    48                              <1>     ; 【レジスタの復帰】
    49                              <1>     ;-----------------------------------------
    50 000003B9 5E                  <1>     pop esi
    51 000003BA 5A                  <1>     pop edx
    52 000003BB 59                  <1>     pop ecx
    53 000003BC 5B                  <1>     pop ebx
    54 000003BD 58                  <1>     pop eax
    55                              <1> 
    56                              <1>     ;-----------------------------------------
    57                              <1>     ; 【スタックフレームの破棄】
    58                              <1>     ;-----------------------------------------
    59 000003BE 89EC                <1>     mov esp, ebp
    60 000003C0 5D                  <1>     pop ebp
    61                              <1> 
    62 000003C1 C3                  <1>     ret
    75                                  %include "../modules/protect/draw_color_bar.s"
     1                              <1> draw_color_bar:
     2                              <1>     ;---------------------------
     3                              <1>     ; スタックフレーム構築
     4                              <1>     ;---------------------------
     5 000003C2 55                  <1>     push ebp
     6 000003C3 89E5                <1>     mov ebp, esp
     7                              <1> 
     8                              <1>     ;---------------------------
     9                              <1>     ; レジスタの保存
    10                              <1>     ;---------------------------
    11 000003C5 50                  <1>     push eax
    12 000003C6 53                  <1>     push ebx
    13 000003C7 51                  <1>     push ecx
    14 000003C8 52                  <1>     push edx
    15 000003C9 56                  <1>     push esi
    16                              <1> 
    17                              <1>     ;-----------------------------------------
    18                              <1>     ; 基準となる位置をレジスタに保存
    19                              <1>     ;-----------------------------------------
    20 000003CA 8B7508              <1>     mov esi, [ebp + 8]
    21 000003CD 8B7D0C              <1>     mov edi, [ebp + 12]
    22                              <1> 
    23                              <1>     ;---------------------------
    24                              <1>     ; カラーバーを表示
    25                              <1>     ;---------------------------
    26 000003D0 B900000000          <1>     mov ecx, 0                      ; for (ECX = 0;
    27                              <1> .10L:
    28 000003D5 83F910              <1>     cmp ecx, 16                     ;      ECX < 16;
    29 000003D8 732E                <1>     jae .10E                        ;
    30                              <1>                                     ;      ECX++)
    31                              <1>                                     ; {
    32 000003DA 89C8                <1>     mov eax, ecx                    ;   EAX = ECX;
    33 000003DC 83E001              <1>     and eax, 0x01                   ;   EAX &= 0x01;
    34 000003DF C1E003              <1>     shl eax, 3                      ;   EAX *= 8; // 8文字分乗算
    35 000003E2 01F0                <1>     add eax, esi                    ;   EAX += X;
    36                              <1> 
    37 000003E4 89CB                <1>     mov ebx, ecx                    ;   EBX = ECX;
    38 000003E6 D1EB                <1>     shr ebx, 1                      ;   EBX /= 2
    39 000003E8 01FB                <1>     add ebx, edi                    ;   EBX += Y;
    40                              <1> 
    41 000003EA 89CA                <1>     mov edx, ecx                    ;   EDX = ECX;
    42 000003EC D1E2                <1>     shl edx, 1                      ;   EDX /= 2;
    43 000003EE 8B92[1B040000]      <1>     mov edx, [.t0 + edx]            ;   EDX += Y;
    44                              <1> 
    45 000003F4 68[12040000]525350- <1>     cdecl draw_str, eax, ebx, edx, .s0 ; draw_str();
    45 000003FC E878FFFFFF6683C410  <1>
    46                              <1> 
    47 00000405 41                  <1>     inc ecx                         ; // for (...ECX++)
    48 00000406 EBCD                <1>     jmp .10L
    49                              <1> .10E:                               ; }
    50                              <1> 
    51                              <1>     ;-----------------------------------------
    52                              <1>     ; 【レジスタの復帰】
    53                              <1>     ;-----------------------------------------
    54 00000408 5F                  <1>     pop edi
    55 00000409 5E                  <1>     pop esi
    56 0000040A 5A                  <1>     pop edx
    57 0000040B 59                  <1>     pop ecx
    58 0000040C 5B                  <1>     pop ebx
    59 0000040D 58                  <1>     pop eax
    60                              <1> 
    61                              <1>     ;-----------------------------------------
    62                              <1>     ; 【スタックフレームの破棄】
    63                              <1>     ;-----------------------------------------
    64 0000040E 89EC                <1>     mov esp, ebp
    65 00000410 5D                  <1>     pop ebp
    66                              <1> 
    67 00000411 C3                  <1>     ret
    68                              <1> 
    69 00000412 202020202020202000  <1> .s0:    db '        ', 0
    70 0000041B 00000008            <1> .t0:    dw 0x0000, 0x0800
    71 0000041F 00010009            <1>         dw 0x0100, 0x0900
    72 00000423 0002000A            <1>         dw 0x0200, 0x0A00
    73 00000427 0003000B            <1>         dw 0x0300, 0x0B00
    74 0000042B 0004000C            <1>         dw 0x0400, 0x0C00
    75 0000042F 0005000D            <1>         dw 0x0500, 0x0D00
    76 00000433 0006000E            <1>         dw 0x0600, 0x0E00
    77 00000437 0007000F            <1>         dw 0x0700, 0x0F00
    76                                  %include "../modules/protect/draw_pixel.s"
     1                              <1> draw_pixel:
     2                              <1>         ;-----------------------------------------
     3                              <1>         ; 【スタックフレームの構築】
     4                              <1>         ;-----------------------------------------
     5 0000043B 55                  <1>         push ebp
     6 0000043C 89E5                <1>         mov ebp, esp
     7                              <1> 
     8                              <1>         ;-----------------------------------------
     9                              <1>         ; 【レジスタの保存】
    10                              <1>         ;-----------------------------------------
    11 0000043E 50                  <1>         push eax
    12 0000043F 53                  <1>         push ebx
    13 00000440 51                  <1>         push ecx
    14 00000441 57                  <1>         push edi
    15                              <1> 
    16                              <1>         ;-----------------------------------------
    17                              <1>         ; Y座標を80倍する(640/8)
    18                              <1>         ;-----------------------------------------
    19 00000442 8B7D0C              <1>         mov edi, [ebp + 12]
    20 00000445 C1E704              <1>         shl edi, 4
    21 00000448 8DBCBF00000A00      <1>         lea edi, [edi * 4 + edi + 0xA_0000]
    22                              <1> 
    23                              <1>         ;-----------------------------------------
    24                              <1>         ; X座標を1/8して加算
    25                              <1>         ;-----------------------------------------
    26 0000044F 8B5D08              <1>         mov ebx, [ebp + 8]
    27 00000452 89D9                <1>         mov ecx, ebx
    28 00000454 C1EB03              <1>         shr ebx, 3
    29 00000457 01DF                <1>         add edi, ebx
    30                              <1> 
    31                              <1>         ;-----------------------------------------
    32                              <1>         ; X座標を8で割った余りからビット位置を計算
    33                              <1>         ; (0=0x80, 1=0x40, ..., 7=0x01)
    34                              <1>         ;-----------------------------------------
    35 00000459 83E107              <1>         and ecx, 0x07
    36 0000045C BB80000000          <1>         mov ebx, 0x80
    37 00000461 D3EB                <1>         shr ebx, cl
    38                              <1> 
    39                              <1>         ;-----------------------------------------
    40                              <1>         ; 色指定
    41                              <1>         ;-----------------------------------------
    42 00000463 8B4D10              <1>         mov ecx, [ebp + 16]
    43                              <1> 
    44                              <1>         ;-----------------------------------------
    45                              <1>         ; プレーンごとに出力
    46                              <1>         ;-----------------------------------------
    47 00000466 6A03E84BFDFFFF6683- <1>         cdecl vga_set_read_plane, 0x03
    47 0000046F C404                <1>
    48 00000471 6A08E859FDFFFF6683- <1>         cdecl vga_set_write_plane, 0x08
    48 0000047A C404                <1>
    49 0000047C 516A085753E8B7FDFF- <1>         cdecl vram_bit_copy, ebx, edi, 0x08, ecx
    49 00000485 FF6683C410          <1>
    50                              <1> 
    51 0000048A 6A02E827FDFFFF6683- <1>         cdecl vga_set_read_plane, 0x02
    51 00000493 C404                <1>
    52 00000495 6A04E835FDFFFF6683- <1>         cdecl vga_set_write_plane, 0x04
    52 0000049E C404                <1>
    53 000004A0 516A045753E893FDFF- <1>         cdecl vram_bit_copy, ebx, edi, 0x04, ecx
    53 000004A9 FF6683C410          <1>
    54                              <1> 
    55 000004AE 6A01E803FDFFFF6683- <1>         cdecl vga_set_read_plane, 0x01
    55 000004B7 C404                <1>
    56 000004B9 6A02E811FDFFFF6683- <1>         cdecl vga_set_write_plane, 0x02
    56 000004C2 C404                <1>
    57 000004C4 516A025753E86FFDFF- <1>         cdecl vram_bit_copy, ebx, edi, 0x02, ecx
    57 000004CD FF6683C410          <1>
    58                              <1> 
    59 000004D2 6A00E8DFFCFFFF6683- <1>         cdecl vga_set_read_plane, 0x00
    59 000004DB C404                <1>
    60 000004DD 6A01E8EDFCFFFF6683- <1>         cdecl vga_set_write_plane, 0x01
    60 000004E6 C404                <1>
    61 000004E8 516A015753E84BFDFF- <1>         cdecl vram_bit_copy, ebx, edi, 0x01, ecx
    61 000004F1 FF6683C410          <1>
    62                              <1> 
    63                              <1>         ;-----------------------------------------
    64                              <1>         ; 【レジスタの復帰】
    65                              <1>         ;-----------------------------------------
    66 000004F6 5F                  <1>         pop edi
    67 000004F7 59                  <1>         pop ecx
    68 000004F8 5B                  <1>         pop ebx
    69 000004F9 58                  <1>         pop eax
    70                              <1> 
    71                              <1>         ;-----------------------------------------
    72                              <1>         ; 【スタックフレームの破棄】
    73                              <1>         ;-----------------------------------------
    74 000004FA 89EC                <1>         mov esp, ebp
    75 000004FC 5D                  <1>         pop ebp
    76                              <1> 
    77 000004FD C3                  <1>         ret
    78                              <1> 
    79 000004FE 202020202020202000  <1> .s0:    db '        ', 0
    80 00000507 00000008            <1> .t0:    dw 0x0000, 0x0800
    81 0000050B 00010009            <1>         dw 0x0100, 0x0900
    82 0000050F 0002000A            <1>         dw 0x0200, 0x0A00
    83 00000513 0003000B            <1>         dw 0x0300, 0x0B00
    84 00000517 0004000C            <1>         dw 0x0400, 0x0C00
    85 0000051B 0005000D            <1>         dw 0x0500, 0x0D00
    86 0000051F 0006000E            <1>         dw 0x0600, 0x0E00
    87 00000523 0007000F            <1>         dw 0x0700, 0x0F00
    77                                  %include "../modules/protect/draw_line.s"
     1                              <1> draw_line:
     2                              <1>         ;-----------------------------------------
     3                              <1>         ; 【スタックフレームの構築】
     4                              <1>         ;-----------------------------------------
     5 00000527 55                  <1>         push ebp
     6 00000528 89E5                <1>         mov ebp, esp
     7                              <1> 
     8 0000052A 6A00                <1>         push dword 0
     9 0000052C 6A00                <1>         push dword 0
    10 0000052E 6A00                <1>         push dword 0
    11 00000530 6A00                <1>         push dword 0
    12 00000532 6A00                <1>         push dword 0
    13 00000534 6A00                <1>         push dword 0
    14 00000536 6A00                <1>         push dword 0
    15                              <1> 
    16                              <1>         ;-----------------------------------------
    17                              <1>         ; 【レジスタの保存】
    18                              <1>         ;-----------------------------------------
    19 00000538 50                  <1>         push eax
    20 00000539 53                  <1>         push ebx
    21 0000053A 51                  <1>         push ecx
    22 0000053B 52                  <1>         push edx
    23 0000053C 56                  <1>         push esi
    24 0000053D 57                  <1>         push edi
    25                              <1> 
    26                              <1>         ;-----------------------------------------
    27                              <1>         ; 幅を計算(X軸)
    28                              <1>         ;-----------------------------------------
    29 0000053E 8B4508              <1>         mov eax, [ebp + 8]
    30 00000541 8B5D10              <1>         mov ebx, [ebp + 16]
    31 00000544 29C3                <1>         sub ebx, eax
    32 00000546 7D09                <1>         jge .10F
    33                              <1> 
    34 00000548 F7DB                <1>         neg ebx
    35 0000054A BEFFFFFFFF          <1>         mov esi, -1
    36 0000054F EB05                <1>         jmp .10E
    37                              <1> .10F:
    38 00000551 BE01000000          <1>         mov esi, 1
    39                              <1> .10E:
    40                              <1> 
    41                              <1>         ;-----------------------------------------
    42                              <1>         ; 高さを計算(Y軸)
    43                              <1>         ;-----------------------------------------
    44 00000556 8B4D0C              <1>         mov ecx, [ebp + 12]
    45 00000559 8B5514              <1>         mov edx, [ebp + 20]
    46 0000055C 29CA                <1>         sub edx, ecx
    47 0000055E 7D09                <1>         jge .20F
    48                              <1> 
    49 00000560 F7DA                <1>         neg edx
    50 00000562 BFFFFFFFFF          <1>         mov edi, -1
    51 00000567 EB05                <1>         jmp .20E
    52                              <1> .20F:
    53 00000569 BF01000000          <1>         mov edi, 1
    54                              <1> .20E:
    55                              <1> 
    56                              <1>         ;-----------------------------------------
    57                              <1>         ; X軸
    58                              <1>         ;-----------------------------------------
    59 0000056E 8945F8              <1>         mov [ebp - 8], eax
    60 00000571 895DF4              <1>         mov [ebp - 12], ebx
    61 00000574 8975F0              <1>         mov [ebp - 16], esi
    62                              <1> 
    63                              <1>         ;-----------------------------------------
    64                              <1>         ; Y軸
    65                              <1>         ;-----------------------------------------
    66 00000577 894DEC              <1>         mov [ebp - 20], ecx
    67 0000057A 8955E8              <1>         mov [ebp - 24], edx
    68 0000057D 897DE4              <1>         mov [ebp - 28], edi
    69                              <1> 
    70                              <1>         ;-----------------------------------------
    71                              <1>         ; 基準軸を決める
    72                              <1>         ;-----------------------------------------
    73 00000580 39D3                <1>         cmp ebx, edx
    74 00000582 7F08                <1>         jg .22F
    75                              <1> 
    76 00000584 8D75EC              <1>         lea esi, [ebp - 20]
    77 00000587 8D7DF8              <1>         lea edi, [ebp - 8]
    78                              <1> 
    79 0000058A EB06                <1>         jmp .22E
    80                              <1> .22F:
    81 0000058C 8D75F8              <1>         lea esi, [ebp - 8]
    82 0000058F 8D7DEC              <1>         lea edi, [ebp - 20]
    83                              <1> .22E:
    84                              <1> 
    85                              <1>         ;-----------------------------------------
    86                              <1>         ; 繰り返し回数(基準軸のドット数)
    87                              <1>         ;-----------------------------------------
    88 00000592 8B4EFC              <1>         mov ecx, [esi - 4]
    89 00000595 83F900              <1>         cmp ecx, 0
    90 00000598 7505                <1>         jnz .30E
    91 0000059A B901000000          <1>         mov ecx, 1
    92                              <1> .30E:
    93                              <1> 
    94                              <1>         ;-----------------------------------------
    95                              <1>         ; 線を描画
    96                              <1>         ;-----------------------------------------
    97                              <1> .50L:
    98                              <1> 
    99                              <1> %ifdef  USE_SYSTEM_CALL
   100                              <1>         mov eax, ecx
   101                              <1> 
   102                              <1>         mov ebx, [ebp + 24]
   103                              <1>         mov ecx, [ebp - 8]
   104                              <1>         mov edx, [ebp - 20]
   105                              <1>         int 0x82
   106                              <1> 
   107                              <1>         mov ecx, eax
   108                              <1> %else
   109 0000059F FF7518FF75ECFF75F8- <1>         cdecl draw_pixel, dword [ebp - 8], dword [ebp - 20], dword [ebp + 24]
   109 000005A8 E88EFEFFFF6683C40C  <1>
   110                              <1> %endif
   111                              <1> 
   112 000005B1 8B46F8              <1>         mov eax, [esi - 8]
   113 000005B4 0106                <1>         add [esi - 0], eax
   114                              <1> 
   115 000005B6 8B45FC              <1>         mov eax, [ebp - 4]
   116 000005B9 0347FC              <1>         add eax, [edi - 4]
   117 000005BC 8B5EFC              <1>         mov ebx, [esi - 4]
   118                              <1> 
   119 000005BF 39D8                <1>         cmp eax, ebx
   120 000005C1 7C07                <1>         jl .52E
   121 000005C3 29D8                <1>         sub eax, ebx
   122                              <1> 
   123 000005C5 8B5FF8              <1>         mov ebx, [edi - 8]
   124 000005C8 011F                <1>         add [edi - 0], ebx
   125                              <1> .52E:
   126 000005CA 8945FC              <1>         mov [ebp - 4], eax
   127                              <1> 
   128 000005CD E2D0                <1>         loop .50L
   129                              <1> .50E:
   130                              <1> 
   131                              <1>         ;-----------------------------------------
   132                              <1>         ; 【レジスタの復帰】
   133                              <1>         ;-----------------------------------------
   134 000005CF 5F                  <1>         pop edi
   135 000005D0 5E                  <1>         pop esi
   136 000005D1 5A                  <1>         pop edx
   137 000005D2 59                  <1>         pop ecx
   138 000005D3 5B                  <1>         pop ebx
   139 000005D4 58                  <1>         pop eax
   140                              <1> 
   141                              <1>         ;-----------------------------------------
   142                              <1>         ; 【スタックフレームの破棄】
   143                              <1>         ;-----------------------------------------
   144 000005D5 89EC                <1>         mov esp, ebp
   145 000005D7 5D                  <1>         pop ebp
   146                              <1> 
   147 000005D8 C3                  <1>         ret
   148                              <1> 
   149 000005D9 202020202020202000  <1> .s0:    db '        ', 0
   150 000005E2 00000008            <1> .t0:    dw 0x0000, 0x0800
   151 000005E6 00010009            <1>         dw 0x0100, 0x0900
   152 000005EA 0002000A            <1>         dw 0x0200, 0x0A00
   153 000005EE 0003000B            <1>         dw 0x0300, 0x0B00
   154 000005F2 0004000C            <1>         dw 0x0400, 0x0C00
   155 000005F6 0005000D            <1>         dw 0x0500, 0x0D00
   156 000005FA 0006000E            <1>         dw 0x0600, 0x0E00
   157 000005FE 0007000F            <1>         dw 0x0700, 0x0F00
    78                                  
    79                                  ;***********************************************************
    80                                  ;  パディング
    81                                  ;***********************************************************
    82 00000602 00<rept>                        times KERNEL_SIZE - ($ - $$) db 0
