     1                                      BOOT_LOAD equ 0x7C00 ; ブートプログラムのロード位置
     2                                  
     3                                      ORG BOOT_LOAD ; ロードアドレスをアセンブラに指示
     4                                  
     5                                  ; マクロ
     6                                  %include "../include/macro.s"
     1                              <1> %macro cdecl 1-*.nolist
     2                              <1> 
     3                              <1>     %rep %0 - 1
     4                              <1>         push %{-1:-1}
     5                              <1>         %rotate - 1
     6                              <1>     %endrep
     7                              <1>     %rotate - 1
     8                              <1> 
     9                              <1>         call %1
    10                              <1> 
    11                              <1>     %if 1 < %0
    12                              <1>         add sp, (__BITS__ >> 3) * (%0 - 1)
    13                              <1>     %endif
    14                              <1> 
    15                              <1> %endmacro
     7                                  
     8                                  ; エントリポイント
     9                                  entry:
    10                                      ; BPB(BIOS Parameter Block)
    11 00000000 EB58                        jmp ipl ; IPLへジャンプ
    12 00000002 90<rept>                    times 90 - ($ - $$) db 0x90
    13                                  
    14                                      ; IPL(Initial Program Loader)
    15                                  ipl:
    16 0000005A FA                          cli ; 割り込み禁止
    17                                  
    18 0000005B B80000                      mov ax, 0x0000
    19 0000005E 8ED8                        mov ds, ax
    20 00000060 8EC0                        mov es, ax
    21 00000062 8ED0                        mov ss, ax
    22 00000064 BC007C                      mov sp, BOOT_LOAD
    23                                  
    24 00000067 FB                          sti ; 割り込み許可
    25                                  
    26 00000068 8816[8600]                  mov [BOOT.DRIVE], dl ; ブートドライブを保存
    27                                  
    28                                      ; 文字を表示
    29 0000006C 6A58E8170083C402            cdecl putc, word 'X'
    30 00000074 6A59E80F0083C402            cdecl putc, word 'Y'
    31 0000007C 6A5AE8070083C402            cdecl putc, word 'Z'
    32                                  
    33                                      ; 処理の終了
    34 00000084 EBFE                        jmp $
    35                                  
    36                                  ALIGN 2, db 0
    37                                  BOOT:        ; ブートドライブに関する情報
    38 00000086 0000                    .DRIVE: dw 0 ; ドライブ番号
    39                                  
    40                                  ; モジュール
    41                                  %include "../modules/real/putc.s"
     1                              <1> putc:
     2                              <1>     ; スタックフレームの構築
     3 00000088 55                  <1>     push bp
     4 00000089 89E5                <1>     mov bp, sp
     5                              <1> 
     6                              <1>     ; レジスタの保存
     7 0000008B 50                  <1>     push ax
     8 0000008C 53                  <1>     push bx
     9                              <1> 
    10                              <1>     ; 処理の開始
    11 0000008D 8A4604              <1>     mov al, [bp + 4] ; 出力文字を取得
    12 00000090 B40E                <1>     mov ah, 0x0E ; テレタイプ式1文字出力
    13 00000092 BB0000              <1>     mov bx, 0x0000 ; ページ番号と文字色を0に設定
    14 00000095 CD10                <1>     int 0x10 ; ビデオBIOSコール
    15                              <1> 
    16                              <1>     ; レジスタの復帰
    17 00000097 5B                  <1>     pop bx
    18 00000098 58                  <1>     pop ax
    19                              <1> 
    20                              <1>     ; スタックフレームの破棄
    21 00000099 89EC                <1>     mov sp, bp
    22 0000009B 5D                  <1>     pop bp
    23                              <1> 
    24 0000009C C3                  <1>     ret
    42                                  
    43                                  ; ブートフラグ（先頭512バイトの終了）
    44 0000009D 00<rept>                    times 510 - ($ - $$) db 0x00
    45 000001FE 55AA                        db 0x55, 0xAA
