     1                                  %include "../include/define.s"
     1                              <1> BOOT_SIZE equ (1024 * 8)                    ; ブートコードサイズ
     2                              <1> KERNEL_SIZE equ (1024 * 8)                  ; カーネルサイズ
     3                              <1> 
     4                              <1> BOOT_LOAD equ 0x7C00                        ; ブートプログラムのロード位置
     5                              <1> BOOT_END equ (BOOT_LOAD + BOOT_SIZE)
     6                              <1> 
     7                              <1> SECT_SIZE equ (512)                         ; セクタサイズ
     8                              <1> 
     9                              <1> BOOT_SECT equ (BOOT_SIZE / SECT_SIZE)       ; ブートプログラムのセクタ数
    10                              <1> KERNEL_SECT equ (KERNEL_SIZE / SECT_SIZE)
    11                              <1> 
    12                              <1> E820_RECORD_SIZE equ 20
    13                              <1> 
    14                              <1> KERNEL_LOAD equ 0x0010_1000
    15                              <1> 
     2                                  %include "../include/macro.s"
     1                              <1> %macro cdecl 1-*.nolist
     2                              <1> 
     3                              <1>     %rep %0 - 1
     4                              <1>         push %{-1:-1}
     5                              <1>         %rotate - 1
     6                              <1>     %endrep
     7                              <1>     %rotate - 1
     8                              <1> 
     9                              <1>         call %1
    10                              <1> 
    11                              <1>     %if 1 < %0
    12                              <1>         add sp, (__BITS__ >> 3) * (%0 - 1)
    13                              <1>     %endif
    14                              <1> 
    15                              <1> %endmacro
    16                              <1> 
    17                              <1> struc drive
    18 00000000 <res 00000002>      <1>     .no resw 1      ; ドライブ番号
    19 00000002 <res 00000002>      <1>     .cyln resw 1    ; シリンダ
    20 00000004 <res 00000002>      <1>     .head resw 1    ; ヘッド
    21 00000006 <res 00000002>      <1>     .sect resw 1    ; セクタ
    22                              <1> endstruc
     3                                  
     4                                      ORG KERNEL_LOAD                                             ; カーネルのロードアドレス
     5                                  
     6                                  [BITS 32]
     7                                  ;***********************************************************
     8                                  ; エントリポイント
     9                                  ;***********************************************************
    10                                  kernel:
    11                                      ;------------------------------------------
    12                                      ; 処理の終了
    13                                      ;------------------------------------------
    14 00000000 EBFE                        jmp $                                                       ; while (1); //無限ループ
    15                                  
    16                                  ;***********************************************************
    17                                  ; パディング
    18                                  ;***********************************************************
    19 00000002 00<rept>                    times KERNEL_SIZE - ($ - $$) db 0                           ; パディング
